{
"C:\\Users\\OSMOSE\\Desktop\\Filipe\\Master\\HighCharts-Gantt-Os06\\src\\js\\dist\\doom.worker.js":{"path":"C:\\Users\\OSMOSE\\Desktop\\Filipe\\Master\\HighCharts-Gantt-Os06\\src\\js\\dist\\doom.worker.js","s":{"1":1,"2":0,"3":0,"4":0,"5":0,"6":0,"7":0,"8":0,"9":0,"10":0,"11":0,"12":0,"13":0,"14":0,"15":0,"16":0,"17":0,"18":0,"19":0,"20":0,"21":0,"22":0,"23":0,"24":0,"25":0,"26":0,"27":0,"28":0,"29":0,"30":0,"31":0,"32":0,"33":0,"34":0,"35":0,"36":0,"37":0,"38":0,"39":0,"40":0,"41":0,"42":0,"43":0,"44":0,"45":0,"46":0,"47":0,"48":0,"49":0,"50":0,"51":0,"52":0,"53":0,"54":0,"55":0,"56":0,"57":0,"58":0,"59":0,"60":0,"61":0,"62":1,"63":1,"64":0,"65":0,"66":0,"67":0,"68":0,"69":0,"70":0,"71":0,"72":0},"b":{"1":[0,0],"2":[0,0],"3":[0,0],"4":[0,0],"5":[0,0],"6":[0,0],"7":[0,0],"8":[0,0],"9":[0,0],"10":[0,0]},"f":{"1":0,"2":0,"3":0,"4":0,"5":0,"6":0,"7":0,"8":0,"9":0,"10":0,"11":0,"12":0,"13":0,"14":0},"fnMap":{"1":{"name":"myWorker","line":1,"loc":{"start":{"line":1,"column":0},"end":{"line":1,"column":26}}},"2":{"name":"(anonymous_2)","line":17,"loc":{"start":{"line":17,"column":11},"end":{"line":17,"column":23}}},"3":{"name":"(anonymous_3)","line":22,"loc":{"start":{"line":22,"column":17},"end":{"line":22,"column":29}}},"4":{"name":"(anonymous_4)","line":29,"loc":{"start":{"line":29,"column":19},"end":{"line":29,"column":31}}},"5":{"name":"(anonymous_5)","line":73,"loc":{"start":{"line":73,"column":27},"end":{"line":73,"column":42}}},"6":{"name":"(anonymous_6)","line":74,"loc":{"start":{"line":74,"column":26},"end":{"line":74,"column":52}}},"7":{"name":"(anonymous_7)","line":77,"loc":{"start":{"line":77,"column":21},"end":{"line":77,"column":32}}},"8":{"name":"(anonymous_8)","line":91,"loc":{"start":{"line":91,"column":22},"end":{"line":91,"column":33}}},"9":{"name":"(anonymous_9)","line":99,"loc":{"start":{"line":99,"column":27},"end":{"line":99,"column":44}}},"10":{"name":"(anonymous_10)","line":101,"loc":{"start":{"line":101,"column":25},"end":{"line":101,"column":41}}},"11":{"name":"(anonymous_11)","line":109,"loc":{"start":{"line":109,"column":35},"end":{"line":109,"column":48}}},"12":{"name":"initWorker","line":135,"loc":{"start":{"line":135,"column":0},"end":{"line":135,"column":29}}},"13":{"name":"(anonymous_13)","line":162,"loc":{"start":{"line":162,"column":36},"end":{"line":162,"column":49}}},"14":{"name":"(anonymous_14)","line":166,"loc":{"start":{"line":166,"column":35},"end":{"line":166,"column":48}}}},"statementMap":{"1":{"start":{"line":1,"column":0},"end":{"line":130,"column":1}},"2":{"start":{"line":3,"column":2},"end":{"line":3,"column":43}},"3":{"start":{"line":8,"column":2},"end":{"line":106,"column":4}},"4":{"start":{"line":18,"column":6},"end":{"line":18,"column":68}},"5":{"start":{"line":19,"column":6},"end":{"line":19,"column":25}},"6":{"start":{"line":23,"column":6},"end":{"line":23,"column":59}},"7":{"start":{"line":25,"column":6},"end":{"line":25,"column":37}},"8":{"start":{"line":26,"column":6},"end":{"line":26,"column":39}},"9":{"start":{"line":29,"column":6},"end":{"line":67,"column":8}},"10":{"start":{"line":30,"column":8},"end":{"line":36,"column":9}},"11":{"start":{"line":31,"column":10},"end":{"line":31,"column":58}},"12":{"start":{"line":32,"column":10},"end":{"line":32,"column":79}},"13":{"start":{"line":33,"column":10},"end":{"line":33,"column":76}},"14":{"start":{"line":34,"column":10},"end":{"line":34,"column":31}},"15":{"start":{"line":35,"column":10},"end":{"line":35,"column":17}},"16":{"start":{"line":39,"column":8},"end":{"line":39,"column":17}},"17":{"start":{"line":40,"column":8},"end":{"line":50,"column":9}},"18":{"start":{"line":41,"column":10},"end":{"line":41,"column":46}},"19":{"start":{"line":43,"column":10},"end":{"line":43,"column":42}},"20":{"start":{"line":44,"column":10},"end":{"line":44,"column":47}},"21":{"start":{"line":46,"column":10},"end":{"line":46,"column":106}},"22":{"start":{"line":47,"column":10},"end":{"line":47,"column":103}},"23":{"start":{"line":48,"column":10},"end":{"line":48,"column":31}},"24":{"start":{"line":49,"column":10},"end":{"line":49,"column":17}},"25":{"start":{"line":51,"column":8},"end":{"line":51,"column":82}},"26":{"start":{"line":54,"column":8},"end":{"line":60,"column":9}},"27":{"start":{"line":55,"column":10},"end":{"line":55,"column":40}},"28":{"start":{"line":56,"column":10},"end":{"line":56,"column":68}},"29":{"start":{"line":58,"column":10},"end":{"line":58,"column":40}},"30":{"start":{"line":59,"column":10},"end":{"line":59,"column":66}},"31":{"start":{"line":62,"column":8},"end":{"line":62,"column":54}},"32":{"start":{"line":65,"column":8},"end":{"line":66,"column":59}},"33":{"start":{"line":66,"column":10},"end":{"line":66,"column":59}},"34":{"start":{"line":70,"column":6},"end":{"line":70,"column":17}},"35":{"start":{"line":74,"column":6},"end":{"line":96,"column":9}},"36":{"start":{"line":75,"column":8},"end":{"line":75,"column":39}},"37":{"start":{"line":76,"column":8},"end":{"line":76,"column":36}},"38":{"start":{"line":77,"column":8},"end":{"line":89,"column":10}},"39":{"start":{"line":78,"column":10},"end":{"line":81,"column":11}},"40":{"start":{"line":79,"column":12},"end":{"line":79,"column":83}},"41":{"start":{"line":80,"column":12},"end":{"line":80,"column":19}},"42":{"start":{"line":83,"column":10},"end":{"line":83,"column":50}},"43":{"start":{"line":85,"column":10},"end":{"line":88,"column":97}},"44":{"start":{"line":86,"column":12},"end":{"line":86,"column":43}},"45":{"start":{"line":88,"column":12},"end":{"line":88,"column":97}},"46":{"start":{"line":91,"column":8},"end":{"line":93,"column":10}},"47":{"start":{"line":92,"column":10},"end":{"line":92,"column":81}},"48":{"start":{"line":95,"column":8},"end":{"line":95,"column":19}},"49":{"start":{"line":100,"column":6},"end":{"line":103,"column":11}},"50":{"start":{"line":101,"column":8},"end":{"line":103,"column":11}},"51":{"start":{"line":109,"column":2},"end":{"line":126,"column":5}},"52":{"start":{"line":110,"column":4},"end":{"line":110,"column":25}},"53":{"start":{"line":112,"column":4},"end":{"line":112,"column":53}},"54":{"start":{"line":114,"column":4},"end":{"line":117,"column":5}},"55":{"start":{"line":115,"column":6},"end":{"line":115,"column":31}},"56":{"start":{"line":116,"column":6},"end":{"line":116,"column":66}},"57":{"start":{"line":119,"column":4},"end":{"line":122,"column":5}},"58":{"start":{"line":120,"column":6},"end":{"line":120,"column":30}},"59":{"start":{"line":121,"column":6},"end":{"line":121,"column":25}},"60":{"start":{"line":124,"column":4},"end":{"line":125,"column":38}},"61":{"start":{"line":125,"column":6},"end":{"line":125,"column":38}},"62":{"start":{"line":133,"column":0},"end":{"line":133,"column":11}},"63":{"start":{"line":135,"column":0},"end":{"line":172,"column":1}},"64":{"start":{"line":144,"column":2},"end":{"line":152,"column":50}},"65":{"start":{"line":154,"column":2},"end":{"line":154,"column":54}},"66":{"start":{"line":156,"column":2},"end":{"line":156,"column":69}},"67":{"start":{"line":158,"column":2},"end":{"line":158,"column":49}},"68":{"start":{"line":160,"column":2},"end":{"line":160,"column":31}},"69":{"start":{"line":162,"column":2},"end":{"line":164,"column":5}},"70":{"start":{"line":163,"column":4},"end":{"line":163,"column":52}},"71":{"start":{"line":166,"column":2},"end":{"line":168,"column":5}},"72":{"start":{"line":167,"column":4},"end":{"line":167,"column":52}}},"branchMap":{"1":{"line":11,"type":"binary-expr","locations":[{"start":{"line":11,"column":9},"end":{"line":11,"column":29}},{"start":{"line":11,"column":33},"end":{"line":11,"column":58}}]},"2":{"line":30,"type":"if","locations":[{"start":{"line":30,"column":8},"end":{"line":30,"column":8}},{"start":{"line":30,"column":8},"end":{"line":30,"column":8}}]},"3":{"line":54,"type":"if","locations":[{"start":{"line":54,"column":8},"end":{"line":54,"column":8}},{"start":{"line":54,"column":8},"end":{"line":54,"column":8}}]},"4":{"line":65,"type":"if","locations":[{"start":{"line":65,"column":8},"end":{"line":65,"column":8}},{"start":{"line":65,"column":8},"end":{"line":65,"column":8}}]},"5":{"line":78,"type":"if","locations":[{"start":{"line":78,"column":10},"end":{"line":78,"column":10}},{"start":{"line":78,"column":10},"end":{"line":78,"column":10}}]},"6":{"line":85,"type":"if","locations":[{"start":{"line":85,"column":10},"end":{"line":85,"column":10}},{"start":{"line":85,"column":10},"end":{"line":85,"column":10}}]},"7":{"line":100,"type":"if","locations":[{"start":{"line":100,"column":6},"end":{"line":100,"column":6}},{"start":{"line":100,"column":6},"end":{"line":100,"column":6}}]},"8":{"line":114,"type":"if","locations":[{"start":{"line":114,"column":4},"end":{"line":114,"column":4}},{"start":{"line":114,"column":4},"end":{"line":114,"column":4}}]},"9":{"line":119,"type":"if","locations":[{"start":{"line":119,"column":4},"end":{"line":119,"column":4}},{"start":{"line":119,"column":4},"end":{"line":119,"column":4}}]},"10":{"line":124,"type":"if","locations":[{"start":{"line":124,"column":4},"end":{"line":124,"column":4}},{"start":{"line":124,"column":4},"end":{"line":124,"column":4}}]}},"l":{"1":1,"3":0,"8":0,"18":0,"19":0,"23":0,"25":0,"26":0,"29":0,"30":0,"31":0,"32":0,"33":0,"34":0,"35":0,"39":0,"40":0,"41":0,"43":0,"44":0,"46":0,"47":0,"48":0,"49":0,"51":0,"54":0,"55":0,"56":0,"58":0,"59":0,"62":0,"65":0,"66":0,"70":0,"74":0,"75":0,"76":0,"77":0,"78":0,"79":0,"80":0,"83":0,"85":0,"86":0,"88":0,"91":0,"92":0,"95":0,"100":0,"101":0,"109":0,"110":0,"112":0,"114":0,"115":0,"116":0,"119":0,"120":0,"121":0,"124":0,"125":0,"133":1,"135":1,"144":0,"154":0,"156":0,"158":0,"160":0,"162":0,"163":0,"166":0,"167":0}},
"C:\\Users\\OSMOSE\\Desktop\\Filipe\\Master\\HighCharts-Gantt-Os06\\src\\js\\dist\\gantt-oris-service.worker.js":{"path":"C:\\Users\\OSMOSE\\Desktop\\Filipe\\Master\\HighCharts-Gantt-Os06\\src\\js\\dist\\gantt-oris-service.worker.js","s":{"1":1,"2":0,"3":1,"4":0,"5":0,"6":0,"7":0,"8":0,"9":0,"10":0,"11":0,"12":0,"13":0,"14":0,"15":0,"16":0,"17":0},"b":{"1":[0,0],"2":[0,0]},"f":{"1":0,"2":0,"3":0,"4":0,"5":0,"6":0,"7":0},"fnMap":{"1":{"name":"OrisServiceWorker","line":1,"loc":{"start":{"line":1,"column":0},"end":{"line":1,"column":29}}},"2":{"name":"(anonymous_2)","line":8,"loc":{"start":{"line":8,"column":7},"end":{"line":8,"column":22}}},"3":{"name":"(anonymous_3)","line":12,"loc":{"start":{"line":12,"column":24},"end":{"line":12,"column":51}}},"4":{"name":"(anonymous_4)","line":16,"loc":{"start":{"line":16,"column":19},"end":{"line":16,"column":31}}},"5":{"name":"(anonymous_5)","line":25,"loc":{"start":{"line":25,"column":20},"end":{"line":25,"column":32}}},"6":{"name":"(anonymous_6)","line":37,"loc":{"start":{"line":37,"column":11},"end":{"line":37,"column":26}}},"7":{"name":"(anonymous_7)","line":39,"loc":{"start":{"line":39,"column":12},"end":{"line":39,"column":31}}}},"statementMap":{"1":{"start":{"line":1,"column":0},"end":{"line":5,"column":1}},"2":{"start":{"line":2,"column":2},"end":{"line":4,"column":3}},"3":{"start":{"line":7,"column":0},"end":{"line":44,"column":2}},"4":{"start":{"line":9,"column":4},"end":{"line":10,"column":61}},"5":{"start":{"line":10,"column":6},"end":{"line":10,"column":61}},"6":{"start":{"line":12,"column":4},"end":{"line":29,"column":7}},"7":{"start":{"line":13,"column":6},"end":{"line":13,"column":37}},"8":{"start":{"line":14,"column":6},"end":{"line":14,"column":34}},"9":{"start":{"line":16,"column":6},"end":{"line":23,"column":8}},"10":{"start":{"line":18,"column":8},"end":{"line":20,"column":9}},"11":{"start":{"line":19,"column":10},"end":{"line":19,"column":75}},"12":{"start":{"line":22,"column":8},"end":{"line":22,"column":34}},"13":{"start":{"line":25,"column":6},"end":{"line":27,"column":8}},"14":{"start":{"line":26,"column":8},"end":{"line":26,"column":31}},"15":{"start":{"line":28,"column":6},"end":{"line":28,"column":17}},"16":{"start":{"line":38,"column":4},"end":{"line":41,"column":9}},"17":{"start":{"line":40,"column":8},"end":{"line":40,"column":36}}},"branchMap":{"1":{"line":9,"type":"if","locations":[{"start":{"line":9,"column":4},"end":{"line":9,"column":4}},{"start":{"line":9,"column":4},"end":{"line":9,"column":4}}]},"2":{"line":18,"type":"if","locations":[{"start":{"line":18,"column":8},"end":{"line":18,"column":8}},{"start":{"line":18,"column":8},"end":{"line":18,"column":8}}]}},"l":{"1":1,"2":0,"7":1,"9":0,"10":0,"12":0,"13":0,"14":0,"16":0,"18":0,"19":0,"22":0,"25":0,"26":0,"28":0,"38":0,"40":0}},
"C:\\Users\\OSMOSE\\Desktop\\Filipe\\Master\\HighCharts-Gantt-Os06\\src\\js\\dist\\no-proto-oris-data.model.js":{"path":"C:\\Users\\OSMOSE\\Desktop\\Filipe\\Master\\HighCharts-Gantt-Os06\\src\\js\\dist\\no-proto-oris-data.model.js","s":{"1":1,"2":0,"3":0,"4":0,"5":0,"6":0,"7":0,"8":0,"9":0,"10":0,"11":0,"12":0,"13":0,"14":0,"15":0,"16":0,"17":0,"18":0,"19":0,"20":0,"21":0,"22":0,"23":0,"24":0,"25":0,"26":0,"27":0,"28":0,"29":0,"30":0,"31":0,"32":0,"33":0,"34":0,"35":0,"36":0,"37":0,"38":0,"39":0,"40":0,"41":0,"42":0,"43":0,"44":0,"45":0,"46":0,"47":0,"48":0,"49":1,"50":0,"51":0,"52":0,"53":0,"54":0,"55":0,"56":0,"57":0},"b":{"1":[0,0],"2":[0,0],"3":[0,0],"4":[0,0,0,0,0,0,0],"5":[0,0],"6":[0,0],"7":[0,0,0],"8":[0,0],"9":[0,0],"10":[0,0],"11":[0,0],"12":[0,0],"13":[0,0],"14":[0,0],"15":[0,0],"16":[0,0],"17":[0,0],"18":[0,0]},"f":{"1":0,"2":0,"3":0,"4":0,"5":0,"6":0,"7":0,"8":0,"9":0,"10":0,"11":0,"12":0,"13":0,"14":0},"fnMap":{"1":{"name":"NoProtoOrisData","line":8,"loc":{"start":{"line":8,"column":0},"end":{"line":8,"column":33}}},"2":{"name":"(anonymous_2)","line":19,"loc":{"start":{"line":19,"column":15},"end":{"line":19,"column":27}}},"3":{"name":"(anonymous_3)","line":27,"loc":{"start":{"line":27,"column":19},"end":{"line":27,"column":31}}},"4":{"name":"(anonymous_4)","line":36,"loc":{"start":{"line":36,"column":25},"end":{"line":36,"column":37}}},"5":{"name":"(anonymous_5)","line":72,"loc":{"start":{"line":72,"column":18},"end":{"line":72,"column":30}}},"6":{"name":"(anonymous_6)","line":81,"loc":{"start":{"line":81,"column":24},"end":{"line":81,"column":36}}},"7":{"name":"(anonymous_7)","line":95,"loc":{"start":{"line":95,"column":16},"end":{"line":95,"column":28}}},"8":{"name":"(anonymous_8)","line":100,"loc":{"start":{"line":100,"column":22},"end":{"line":100,"column":34}}},"9":{"name":"(anonymous_9)","line":125,"loc":{"start":{"line":125,"column":21},"end":{"line":125,"column":33}}},"10":{"name":"(anonymous_10)","line":130,"loc":{"start":{"line":130,"column":27},"end":{"line":130,"column":39}}},"11":{"name":"(anonymous_11)","line":142,"loc":{"start":{"line":142,"column":15},"end":{"line":142,"column":27}}},"12":{"name":"(anonymous_12)","line":147,"loc":{"start":{"line":147,"column":21},"end":{"line":147,"column":33}}},"13":{"name":"isValidHexColor","line":180,"loc":{"start":{"line":180,"column":2},"end":{"line":180,"column":41}}},"14":{"name":"(anonymous_14)","line":184,"loc":{"start":{"line":184,"column":16},"end":{"line":184,"column":28}}}},"statementMap":{"1":{"start":{"line":8,"column":0},"end":{"line":194,"column":1}},"2":{"start":{"line":9,"column":2},"end":{"line":9,"column":22}},"3":{"start":{"line":10,"column":2},"end":{"line":10,"column":32}},"4":{"start":{"line":11,"column":2},"end":{"line":11,"column":29}},"5":{"start":{"line":12,"column":2},"end":{"line":12,"column":31}},"6":{"start":{"line":13,"column":2},"end":{"line":13,"column":28}},"7":{"start":{"line":14,"column":2},"end":{"line":14,"column":34}},"8":{"start":{"line":19,"column":2},"end":{"line":21,"column":4}},"9":{"start":{"line":20,"column":4},"end":{"line":20,"column":22}},"10":{"start":{"line":27,"column":2},"end":{"line":31,"column":4}},"11":{"start":{"line":28,"column":4},"end":{"line":30,"column":53}},"12":{"start":{"line":36,"column":2},"end":{"line":66,"column":4}},"13":{"start":{"line":37,"column":4},"end":{"line":38,"column":26}},"14":{"start":{"line":38,"column":6},"end":{"line":38,"column":26}},"15":{"start":{"line":40,"column":4},"end":{"line":42,"column":21}},"16":{"start":{"line":44,"column":4},"end":{"line":65,"column":5}},"17":{"start":{"line":46,"column":8},"end":{"line":46,"column":20}},"18":{"start":{"line":49,"column":8},"end":{"line":49,"column":20}},"19":{"start":{"line":52,"column":8},"end":{"line":52,"column":20}},"20":{"start":{"line":55,"column":8},"end":{"line":55,"column":21}},"21":{"start":{"line":58,"column":8},"end":{"line":58,"column":21}},"22":{"start":{"line":61,"column":8},"end":{"line":61,"column":21}},"23":{"start":{"line":64,"column":8},"end":{"line":64,"column":25}},"24":{"start":{"line":72,"column":2},"end":{"line":76,"column":4}},"25":{"start":{"line":73,"column":4},"end":{"line":75,"column":51}},"26":{"start":{"line":81,"column":2},"end":{"line":89,"column":4}},"27":{"start":{"line":82,"column":4},"end":{"line":83,"column":23}},"28":{"start":{"line":83,"column":6},"end":{"line":83,"column":23}},"29":{"start":{"line":86,"column":4},"end":{"line":86,"column":39}},"30":{"start":{"line":87,"column":4},"end":{"line":88,"column":18}},"31":{"start":{"line":95,"column":2},"end":{"line":99,"column":4}},"32":{"start":{"line":96,"column":4},"end":{"line":98,"column":47}},"33":{"start":{"line":100,"column":2},"end":{"line":119,"column":4}},"34":{"start":{"line":101,"column":4},"end":{"line":102,"column":24}},"35":{"start":{"line":102,"column":6},"end":{"line":102,"column":24}},"36":{"start":{"line":104,"column":4},"end":{"line":106,"column":18}},"37":{"start":{"line":125,"column":2},"end":{"line":129,"column":4}},"38":{"start":{"line":126,"column":4},"end":{"line":128,"column":56}},"39":{"start":{"line":130,"column":2},"end":{"line":136,"column":4}},"40":{"start":{"line":131,"column":4},"end":{"line":131,"column":35}},"41":{"start":{"line":133,"column":4},"end":{"line":135,"column":18}},"42":{"start":{"line":142,"column":2},"end":{"line":146,"column":4}},"43":{"start":{"line":143,"column":4},"end":{"line":145,"column":45}},"44":{"start":{"line":147,"column":2},"end":{"line":156,"column":4}},"45":{"start":{"line":148,"column":4},"end":{"line":149,"column":23}},"46":{"start":{"line":149,"column":6},"end":{"line":149,"column":23}},"47":{"start":{"line":151,"column":4},"end":{"line":153,"column":25}},"48":{"start":{"line":155,"column":4},"end":{"line":155,"column":66}},"49":{"start":{"line":180,"column":2},"end":{"line":182,"column":3}},"50":{"start":{"line":181,"column":4},"end":{"line":181,"column":86}},"51":{"start":{"line":184,"column":2},"end":{"line":190,"column":4}},"52":{"start":{"line":185,"column":4},"end":{"line":185,"column":21}},"53":{"start":{"line":186,"column":4},"end":{"line":186,"column":18}},"54":{"start":{"line":187,"column":4},"end":{"line":187,"column":20}},"55":{"start":{"line":188,"column":4},"end":{"line":188,"column":17}},"56":{"start":{"line":189,"column":4},"end":{"line":189,"column":23}},"57":{"start":{"line":193,"column":2},"end":{"line":193,"column":16}}},"branchMap":{"1":{"line":28,"type":"cond-expr","locations":[{"start":{"line":29,"column":8},"end":{"line":29,"column":25}},{"start":{"line":30,"column":9},"end":{"line":30,"column":51}}]},"2":{"line":37,"type":"if","locations":[{"start":{"line":37,"column":4},"end":{"line":37,"column":4}},{"start":{"line":37,"column":4},"end":{"line":37,"column":4}}]},"3":{"line":40,"type":"cond-expr","locations":[{"start":{"line":41,"column":8},"end":{"line":41,"column":34}},{"start":{"line":42,"column":8},"end":{"line":42,"column":20}}]},"4":{"line":44,"type":"switch","locations":[{"start":{"line":45,"column":6},"end":{"line":46,"column":20}},{"start":{"line":48,"column":6},"end":{"line":49,"column":20}},{"start":{"line":51,"column":6},"end":{"line":52,"column":20}},{"start":{"line":54,"column":6},"end":{"line":55,"column":21}},{"start":{"line":57,"column":6},"end":{"line":58,"column":21}},{"start":{"line":60,"column":6},"end":{"line":61,"column":21}},{"start":{"line":63,"column":6},"end":{"line":64,"column":25}}]},"5":{"line":73,"type":"cond-expr","locations":[{"start":{"line":74,"column":8},"end":{"line":74,"column":24}},{"start":{"line":75,"column":9},"end":{"line":75,"column":49}}]},"6":{"line":82,"type":"if","locations":[{"start":{"line":82,"column":4},"end":{"line":82,"column":4}},{"start":{"line":82,"column":4},"end":{"line":82,"column":4}}]},"7":{"line":82,"type":"binary-expr","locations":[{"start":{"line":82,"column":8},"end":{"line":82,"column":25}},{"start":{"line":82,"column":29},"end":{"line":82,"column":48}},{"start":{"line":82,"column":52},"end":{"line":82,"column":76}}]},"8":{"line":87,"type":"cond-expr","locations":[{"start":{"line":87,"column":30},"end":{"line":87,"column":34}},{"start":{"line":88,"column":8},"end":{"line":88,"column":17}}]},"9":{"line":96,"type":"cond-expr","locations":[{"start":{"line":97,"column":8},"end":{"line":97,"column":22}},{"start":{"line":98,"column":9},"end":{"line":98,"column":45}}]},"10":{"line":101,"type":"if","locations":[{"start":{"line":101,"column":4},"end":{"line":101,"column":4}},{"start":{"line":101,"column":4},"end":{"line":101,"column":4}}]},"11":{"line":104,"type":"cond-expr","locations":[{"start":{"line":105,"column":8},"end":{"line":105,"column":28}},{"start":{"line":106,"column":8},"end":{"line":106,"column":17}}]},"12":{"line":126,"type":"cond-expr","locations":[{"start":{"line":127,"column":8},"end":{"line":127,"column":27}},{"start":{"line":128,"column":9},"end":{"line":128,"column":55}}]},"13":{"line":133,"type":"cond-expr","locations":[{"start":{"line":134,"column":8},"end":{"line":134,"column":28}},{"start":{"line":135,"column":8},"end":{"line":135,"column":17}}]},"14":{"line":143,"type":"cond-expr","locations":[{"start":{"line":144,"column":8},"end":{"line":144,"column":21}},{"start":{"line":145,"column":9},"end":{"line":145,"column":43}}]},"15":{"line":148,"type":"if","locations":[{"start":{"line":148,"column":4},"end":{"line":148,"column":4}},{"start":{"line":148,"column":4},"end":{"line":148,"column":4}}]},"16":{"line":148,"type":"binary-expr","locations":[{"start":{"line":148,"column":8},"end":{"line":148,"column":19}},{"start":{"line":148,"column":23},"end":{"line":148,"column":52}}]},"17":{"line":151,"type":"cond-expr","locations":[{"start":{"line":152,"column":8},"end":{"line":152,"column":18}},{"start":{"line":153,"column":9},"end":{"line":153,"column":23}}]},"18":{"line":155,"type":"cond-expr","locations":[{"start":{"line":155,"column":43},"end":{"line":155,"column":53}},{"start":{"line":155,"column":56},"end":{"line":155,"column":65}}]}},"l":{"8":1,"9":0,"10":0,"11":0,"12":0,"13":0,"14":0,"19":0,"20":0,"27":0,"28":0,"36":0,"37":0,"38":0,"40":0,"44":0,"46":0,"49":0,"52":0,"55":0,"58":0,"61":0,"64":0,"72":0,"73":0,"81":0,"82":0,"83":0,"86":0,"87":0,"95":0,"96":0,"100":0,"101":0,"102":0,"104":0,"125":0,"126":0,"130":0,"131":0,"133":0,"142":0,"143":0,"147":0,"148":0,"149":0,"151":0,"155":0,"180":1,"181":0,"184":0,"185":0,"186":0,"187":0,"188":0,"189":0,"193":0}},
"C:\\Users\\OSMOSE\\Desktop\\Filipe\\Master\\HighCharts-Gantt-Os06\\src\\js\\index.js":{"path":"C:\\Users\\OSMOSE\\Desktop\\Filipe\\Master\\HighCharts-Gantt-Os06\\src\\js\\index.js","s":{"1":1,"2":5,"3":0},"b":{"1":[0,5]},"f":{"1":5},"fnMap":{"1":{"name":"(anonymous_1)","line":13,"loc":{"start":{"line":13,"column":33},"end":{"line":13,"column":46}}}},"statementMap":{"1":{"start":{"line":13,"column":0},"end":{"line":17,"column":3}},"2":{"start":{"line":14,"column":2},"end":{"line":16,"column":3}},"3":{"start":{"line":15,"column":4},"end":{"line":15,"column":66}}},"branchMap":{"1":{"line":14,"type":"if","locations":[{"start":{"line":14,"column":2},"end":{"line":14,"column":2}},{"start":{"line":14,"column":2},"end":{"line":14,"column":2}}]}},"l":{"13":1,"14":5,"15":0}},
"C:\\Users\\OSMOSE\\Desktop\\Filipe\\Master\\HighCharts-Gantt-Os06\\src\\js\\models\\oris-data.model.js":{"path":"C:\\Users\\OSMOSE\\Desktop\\Filipe\\Master\\HighCharts-Gantt-Os06\\src\\js\\models\\oris-data.model.js","s":{"1":1,"2":282,"3":282,"4":282,"5":282,"6":282,"7":282,"8":282,"9":282,"10":282,"11":282,"12":282,"13":282,"14":282,"15":1,"16":1193,"17":1,"18":138,"19":1,"20":339,"21":1,"22":319,"23":2,"24":317,"25":317,"26":317,"27":4,"28":4,"29":1,"30":1,"31":1,"32":1,"33":0,"34":0,"35":10,"36":10,"37":1,"38":1,"39":2,"40":2,"41":0,"42":0,"43":298,"44":19,"45":1,"46":338,"47":1,"48":319,"49":294,"50":25,"51":25,"52":1,"53":634,"54":1,"55":579,"56":1,"57":578,"58":1,"59":362,"60":1,"61":318,"62":318,"63":1,"64":339,"65":1,"66":337,"67":241,"68":96,"69":96,"70":1,"71":96},"b":{"1":[20,118],"2":[138,119,119],"3":[20,319],"4":[2,317],"5":[98,219],"6":[4,1,1,0,10,1,2,0,298],"7":[19,319],"8":[294,25],"9":[319,32,25],"10":[0,25],"11":[55,579],"12":[1,578],"13":[42,536],"14":[578,567],"15":[44,318],"16":[43,275],"17":[2,337],"18":[241,96],"19":[337,116],"20":[2,94],"21":[2,94]},"f":{"1":282,"2":282,"3":1193,"4":138,"5":339,"6":319,"7":338,"8":319,"9":634,"10":579,"11":362,"12":318,"13":339,"14":337,"15":96},"fnMap":{"1":{"name":"OrisData","line":15,"loc":{"start":{"line":15,"column":0},"end":{"line":15,"column":26}}},"2":{"name":"(anonymous_2)","line":23,"loc":{"start":{"line":23,"column":16},"end":{"line":23,"column":28}}},"3":{"name":"(anonymous_3)","line":38,"loc":{"start":{"line":38,"column":27},"end":{"line":38,"column":39}}},"4":{"name":"(anonymous_4)","line":47,"loc":{"start":{"line":47,"column":30},"end":{"line":47,"column":42}}},"5":{"name":"(anonymous_5)","line":55,"loc":{"start":{"line":55,"column":31},"end":{"line":55,"column":43}}},"6":{"name":"(anonymous_6)","line":64,"loc":{"start":{"line":64,"column":37},"end":{"line":64,"column":49}}},"7":{"name":"(anonymous_7)","line":113,"loc":{"start":{"line":113,"column":30},"end":{"line":113,"column":42}}},"8":{"name":"(anonymous_8)","line":122,"loc":{"start":{"line":122,"column":36},"end":{"line":122,"column":48}}},"9":{"name":"(anonymous_9)","line":136,"loc":{"start":{"line":136,"column":34},"end":{"line":136,"column":46}}},"10":{"name":"(anonymous_10)","line":141,"loc":{"start":{"line":141,"column":34},"end":{"line":141,"column":46}}},"11":{"name":"(anonymous_11)","line":166,"loc":{"start":{"line":166,"column":33},"end":{"line":166,"column":45}}},"12":{"name":"(anonymous_12)","line":171,"loc":{"start":{"line":171,"column":39},"end":{"line":171,"column":51}}},"13":{"name":"(anonymous_13)","line":183,"loc":{"start":{"line":183,"column":27},"end":{"line":183,"column":39}}},"14":{"name":"(anonymous_14)","line":188,"loc":{"start":{"line":188,"column":33},"end":{"line":188,"column":45}}},"15":{"name":"isValidHexColor","line":221,"loc":{"start":{"line":221,"column":0},"end":{"line":221,"column":39}}}},"statementMap":{"1":{"start":{"line":15,"column":0},"end":{"line":33,"column":1}},"2":{"start":{"line":16,"column":2},"end":{"line":16,"column":22}},"3":{"start":{"line":17,"column":2},"end":{"line":17,"column":32}},"4":{"start":{"line":18,"column":2},"end":{"line":18,"column":29}},"5":{"start":{"line":19,"column":2},"end":{"line":19,"column":31}},"6":{"start":{"line":20,"column":2},"end":{"line":20,"column":28}},"7":{"start":{"line":21,"column":2},"end":{"line":21,"column":34}},"8":{"start":{"line":23,"column":2},"end":{"line":29,"column":4}},"9":{"start":{"line":24,"column":4},"end":{"line":24,"column":21}},"10":{"start":{"line":25,"column":4},"end":{"line":25,"column":24}},"11":{"start":{"line":26,"column":4},"end":{"line":26,"column":20}},"12":{"start":{"line":27,"column":4},"end":{"line":27,"column":17}},"13":{"start":{"line":28,"column":4},"end":{"line":28,"column":23}},"14":{"start":{"line":32,"column":2},"end":{"line":32,"column":16}},"15":{"start":{"line":38,"column":0},"end":{"line":40,"column":2}},"16":{"start":{"line":39,"column":2},"end":{"line":39,"column":20}},"17":{"start":{"line":47,"column":0},"end":{"line":49,"column":2}},"18":{"start":{"line":48,"column":2},"end":{"line":48,"column":98}},"19":{"start":{"line":55,"column":0},"end":{"line":59,"column":2}},"20":{"start":{"line":56,"column":2},"end":{"line":58,"column":51}},"21":{"start":{"line":64,"column":0},"end":{"line":107,"column":2}},"22":{"start":{"line":65,"column":2},"end":{"line":66,"column":24}},"23":{"start":{"line":66,"column":4},"end":{"line":66,"column":24}},"24":{"start":{"line":68,"column":2},"end":{"line":70,"column":27}},"25":{"start":{"line":73,"column":2},"end":{"line":73,"column":27}},"26":{"start":{"line":75,"column":2},"end":{"line":104,"column":3}},"27":{"start":{"line":77,"column":6},"end":{"line":77,"column":22}},"28":{"start":{"line":78,"column":6},"end":{"line":78,"column":12}},"29":{"start":{"line":80,"column":6},"end":{"line":80,"column":22}},"30":{"start":{"line":81,"column":6},"end":{"line":81,"column":12}},"31":{"start":{"line":83,"column":6},"end":{"line":83,"column":22}},"32":{"start":{"line":84,"column":6},"end":{"line":84,"column":12}},"33":{"start":{"line":86,"column":6},"end":{"line":86,"column":22}},"34":{"start":{"line":87,"column":6},"end":{"line":87,"column":12}},"35":{"start":{"line":90,"column":6},"end":{"line":90,"column":23}},"36":{"start":{"line":91,"column":6},"end":{"line":91,"column":12}},"37":{"start":{"line":93,"column":6},"end":{"line":93,"column":23}},"38":{"start":{"line":94,"column":6},"end":{"line":94,"column":12}},"39":{"start":{"line":96,"column":6},"end":{"line":96,"column":23}},"40":{"start":{"line":97,"column":6},"end":{"line":97,"column":12}},"41":{"start":{"line":99,"column":6},"end":{"line":99,"column":23}},"42":{"start":{"line":100,"column":6},"end":{"line":100,"column":12}},"43":{"start":{"line":103,"column":6},"end":{"line":103,"column":23}},"44":{"start":{"line":106,"column":2},"end":{"line":106,"column":18}},"45":{"start":{"line":113,"column":0},"end":{"line":117,"column":2}},"46":{"start":{"line":114,"column":2},"end":{"line":116,"column":49}},"47":{"start":{"line":122,"column":0},"end":{"line":130,"column":2}},"48":{"start":{"line":123,"column":2},"end":{"line":124,"column":21}},"49":{"start":{"line":124,"column":4},"end":{"line":124,"column":21}},"50":{"start":{"line":127,"column":2},"end":{"line":127,"column":37}},"51":{"start":{"line":128,"column":2},"end":{"line":129,"column":38}},"52":{"start":{"line":136,"column":0},"end":{"line":140,"column":2}},"53":{"start":{"line":137,"column":2},"end":{"line":139,"column":45}},"54":{"start":{"line":141,"column":0},"end":{"line":160,"column":2}},"55":{"start":{"line":142,"column":2},"end":{"line":143,"column":22}},"56":{"start":{"line":143,"column":4},"end":{"line":143,"column":22}},"57":{"start":{"line":145,"column":2},"end":{"line":147,"column":16}},"58":{"start":{"line":166,"column":0},"end":{"line":170,"column":2}},"59":{"start":{"line":167,"column":2},"end":{"line":169,"column":54}},"60":{"start":{"line":171,"column":0},"end":{"line":177,"column":2}},"61":{"start":{"line":172,"column":2},"end":{"line":172,"column":39}},"62":{"start":{"line":174,"column":2},"end":{"line":176,"column":16}},"63":{"start":{"line":183,"column":0},"end":{"line":187,"column":2}},"64":{"start":{"line":184,"column":2},"end":{"line":186,"column":43}},"65":{"start":{"line":188,"column":0},"end":{"line":197,"column":2}},"66":{"start":{"line":189,"column":2},"end":{"line":190,"column":21}},"67":{"start":{"line":190,"column":4},"end":{"line":190,"column":21}},"68":{"start":{"line":192,"column":2},"end":{"line":194,"column":23}},"69":{"start":{"line":196,"column":2},"end":{"line":196,"column":64}},"70":{"start":{"line":221,"column":0},"end":{"line":223,"column":1}},"71":{"start":{"line":222,"column":2},"end":{"line":222,"column":84}}},"branchMap":{"1":{"line":48,"type":"cond-expr","locations":[{"start":{"line":48,"column":69},"end":{"line":48,"column":84}},{"start":{"line":48,"column":88},"end":{"line":48,"column":97}}]},"2":{"line":48,"type":"binary-expr","locations":[{"start":{"line":48,"column":10},"end":{"line":48,"column":20}},{"start":{"line":48,"column":24},"end":{"line":48,"column":44}},{"start":{"line":48,"column":48},"end":{"line":48,"column":64}}]},"3":{"line":56,"type":"cond-expr","locations":[{"start":{"line":57,"column":6},"end":{"line":57,"column":23}},{"start":{"line":58,"column":7},"end":{"line":58,"column":49}}]},"4":{"line":65,"type":"if","locations":[{"start":{"line":65,"column":2},"end":{"line":65,"column":2}},{"start":{"line":65,"column":2},"end":{"line":65,"column":2}}]},"5":{"line":68,"type":"cond-expr","locations":[{"start":{"line":69,"column":14},"end":{"line":69,"column":40}},{"start":{"line":70,"column":14},"end":{"line":70,"column":26}}]},"6":{"line":75,"type":"switch","locations":[{"start":{"line":76,"column":4},"end":{"line":78,"column":12}},{"start":{"line":79,"column":4},"end":{"line":81,"column":12}},{"start":{"line":82,"column":4},"end":{"line":84,"column":12}},{"start":{"line":85,"column":4},"end":{"line":87,"column":12}},{"start":{"line":89,"column":4},"end":{"line":91,"column":12}},{"start":{"line":92,"column":4},"end":{"line":94,"column":12}},{"start":{"line":95,"column":4},"end":{"line":97,"column":12}},{"start":{"line":98,"column":4},"end":{"line":100,"column":12}},{"start":{"line":102,"column":4},"end":{"line":103,"column":23}}]},"7":{"line":114,"type":"cond-expr","locations":[{"start":{"line":115,"column":6},"end":{"line":115,"column":22}},{"start":{"line":116,"column":7},"end":{"line":116,"column":47}}]},"8":{"line":123,"type":"if","locations":[{"start":{"line":123,"column":2},"end":{"line":123,"column":2}},{"start":{"line":123,"column":2},"end":{"line":123,"column":2}}]},"9":{"line":123,"type":"binary-expr","locations":[{"start":{"line":123,"column":6},"end":{"line":123,"column":23}},{"start":{"line":123,"column":27},"end":{"line":123,"column":46}},{"start":{"line":123,"column":50},"end":{"line":123,"column":74}}]},"10":{"line":128,"type":"cond-expr","locations":[{"start":{"line":128,"column":28},"end":{"line":128,"column":37}},{"start":{"line":129,"column":28},"end":{"line":129,"column":37}}]},"11":{"line":137,"type":"cond-expr","locations":[{"start":{"line":138,"column":6},"end":{"line":138,"column":20}},{"start":{"line":139,"column":7},"end":{"line":139,"column":43}}]},"12":{"line":142,"type":"if","locations":[{"start":{"line":142,"column":2},"end":{"line":142,"column":2}},{"start":{"line":142,"column":2},"end":{"line":142,"column":2}}]},"13":{"line":145,"type":"cond-expr","locations":[{"start":{"line":146,"column":6},"end":{"line":146,"column":26}},{"start":{"line":147,"column":6},"end":{"line":147,"column":15}}]},"14":{"line":145,"type":"binary-expr","locations":[{"start":{"line":145,"column":10},"end":{"line":145,"column":40}},{"start":{"line":145,"column":44},"end":{"line":145,"column":72}}]},"15":{"line":167,"type":"cond-expr","locations":[{"start":{"line":168,"column":6},"end":{"line":168,"column":25}},{"start":{"line":169,"column":7},"end":{"line":169,"column":53}}]},"16":{"line":174,"type":"cond-expr","locations":[{"start":{"line":175,"column":6},"end":{"line":175,"column":26}},{"start":{"line":176,"column":6},"end":{"line":176,"column":15}}]},"17":{"line":184,"type":"cond-expr","locations":[{"start":{"line":185,"column":6},"end":{"line":185,"column":19}},{"start":{"line":186,"column":7},"end":{"line":186,"column":41}}]},"18":{"line":189,"type":"if","locations":[{"start":{"line":189,"column":2},"end":{"line":189,"column":2}},{"start":{"line":189,"column":2},"end":{"line":189,"column":2}}]},"19":{"line":189,"type":"binary-expr","locations":[{"start":{"line":189,"column":6},"end":{"line":189,"column":17}},{"start":{"line":189,"column":21},"end":{"line":189,"column":50}}]},"20":{"line":192,"type":"cond-expr","locations":[{"start":{"line":193,"column":6},"end":{"line":193,"column":16}},{"start":{"line":194,"column":7},"end":{"line":194,"column":21}}]},"21":{"line":196,"type":"cond-expr","locations":[{"start":{"line":196,"column":41},"end":{"line":196,"column":51}},{"start":{"line":196,"column":54},"end":{"line":196,"column":63}}]}},"l":{"15":1,"16":282,"17":282,"18":282,"19":282,"20":282,"21":282,"23":282,"24":282,"25":282,"26":282,"27":282,"28":282,"32":282,"38":1,"39":1193,"47":1,"48":138,"55":1,"56":339,"64":1,"65":319,"66":2,"68":317,"73":317,"75":317,"77":4,"78":4,"80":1,"81":1,"83":1,"84":1,"86":0,"87":0,"90":10,"91":10,"93":1,"94":1,"96":2,"97":2,"99":0,"100":0,"103":298,"106":19,"113":1,"114":338,"122":1,"123":319,"124":294,"127":25,"128":25,"136":1,"137":634,"141":1,"142":579,"143":1,"145":578,"166":1,"167":362,"171":1,"172":318,"174":318,"183":1,"184":339,"188":1,"189":337,"190":241,"192":96,"196":96,"221":1,"222":96}},
"C:\\Users\\OSMOSE\\Desktop\\Filipe\\Master\\HighCharts-Gantt-Os06\\src\\js\\models\\oris-gantt-task.model.js":{"path":"C:\\Users\\OSMOSE\\Desktop\\Filipe\\Master\\HighCharts-Gantt-Os06\\src\\js\\models\\oris-gantt-task.model.js","s":{"1":1,"2":23,"3":0,"4":23,"5":23,"6":23,"7":23,"8":23,"9":23,"10":253,"11":253,"12":253,"13":253,"14":253,"15":253,"16":253,"17":253,"18":253,"19":23,"20":23,"21":23,"22":1,"23":23,"24":23,"25":3,"26":20,"27":20,"28":20,"29":1,"30":0,"31":1,"32":3},"b":{"1":[0,23],"2":[3,20],"3":[23,19,13,8,8,6,2,0,4,2,1]},"f":{"1":23,"2":23,"3":0,"4":3},"fnMap":{"1":{"name":"OrisGanttTask","line":19,"loc":{"start":{"line":19,"column":0},"end":{"line":19,"column":46}}},"2":{"name":"(anonymous_2)","line":83,"loc":{"start":{"line":83,"column":38},"end":{"line":83,"column":50}}},"3":{"name":"(anonymous_3)","line":112,"loc":{"start":{"line":112,"column":30},"end":{"line":112,"column":45}}},"4":{"name":"(anonymous_4)","line":115,"loc":{"start":{"line":115,"column":33},"end":{"line":115,"column":48}}}},"statementMap":{"1":{"start":{"line":19,"column":0},"end":{"line":73,"column":1}},"2":{"start":{"line":20,"column":2},"end":{"line":21,"column":70}},"3":{"start":{"line":21,"column":4},"end":{"line":21,"column":70}},"4":{"start":{"line":24,"column":2},"end":{"line":26,"column":70}},"5":{"start":{"line":29,"column":2},"end":{"line":29,"column":27}},"6":{"start":{"line":31,"column":2},"end":{"line":31,"column":32}},"7":{"start":{"line":33,"column":2},"end":{"line":33,"column":24}},"8":{"start":{"line":42,"column":2},"end":{"line":43,"column":25}},"9":{"start":{"line":46,"column":2},"end":{"line":68,"column":3}},"10":{"start":{"line":47,"column":4},"end":{"line":47,"column":27}},"11":{"start":{"line":49,"column":4},"end":{"line":49,"column":45}},"12":{"start":{"line":51,"column":4},"end":{"line":51,"column":146}},"13":{"start":{"line":56,"column":4},"end":{"line":56,"column":99}},"14":{"start":{"line":59,"column":4},"end":{"line":59,"column":141}},"15":{"start":{"line":62,"column":4},"end":{"line":62,"column":75}},"16":{"start":{"line":63,"column":4},"end":{"line":63,"column":145}},"17":{"start":{"line":66,"column":4},"end":{"line":66,"column":103}},"18":{"start":{"line":67,"column":4},"end":{"line":67,"column":114}},"19":{"start":{"line":70,"column":2},"end":{"line":70,"column":63}},"20":{"start":{"line":71,"column":2},"end":{"line":71,"column":73}},"21":{"start":{"line":72,"column":2},"end":{"line":72,"column":58}},"22":{"start":{"line":83,"column":0},"end":{"line":110,"column":2}},"23":{"start":{"line":84,"column":2},"end":{"line":87,"column":48}},"24":{"start":{"line":96,"column":2},"end":{"line":99,"column":16}},"25":{"start":{"line":99,"column":4},"end":{"line":99,"column":16}},"26":{"start":{"line":101,"column":2},"end":{"line":101,"column":67}},"27":{"start":{"line":102,"column":2},"end":{"line":108,"column":4}},"28":{"start":{"line":109,"column":2},"end":{"line":109,"column":15}},"29":{"start":{"line":112,"column":0},"end":{"line":114,"column":2}},"30":{"start":{"line":113,"column":2},"end":{"line":113,"column":31}},"31":{"start":{"line":115,"column":0},"end":{"line":117,"column":2}},"32":{"start":{"line":116,"column":2},"end":{"line":116,"column":34}}},"branchMap":{"1":{"line":20,"type":"if","locations":[{"start":{"line":20,"column":2},"end":{"line":20,"column":2}},{"start":{"line":20,"column":2},"end":{"line":20,"column":2}}]},"2":{"line":96,"type":"if","locations":[{"start":{"line":96,"column":2},"end":{"line":96,"column":2}},{"start":{"line":96,"column":2},"end":{"line":96,"column":2}}]},"3":{"line":96,"type":"binary-expr","locations":[{"start":{"line":96,"column":6},"end":{"line":96,"column":8}},{"start":{"line":96,"column":12},"end":{"line":96,"column":17}},{"start":{"line":97,"column":10},"end":{"line":97,"column":13}},{"start":{"line":97,"column":17},"end":{"line":97,"column":26}},{"start":{"line":97,"column":31},"end":{"line":97,"column":42}},{"start":{"line":97,"column":48},"end":{"line":97,"column":85}},{"start":{"line":97,"column":89},"end":{"line":97,"column":98}},{"start":{"line":97,"column":102},"end":{"line":97,"column":114}},{"start":{"line":98,"column":8},"end":{"line":98,"column":20}},{"start":{"line":98,"column":25},"end":{"line":98,"column":29}},{"start":{"line":98,"column":33},"end":{"line":98,"column":42}}]}},"l":{"19":1,"20":23,"21":0,"24":23,"29":23,"31":23,"33":23,"42":23,"46":23,"47":253,"49":253,"51":253,"56":253,"59":253,"62":253,"63":253,"66":253,"67":253,"70":23,"71":23,"72":23,"83":1,"84":23,"96":23,"99":3,"101":20,"102":20,"109":20,"112":1,"113":0,"115":1,"116":3}},
"C:\\Users\\OSMOSE\\Desktop\\Filipe\\Master\\HighCharts-Gantt-Os06\\src\\js\\utils\\exceptions.js":{"path":"C:\\Users\\OSMOSE\\Desktop\\Filipe\\Master\\HighCharts-Gantt-Os06\\src\\js\\utils\\exceptions.js","s":{"1":1,"2":13,"3":13,"4":13,"5":3,"6":5,"7":3,"8":2,"9":0,"10":0,"11":0},"b":{"1":[13,5]},"f":{"1":13,"2":3,"3":5,"4":3,"5":2,"6":0,"7":0,"8":0},"fnMap":{"1":{"name":"(anonymous_1)","line":18,"loc":{"start":{"line":18,"column":20},"end":{"line":18,"column":56}}},"2":{"name":"(anonymous_2)","line":34,"loc":{"start":{"line":34,"column":29},"end":{"line":34,"column":44}}},"3":{"name":"(anonymous_3)","line":50,"loc":{"start":{"line":50,"column":29},"end":{"line":50,"column":44}}},"4":{"name":"(anonymous_4)","line":69,"loc":{"start":{"line":69,"column":27},"end":{"line":69,"column":42}}},"5":{"name":"(anonymous_5)","line":87,"loc":{"start":{"line":87,"column":35},"end":{"line":87,"column":50}}},"6":{"name":"(anonymous_6)","line":99,"loc":{"start":{"line":99,"column":26},"end":{"line":99,"column":41}}},"7":{"name":"(anonymous_7)","line":115,"loc":{"start":{"line":115,"column":29},"end":{"line":115,"column":44}}},"8":{"name":"(anonymous_8)","line":122,"loc":{"start":{"line":122,"column":30},"end":{"line":122,"column":45}}}},"statementMap":{"1":{"start":{"line":1,"column":0},"end":{"line":128,"column":2}},"2":{"start":{"line":19,"column":4},"end":{"line":19,"column":22}},"3":{"start":{"line":20,"column":4},"end":{"line":20,"column":36}},"4":{"start":{"line":21,"column":4},"end":{"line":21,"column":36}},"5":{"start":{"line":35,"column":4},"end":{"line":38,"column":11}},"6":{"start":{"line":51,"column":4},"end":{"line":54,"column":11}},"7":{"start":{"line":70,"column":4},"end":{"line":73,"column":11}},"8":{"start":{"line":88,"column":4},"end":{"line":91,"column":11}},"9":{"start":{"line":100,"column":4},"end":{"line":103,"column":11}},"10":{"start":{"line":116,"column":4},"end":{"line":119,"column":11}},"11":{"start":{"line":123,"column":4},"end":{"line":126,"column":11}}},"branchMap":{"1":{"line":21,"type":"binary-expr","locations":[{"start":{"line":21,"column":19},"end":{"line":21,"column":23}},{"start":{"line":21,"column":26},"end":{"line":21,"column":35}}]}},"l":{"1":1,"19":13,"20":13,"21":13,"35":3,"51":5,"70":3,"88":2,"100":0,"116":0,"123":0}},
"C:\\Users\\OSMOSE\\Desktop\\Filipe\\Master\\HighCharts-Gantt-Os06\\src\\js\\utils\\logger-module.js":{"path":"C:\\Users\\OSMOSE\\Desktop\\Filipe\\Master\\HighCharts-Gantt-Os06\\src\\js\\utils\\logger-module.js","s":{"1":1,"2":1,"3":24,"4":24,"5":24,"6":24,"7":24},"b":{"1":[1,23],"2":[24,23],"3":[1,23],"4":[24,23,23],"5":[1,23],"6":[24,23,23,23],"7":[1,23],"8":[24,23,23,23,23]},"f":{"1":1,"2":24,"3":1338,"4":40,"5":20,"6":22},"fnMap":{"1":{"name":"(anonymous_1)","line":12,"loc":{"start":{"line":12,"column":20},"end":{"line":12,"column":32}}},"2":{"name":"(anonymous_2)","line":18,"loc":{"start":{"line":18,"column":14},"end":{"line":18,"column":29}}},"3":{"name":"(anonymous_3)","line":19,"loc":{"start":{"line":19,"column":67},"end":{"line":19,"column":79}}},"4":{"name":"(anonymous_4)","line":20,"loc":{"start":{"line":20,"column":88},"end":{"line":20,"column":100}}},"5":{"name":"(anonymous_5)","line":21,"loc":{"start":{"line":21,"column":108},"end":{"line":21,"column":120}}},"6":{"name":"(anonymous_6)","line":22,"loc":{"start":{"line":22,"column":129},"end":{"line":22,"column":141}}}},"statementMap":{"1":{"start":{"line":12,"column":0},"end":{"line":26,"column":5}},"2":{"start":{"line":13,"column":2},"end":{"line":25,"column":3}},"3":{"start":{"line":19,"column":6},"end":{"line":19,"column":82}},"4":{"start":{"line":20,"column":6},"end":{"line":20,"column":103}},"5":{"start":{"line":21,"column":6},"end":{"line":21,"column":123}},"6":{"start":{"line":22,"column":6},"end":{"line":22,"column":144}},"7":{"start":{"line":23,"column":6},"end":{"line":23,"column":18}}},"branchMap":{"1":{"line":19,"type":"cond-expr","locations":[{"start":{"line":19,"column":53},"end":{"line":19,"column":64}},{"start":{"line":19,"column":67},"end":{"line":19,"column":81}}]},"2":{"line":19,"type":"binary-expr","locations":[{"start":{"line":19,"column":18},"end":{"line":19,"column":31}},{"start":{"line":19,"column":35},"end":{"line":19,"column":49}}]},"3":{"line":20,"type":"cond-expr","locations":[{"start":{"line":20,"column":73},"end":{"line":20,"column":85}},{"start":{"line":20,"column":88},"end":{"line":20,"column":102}}]},"4":{"line":20,"type":"binary-expr","locations":[{"start":{"line":20,"column":19},"end":{"line":20,"column":32}},{"start":{"line":20,"column":36},"end":{"line":20,"column":50}},{"start":{"line":20,"column":54},"end":{"line":20,"column":69}}]},"5":{"line":21,"type":"cond-expr","locations":[{"start":{"line":21,"column":93},"end":{"line":21,"column":105}},{"start":{"line":21,"column":108},"end":{"line":21,"column":122}}]},"6":{"line":21,"type":"binary-expr","locations":[{"start":{"line":21,"column":19},"end":{"line":21,"column":32}},{"start":{"line":21,"column":37},"end":{"line":21,"column":51}},{"start":{"line":21,"column":55},"end":{"line":21,"column":70}},{"start":{"line":21,"column":74},"end":{"line":21,"column":89}}]},"7":{"line":22,"type":"cond-expr","locations":[{"start":{"line":22,"column":113},"end":{"line":22,"column":126}},{"start":{"line":22,"column":129},"end":{"line":22,"column":143}}]},"8":{"line":22,"type":"binary-expr","locations":[{"start":{"line":22,"column":20},"end":{"line":22,"column":33}},{"start":{"line":22,"column":37},"end":{"line":22,"column":51}},{"start":{"line":22,"column":55},"end":{"line":22,"column":70}},{"start":{"line":22,"column":74},"end":{"line":22,"column":89}},{"start":{"line":22,"column":93},"end":{"line":22,"column":109}}]}},"l":{"12":1,"13":1,"19":24,"20":24,"21":24,"22":24,"23":24}},
"C:\\Users\\OSMOSE\\Desktop\\Filipe\\Master\\HighCharts-Gantt-Os06\\src\\js\\utils\\parametres-url-oris.js":{"path":"C:\\Users\\OSMOSE\\Desktop\\Filipe\\Master\\HighCharts-Gantt-Os06\\src\\js\\utils\\parametres-url-oris.js","s":{"1":1,"2":5,"3":5,"4":5,"5":5,"6":5,"7":5,"8":5,"9":5,"10":5,"11":5,"12":5,"13":4,"14":0,"15":4,"16":4,"17":4,"18":5,"19":4,"20":1,"21":4,"22":4,"23":25,"24":21,"25":4,"26":1,"27":5,"28":5,"29":5,"30":5,"31":0,"32":1,"33":5,"34":5,"35":0,"36":5,"37":5,"38":1,"39":2},"b":{"1":[0,4],"2":[21,4],"3":[25,25,25],"4":[5,0],"5":[5,5],"6":[0,5]},"f":{"1":5,"2":5,"3":5,"4":4,"5":4,"6":4,"7":5,"8":5,"9":2},"fnMap":{"1":{"name":"ParametresUrlOris","line":22,"loc":{"start":{"line":22,"column":0},"end":{"line":22,"column":71}}},"2":{"name":"(anonymous_2)","line":96,"loc":{"start":{"line":96,"column":15},"end":{"line":96,"column":34}}},"3":{"name":"(anonymous_3)","line":97,"loc":{"start":{"line":97,"column":11},"end":{"line":97,"column":22}}},"4":{"name":"(anonymous_4)","line":116,"loc":{"start":{"line":116,"column":26},"end":{"line":116,"column":37}}},"5":{"name":"(anonymous_5)","line":138,"loc":{"start":{"line":138,"column":31},"end":{"line":138,"column":42}}},"6":{"name":"genererParamData","line":151,"loc":{"start":{"line":151,"column":2},"end":{"line":151,"column":30}}},"7":{"name":"generateID_Oris","line":168,"loc":{"start":{"line":168,"column":2},"end":{"line":168,"column":30}}},"8":{"name":"generateHost","line":184,"loc":{"start":{"line":184,"column":2},"end":{"line":184,"column":26}}},"9":{"name":"(anonymous_9)","line":195,"loc":{"start":{"line":195,"column":49},"end":{"line":195,"column":61}}}},"statementMap":{"1":{"start":{"line":22,"column":0},"end":{"line":193,"column":1}},"2":{"start":{"line":24,"column":2},"end":{"line":80,"column":4}},"3":{"start":{"line":83,"column":2},"end":{"line":83,"column":70}},"4":{"start":{"line":86,"column":2},"end":{"line":86,"column":65}},"5":{"start":{"line":87,"column":2},"end":{"line":90,"column":4}},"6":{"start":{"line":96,"column":2},"end":{"line":105,"column":16}},"7":{"start":{"line":97,"column":4},"end":{"line":104,"column":5}},"8":{"start":{"line":99,"column":6},"end":{"line":99,"column":65}},"9":{"start":{"line":101,"column":6},"end":{"line":101,"column":59}},"10":{"start":{"line":102,"column":6},"end":{"line":102,"column":53}},"11":{"start":{"line":103,"column":6},"end":{"line":103,"column":25}},"12":{"start":{"line":116,"column":2},"end":{"line":130,"column":6}},"13":{"start":{"line":117,"column":4},"end":{"line":118,"column":27}},"14":{"start":{"line":118,"column":6},"end":{"line":118,"column":27}},"15":{"start":{"line":121,"column":4},"end":{"line":126,"column":71}},"16":{"start":{"line":128,"column":6},"end":{"line":128,"column":86}},"17":{"start":{"line":129,"column":4},"end":{"line":129,"column":25}},"18":{"start":{"line":138,"column":2},"end":{"line":143,"column":4}},"19":{"start":{"line":139,"column":4},"end":{"line":142,"column":36}},"20":{"start":{"line":151,"column":2},"end":{"line":160,"column":3}},"21":{"start":{"line":152,"column":4},"end":{"line":152,"column":32}},"22":{"start":{"line":153,"column":4},"end":{"line":158,"column":5}},"23":{"start":{"line":154,"column":6},"end":{"line":157,"column":50}},"24":{"start":{"line":157,"column":8},"end":{"line":157,"column":50}},"25":{"start":{"line":159,"column":4},"end":{"line":159,"column":20}},"26":{"start":{"line":168,"column":2},"end":{"line":175,"column":3}},"27":{"start":{"line":169,"column":4},"end":{"line":169,"column":43}},"28":{"start":{"line":170,"column":4},"end":{"line":174,"column":52}},"29":{"start":{"line":171,"column":6},"end":{"line":171,"column":51}},"30":{"start":{"line":172,"column":6},"end":{"line":172,"column":37}},"31":{"start":{"line":174,"column":6},"end":{"line":174,"column":52}},"32":{"start":{"line":184,"column":2},"end":{"line":189,"column":3}},"33":{"start":{"line":185,"column":4},"end":{"line":185,"column":75}},"34":{"start":{"line":186,"column":4},"end":{"line":187,"column":52}},"35":{"start":{"line":187,"column":6},"end":{"line":187,"column":52}},"36":{"start":{"line":188,"column":4},"end":{"line":188,"column":32}},"37":{"start":{"line":192,"column":2},"end":{"line":192,"column":14}},"38":{"start":{"line":195,"column":0},"end":{"line":210,"column":2}},"39":{"start":{"line":209,"column":2},"end":{"line":209,"column":42}}},"branchMap":{"1":{"line":117,"type":"if","locations":[{"start":{"line":117,"column":4},"end":{"line":117,"column":4}},{"start":{"line":117,"column":4},"end":{"line":117,"column":4}}]},"2":{"line":154,"type":"if","locations":[{"start":{"line":154,"column":6},"end":{"line":154,"column":6}},{"start":{"line":154,"column":6},"end":{"line":154,"column":6}}]},"3":{"line":154,"type":"binary-expr","locations":[{"start":{"line":154,"column":10},"end":{"line":154,"column":38}},{"start":{"line":155,"column":11},"end":{"line":155,"column":44}},{"start":{"line":156,"column":11},"end":{"line":156,"column":23}}]},"4":{"line":170,"type":"if","locations":[{"start":{"line":170,"column":4},"end":{"line":170,"column":4}},{"start":{"line":170,"column":4},"end":{"line":170,"column":4}}]},"5":{"line":185,"type":"binary-expr","locations":[{"start":{"line":185,"column":27},"end":{"line":185,"column":47}},{"start":{"line":185,"column":51},"end":{"line":185,"column":74}}]},"6":{"line":186,"type":"if","locations":[{"start":{"line":186,"column":4},"end":{"line":186,"column":4}},{"start":{"line":186,"column":4},"end":{"line":186,"column":4}}]}},"l":{"22":1,"24":5,"83":5,"86":5,"87":5,"96":5,"97":5,"99":5,"101":5,"102":5,"103":5,"116":5,"117":4,"118":0,"121":4,"128":4,"129":4,"138":5,"139":4,"151":1,"152":4,"153":4,"154":25,"157":21,"159":4,"168":1,"169":5,"170":5,"171":5,"172":5,"174":0,"184":1,"185":5,"186":5,"187":0,"188":5,"192":5,"195":1,"209":2}},
"C:\\Users\\OSMOSE\\Desktop\\Filipe\\Master\\HighCharts-Gantt-Os06\\src\\js\\utils\\parametres-url.js":{"path":"C:\\Users\\OSMOSE\\Desktop\\Filipe\\Master\\HighCharts-Gantt-Os06\\src\\js\\utils\\parametres-url.js","s":{"1":1,"2":11,"3":2,"4":9,"5":9,"6":9,"7":9,"8":9,"9":9,"10":9,"11":9,"12":9,"13":9,"14":8,"15":3,"16":8,"17":7,"18":7,"19":7,"20":7,"21":6,"22":4,"23":9,"24":2,"25":9,"26":0,"27":9,"28":7,"29":7,"30":7,"31":20,"32":4,"33":7,"34":1,"35":9},"b":{"1":[2,9],"2":[9,6],"3":[9,6],"4":[3,5],"5":[4,16],"6":[1,6]},"f":{"1":11,"2":8,"3":2,"4":0,"5":7,"6":0},"fnMap":{"1":{"name":"ParametresUrl","line":20,"loc":{"start":{"line":20,"column":0},"end":{"line":20,"column":74}}},"2":{"name":"(anonymous_2)","line":49,"loc":{"start":{"line":49,"column":14},"end":{"line":49,"column":25}}},"3":{"name":"(anonymous_3)","line":75,"loc":{"start":{"line":75,"column":31},"end":{"line":75,"column":42}}},"4":{"name":"(anonymous_4)","line":85,"loc":{"start":{"line":85,"column":26},"end":{"line":85,"column":37}}},"5":{"name":"(anonymous_5)","line":94,"loc":{"start":{"line":94,"column":34},"end":{"line":94,"column":45}}},"6":{"name":"(anonymous_6)","line":106,"loc":{"start":{"line":106,"column":17},"end":{"line":106,"column":37}}}},"statementMap":{"1":{"start":{"line":20,"column":0},"end":{"line":109,"column":1}},"2":{"start":{"line":23,"column":2},"end":{"line":24,"column":139}},"3":{"start":{"line":24,"column":4},"end":{"line":24,"column":139}},"4":{"start":{"line":25,"column":2},"end":{"line":25,"column":52}},"5":{"start":{"line":26,"column":2},"end":{"line":26,"column":48}},"6":{"start":{"line":29,"column":2},"end":{"line":29,"column":32}},"7":{"start":{"line":31,"column":2},"end":{"line":31,"column":33}},"8":{"start":{"line":34,"column":2},"end":{"line":34,"column":18}},"9":{"start":{"line":35,"column":2},"end":{"line":35,"column":20}},"10":{"start":{"line":37,"column":2},"end":{"line":37,"column":37}},"11":{"start":{"line":39,"column":2},"end":{"line":39,"column":28}},"12":{"start":{"line":41,"column":2},"end":{"line":41,"column":33}},"13":{"start":{"line":49,"column":2},"end":{"line":68,"column":4}},"14":{"start":{"line":51,"column":4},"end":{"line":52,"column":65}},"15":{"start":{"line":52,"column":6},"end":{"line":52,"column":65}},"16":{"start":{"line":55,"column":4},"end":{"line":55,"column":51}},"17":{"start":{"line":56,"column":4},"end":{"line":56,"column":30}},"18":{"start":{"line":57,"column":4},"end":{"line":57,"column":34}},"19":{"start":{"line":58,"column":4},"end":{"line":58,"column":48}},"20":{"start":{"line":61,"column":4},"end":{"line":61,"column":36}},"21":{"start":{"line":64,"column":4},"end":{"line":64,"column":54}},"22":{"start":{"line":67,"column":4},"end":{"line":67,"column":44}},"23":{"start":{"line":75,"column":2},"end":{"line":77,"column":4}},"24":{"start":{"line":76,"column":4},"end":{"line":76,"column":51}},"25":{"start":{"line":85,"column":2},"end":{"line":87,"column":4}},"26":{"start":{"line":86,"column":4},"end":{"line":86,"column":51}},"27":{"start":{"line":94,"column":2},"end":{"line":104,"column":3}},"28":{"start":{"line":95,"column":4},"end":{"line":95,"column":31}},"29":{"start":{"line":96,"column":4},"end":{"line":96,"column":54}},"30":{"start":{"line":97,"column":4},"end":{"line":101,"column":5}},"31":{"start":{"line":99,"column":6},"end":{"line":100,"column":70}},"32":{"start":{"line":100,"column":8},"end":{"line":100,"column":70}},"33":{"start":{"line":102,"column":4},"end":{"line":103,"column":109}},"34":{"start":{"line":103,"column":6},"end":{"line":103,"column":109}},"35":{"start":{"line":106,"column":2},"end":{"line":108,"column":3}}},"branchMap":{"1":{"line":23,"type":"if","locations":[{"start":{"line":23,"column":2},"end":{"line":23,"column":2}},{"start":{"line":23,"column":2},"end":{"line":23,"column":2}}]},"2":{"line":25,"type":"binary-expr","locations":[{"start":{"line":25,"column":26},"end":{"line":25,"column":42}},{"start":{"line":25,"column":46},"end":{"line":25,"column":51}}]},"3":{"line":26,"type":"binary-expr","locations":[{"start":{"line":26,"column":24},"end":{"line":26,"column":38}},{"start":{"line":26,"column":42},"end":{"line":26,"column":47}}]},"4":{"line":51,"type":"if","locations":[{"start":{"line":51,"column":4},"end":{"line":51,"column":4}},{"start":{"line":51,"column":4},"end":{"line":51,"column":4}}]},"5":{"line":99,"type":"if","locations":[{"start":{"line":99,"column":6},"end":{"line":99,"column":6}},{"start":{"line":99,"column":6},"end":{"line":99,"column":6}}]},"6":{"line":102,"type":"if","locations":[{"start":{"line":102,"column":4},"end":{"line":102,"column":4}},{"start":{"line":102,"column":4},"end":{"line":102,"column":4}}]}},"l":{"20":1,"23":11,"24":2,"25":9,"26":9,"29":9,"31":9,"34":9,"35":9,"37":9,"39":9,"41":9,"49":9,"51":8,"52":3,"55":8,"56":7,"57":7,"58":7,"61":7,"64":6,"67":4,"75":9,"76":2,"85":9,"86":0,"94":9,"95":7,"96":7,"97":7,"99":20,"100":4,"102":7,"103":1,"106":9}},
"C:\\Users\\OSMOSE\\Desktop\\Filipe\\Master\\HighCharts-Gantt-Os06\\src\\js\\utils\\shared.js":{"path":"C:\\Users\\OSMOSE\\Desktop\\Filipe\\Master\\HighCharts-Gantt-Os06\\src\\js\\utils\\shared.js","s":{"1":1,"2":1,"3":20,"4":20,"5":20,"6":20,"7":20,"8":3,"9":3,"10":3,"11":3,"12":3,"13":3,"14":0,"15":0,"16":0,"17":0,"18":0,"19":14,"20":8,"21":8,"22":8,"23":3,"24":2,"25":1,"26":5,"27":5,"28":0,"29":0,"30":0,"31":5,"32":5,"33":5,"34":5,"35":5,"36":27,"37":0,"38":27,"39":27,"40":0,"41":27,"42":23,"43":23,"44":0,"45":0,"46":0,"47":0,"48":27,"49":27,"50":0,"51":27,"52":5,"53":0,"54":0,"55":0,"56":0,"57":0,"58":0,"59":0,"60":0,"61":0,"62":0,"63":0,"64":0,"65":0,"66":0,"67":0,"68":0,"69":0,"70":0,"71":0,"72":0,"73":0,"74":0,"75":575,"76":543,"77":32,"78":32,"79":1},"b":{"1":[3,14],"2":[20,10,5,3],"3":[3,5],"4":[2,1],"5":[0,5],"6":[0,0],"7":[5,0],"8":[0,27],"9":[0,27],"10":[27,27,27],"11":[23,4],"12":[0,0],"13":[0,27],"14":[0,0],"15":[0,0,0,0],"16":[0,0],"17":[0,0],"18":[0,0],"19":[0,0],"20":[0,0],"21":[0,0],"22":[0,0],"23":[0,0],"24":[0,0],"25":[0,0],"26":[0,0],"27":[543,32],"28":[32,32]},"f":{"1":1,"2":20,"3":8,"4":0,"5":0,"6":0,"7":575},"fnMap":{"1":{"name":"SHARED_FACTORY","line":2,"loc":{"start":{"line":2,"column":0},"end":{"line":2,"column":26}}},"2":{"name":"(anonymous_2)","line":29,"loc":{"start":{"line":29,"column":22},"end":{"line":29,"column":47}}},"3":{"name":"(anonymous_3)","line":80,"loc":{"start":{"line":80,"column":26},"end":{"line":80,"column":44}}},"4":{"name":"(anonymous_4)","line":160,"loc":{"start":{"line":160,"column":18},"end":{"line":160,"column":34}}},"5":{"name":"(anonymous_5)","line":198,"loc":{"start":{"line":198,"column":34},"end":{"line":198,"column":47}}},"6":{"name":"(anonymous_6)","line":201,"loc":{"start":{"line":201,"column":16},"end":{"line":201,"column":29}}},"7":{"name":"(anonymous_7)","line":211,"loc":{"start":{"line":211,"column":15},"end":{"line":211,"column":30}}}},"statementMap":{"1":{"start":{"line":2,"column":0},"end":{"line":218,"column":1}},"2":{"start":{"line":3,"column":2},"end":{"line":217,"column":3}},"3":{"start":{"line":30,"column":6},"end":{"line":30,"column":59}},"4":{"start":{"line":31,"column":6},"end":{"line":31,"column":46}},"5":{"start":{"line":32,"column":6},"end":{"line":32,"column":56}},"6":{"start":{"line":33,"column":6},"end":{"line":33,"column":75}},"7":{"start":{"line":35,"column":6},"end":{"line":55,"column":7}},"8":{"start":{"line":40,"column":8},"end":{"line":40,"column":57}},"9":{"start":{"line":41,"column":8},"end":{"line":41,"column":77}},"10":{"start":{"line":42,"column":8},"end":{"line":42,"column":111}},"11":{"start":{"line":44,"column":8},"end":{"line":44,"column":85}},"12":{"start":{"line":45,"column":8},"end":{"line":45,"column":104}},"13":{"start":{"line":46,"column":8},"end":{"line":46,"column":163}},"14":{"start":{"line":48,"column":8},"end":{"line":48,"column":69}},"15":{"start":{"line":49,"column":8},"end":{"line":49,"column":117}},"16":{"start":{"line":51,"column":8},"end":{"line":51,"column":97}},"17":{"start":{"line":52,"column":8},"end":{"line":52,"column":179}},"18":{"start":{"line":54,"column":8},"end":{"line":54,"column":151}},"19":{"start":{"line":57,"column":6},"end":{"line":57,"column":32}},"20":{"start":{"line":81,"column":6},"end":{"line":84,"column":52}},"21":{"start":{"line":86,"column":6},"end":{"line":91,"column":29}},"22":{"start":{"line":96,"column":6},"end":{"line":101,"column":7}},"23":{"start":{"line":97,"column":8},"end":{"line":100,"column":95}},"24":{"start":{"line":98,"column":10},"end":{"line":98,"column":31}},"25":{"start":{"line":100,"column":10},"end":{"line":100,"column":95}},"26":{"start":{"line":104,"column":6},"end":{"line":104,"column":54}},"27":{"start":{"line":107,"column":6},"end":{"line":111,"column":7}},"28":{"start":{"line":108,"column":8},"end":{"line":109,"column":31}},"29":{"start":{"line":109,"column":10},"end":{"line":109,"column":31}},"30":{"start":{"line":110,"column":8},"end":{"line":110,"column":57}},"31":{"start":{"line":114,"column":6},"end":{"line":115,"column":78}},"32":{"start":{"line":115,"column":8},"end":{"line":115,"column":78}},"33":{"start":{"line":118,"column":6},"end":{"line":118,"column":64}},"34":{"start":{"line":120,"column":6},"end":{"line":120,"column":37}},"35":{"start":{"line":121,"column":6},"end":{"line":150,"column":7}},"36":{"start":{"line":123,"column":8},"end":{"line":124,"column":19}},"37":{"start":{"line":124,"column":10},"end":{"line":124,"column":19}},"38":{"start":{"line":126,"column":8},"end":{"line":126,"column":48}},"39":{"start":{"line":129,"column":8},"end":{"line":131,"column":19}},"40":{"start":{"line":131,"column":10},"end":{"line":131,"column":19}},"41":{"start":{"line":134,"column":8},"end":{"line":143,"column":11}},"42":{"start":{"line":135,"column":10},"end":{"line":143,"column":11}},"43":{"start":{"line":136,"column":12},"end":{"line":136,"column":48}},"44":{"start":{"line":138,"column":12},"end":{"line":142,"column":22}},"45":{"start":{"line":139,"column":14},"end":{"line":139,"column":39}},"46":{"start":{"line":140,"column":14},"end":{"line":140,"column":51}},"47":{"start":{"line":142,"column":14},"end":{"line":142,"column":22}},"48":{"start":{"line":144,"column":8},"end":{"line":144,"column":45}},"49":{"start":{"line":146,"column":8},"end":{"line":147,"column":79}},"50":{"start":{"line":147,"column":10},"end":{"line":147,"column":79}},"51":{"start":{"line":149,"column":8},"end":{"line":149,"column":87}},"52":{"start":{"line":151,"column":6},"end":{"line":151,"column":27}},"53":{"start":{"line":161,"column":6},"end":{"line":163,"column":7}},"54":{"start":{"line":162,"column":8},"end":{"line":162,"column":23}},"55":{"start":{"line":165,"column":6},"end":{"line":167,"column":7}},"56":{"start":{"line":166,"column":8},"end":{"line":166,"column":21}},"57":{"start":{"line":169,"column":6},"end":{"line":171,"column":7}},"58":{"start":{"line":170,"column":8},"end":{"line":170,"column":23}},"59":{"start":{"line":173,"column":6},"end":{"line":175,"column":7}},"60":{"start":{"line":174,"column":8},"end":{"line":174,"column":23}},"61":{"start":{"line":176,"column":6},"end":{"line":178,"column":7}},"62":{"start":{"line":177,"column":8},"end":{"line":177,"column":20}},"63":{"start":{"line":179,"column":6},"end":{"line":181,"column":7}},"64":{"start":{"line":180,"column":8},"end":{"line":180,"column":21}},"65":{"start":{"line":184,"column":6},"end":{"line":186,"column":7}},"66":{"start":{"line":185,"column":8},"end":{"line":185,"column":21}},"67":{"start":{"line":189,"column":6},"end":{"line":191,"column":7}},"68":{"start":{"line":190,"column":8},"end":{"line":190,"column":21}},"69":{"start":{"line":192,"column":6},"end":{"line":194,"column":7}},"70":{"start":{"line":193,"column":8},"end":{"line":193,"column":21}},"71":{"start":{"line":197,"column":6},"end":{"line":197,"column":29}},"72":{"start":{"line":198,"column":6},"end":{"line":203,"column":11}},"73":{"start":{"line":199,"column":10},"end":{"line":199,"column":37}},"74":{"start":{"line":202,"column":10},"end":{"line":202,"column":49}},"75":{"start":{"line":212,"column":6},"end":{"line":212,"column":80}},"76":{"start":{"line":212,"column":67},"end":{"line":212,"column":80}},"77":{"start":{"line":213,"column":6},"end":{"line":213,"column":28}},"78":{"start":{"line":214,"column":6},"end":{"line":215,"column":40}},"79":{"start":{"line":221,"column":0},"end":{"line":221,"column":34}}},"branchMap":{"1":{"line":35,"type":"if","locations":[{"start":{"line":35,"column":6},"end":{"line":35,"column":6}},{"start":{"line":35,"column":6},"end":{"line":35,"column":6}}]},"2":{"line":35,"type":"binary-expr","locations":[{"start":{"line":35,"column":10},"end":{"line":35,"column":50}},{"start":{"line":36,"column":11},"end":{"line":36,"column":79}},{"start":{"line":37,"column":11},"end":{"line":37,"column":57}},{"start":{"line":38,"column":11},"end":{"line":38,"column":85}}]},"3":{"line":96,"type":"if","locations":[{"start":{"line":96,"column":6},"end":{"line":96,"column":6}},{"start":{"line":96,"column":6},"end":{"line":96,"column":6}}]},"4":{"line":97,"type":"if","locations":[{"start":{"line":97,"column":8},"end":{"line":97,"column":8}},{"start":{"line":97,"column":8},"end":{"line":97,"column":8}}]},"5":{"line":107,"type":"if","locations":[{"start":{"line":107,"column":6},"end":{"line":107,"column":6}},{"start":{"line":107,"column":6},"end":{"line":107,"column":6}}]},"6":{"line":108,"type":"if","locations":[{"start":{"line":108,"column":8},"end":{"line":108,"column":8}},{"start":{"line":108,"column":8},"end":{"line":108,"column":8}}]},"7":{"line":114,"type":"if","locations":[{"start":{"line":114,"column":6},"end":{"line":114,"column":6}},{"start":{"line":114,"column":6},"end":{"line":114,"column":6}}]},"8":{"line":123,"type":"if","locations":[{"start":{"line":123,"column":8},"end":{"line":123,"column":8}},{"start":{"line":123,"column":8},"end":{"line":123,"column":8}}]},"9":{"line":129,"type":"if","locations":[{"start":{"line":129,"column":8},"end":{"line":129,"column":8}},{"start":{"line":129,"column":8},"end":{"line":129,"column":8}}]},"10":{"line":129,"type":"binary-expr","locations":[{"start":{"line":129,"column":12},"end":{"line":129,"column":26}},{"start":{"line":130,"column":10},"end":{"line":130,"column":24}},{"start":{"line":130,"column":28},"end":{"line":130,"column":42}}]},"11":{"line":134,"type":"if","locations":[{"start":{"line":134,"column":8},"end":{"line":134,"column":8}},{"start":{"line":134,"column":8},"end":{"line":134,"column":8}}]},"12":{"line":138,"type":"if","locations":[{"start":{"line":138,"column":12},"end":{"line":138,"column":12}},{"start":{"line":138,"column":12},"end":{"line":138,"column":12}}]},"13":{"line":146,"type":"if","locations":[{"start":{"line":146,"column":8},"end":{"line":146,"column":8}},{"start":{"line":146,"column":8},"end":{"line":146,"column":8}}]},"14":{"line":161,"type":"if","locations":[{"start":{"line":161,"column":6},"end":{"line":161,"column":6}},{"start":{"line":161,"column":6},"end":{"line":161,"column":6}}]},"15":{"line":161,"type":"binary-expr","locations":[{"start":{"line":161,"column":10},"end":{"line":161,"column":20}},{"start":{"line":161,"column":24},"end":{"line":161,"column":39}},{"start":{"line":161,"column":43},"end":{"line":161,"column":53}},{"start":{"line":161,"column":57},"end":{"line":161,"column":72}}]},"16":{"line":165,"type":"if","locations":[{"start":{"line":165,"column":6},"end":{"line":165,"column":6}},{"start":{"line":165,"column":6},"end":{"line":165,"column":6}}]},"17":{"line":169,"type":"if","locations":[{"start":{"line":169,"column":6},"end":{"line":169,"column":6}},{"start":{"line":169,"column":6},"end":{"line":169,"column":6}}]},"18":{"line":173,"type":"if","locations":[{"start":{"line":173,"column":6},"end":{"line":173,"column":6}},{"start":{"line":173,"column":6},"end":{"line":173,"column":6}}]},"19":{"line":176,"type":"if","locations":[{"start":{"line":176,"column":6},"end":{"line":176,"column":6}},{"start":{"line":176,"column":6},"end":{"line":176,"column":6}}]},"20":{"line":176,"type":"binary-expr","locations":[{"start":{"line":176,"column":10},"end":{"line":176,"column":17}},{"start":{"line":176,"column":21},"end":{"line":176,"column":48}}]},"21":{"line":179,"type":"if","locations":[{"start":{"line":179,"column":6},"end":{"line":179,"column":6}},{"start":{"line":179,"column":6},"end":{"line":179,"column":6}}]},"22":{"line":179,"type":"binary-expr","locations":[{"start":{"line":179,"column":10},"end":{"line":179,"column":26}},{"start":{"line":179,"column":30},"end":{"line":179,"column":51}}]},"23":{"line":184,"type":"if","locations":[{"start":{"line":184,"column":6},"end":{"line":184,"column":6}},{"start":{"line":184,"column":6},"end":{"line":184,"column":6}}]},"24":{"line":189,"type":"if","locations":[{"start":{"line":189,"column":6},"end":{"line":189,"column":6}},{"start":{"line":189,"column":6},"end":{"line":189,"column":6}}]},"25":{"line":192,"type":"if","locations":[{"start":{"line":192,"column":6},"end":{"line":192,"column":6}},{"start":{"line":192,"column":6},"end":{"line":192,"column":6}}]},"26":{"line":198,"type":"binary-expr","locations":[{"start":{"line":198,"column":13},"end":{"line":200,"column":10}},{"start":{"line":201,"column":8},"end":{"line":203,"column":10}}]},"27":{"line":212,"type":"if","locations":[{"start":{"line":212,"column":6},"end":{"line":212,"column":6}},{"start":{"line":212,"column":6},"end":{"line":212,"column":6}}]},"28":{"line":214,"type":"binary-expr","locations":[{"start":{"line":214,"column":14},"end":{"line":214,"column":37}},{"start":{"line":215,"column":11},"end":{"line":215,"column":38}}]}},"l":{"2":1,"3":1,"30":20,"31":20,"32":20,"33":20,"35":20,"40":3,"41":3,"42":3,"44":3,"45":3,"46":3,"48":0,"49":0,"51":0,"52":0,"54":0,"57":14,"81":8,"86":8,"96":8,"97":3,"98":2,"100":1,"104":5,"107":5,"108":0,"109":0,"110":0,"114":5,"115":5,"118":5,"120":5,"121":5,"123":27,"124":0,"126":27,"129":27,"131":0,"134":27,"135":23,"136":23,"138":0,"139":0,"140":0,"142":0,"144":27,"146":27,"147":0,"149":27,"151":5,"161":0,"162":0,"165":0,"166":0,"169":0,"170":0,"173":0,"174":0,"176":0,"177":0,"179":0,"180":0,"184":0,"185":0,"189":0,"190":0,"192":0,"193":0,"197":0,"198":0,"199":0,"202":0,"212":575,"213":32,"214":32,"221":1}},
"C:\\Users\\OSMOSE\\Desktop\\Filipe\\Master\\HighCharts-Gantt-Os06\\src\\js\\workers\\parametres-url-oris-worker.js":{"path":"C:\\Users\\OSMOSE\\Desktop\\Filipe\\Master\\HighCharts-Gantt-Os06\\src\\js\\workers\\parametres-url-oris-worker.js","s":{"1":1,"2":1,"3":1,"4":1,"5":0,"6":0,"7":0,"8":0,"9":0,"10":0,"11":0,"12":0,"13":0,"14":1,"15":1,"16":1,"17":1,"18":5,"19":5,"20":2,"21":2,"22":2,"23":2,"24":2,"25":2,"26":1,"27":5,"28":0,"29":1,"30":0,"31":0,"32":0,"33":0,"34":0,"35":0,"36":0,"37":0,"38":0,"39":0,"40":0,"41":0,"42":0,"43":0,"44":1,"45":2,"46":2,"47":2,"48":2,"49":1,"50":1,"51":1,"52":1,"53":1,"54":1,"55":1,"56":1,"57":1,"58":1,"59":0,"60":1,"61":0,"62":1,"63":1,"64":2,"65":2,"66":2,"67":2,"68":1,"69":2,"70":2,"71":1,"72":2,"73":2,"74":2,"75":1,"76":1,"77":1,"78":1,"79":0,"80":1,"81":0,"82":1,"83":1,"84":1,"85":1,"86":1},"b":{"1":[0,0],"2":[0,0],"3":[0,0],"4":[2,3],"5":[1,1],"6":[0,5],"7":[0,0],"8":[0,0],"9":[0,0],"10":[1,0],"11":[1,1],"12":[1,0],"13":[1,0],"14":[0,1]},"f":{"1":1,"2":0,"3":0,"4":0,"5":0,"6":5,"7":0,"8":0,"9":2,"10":2,"11":1,"12":1,"13":1,"14":0,"15":2,"16":2,"17":1},"fnMap":{"1":{"name":"(anonymous_1)","line":25,"loc":{"start":{"line":25,"column":15},"end":{"line":25,"column":25}}},"2":{"name":"(anonymous_2)","line":30,"loc":{"start":{"line":30,"column":15},"end":{"line":30,"column":41}}},"3":{"name":"(anonymous_3)","line":39,"loc":{"start":{"line":39,"column":16},"end":{"line":39,"column":27}}},"4":{"name":"(anonymous_4)","line":44,"loc":{"start":{"line":44,"column":13},"end":{"line":44,"column":35}}},"5":{"name":"(anonymous_5)","line":49,"loc":{"start":{"line":49,"column":28},"end":{"line":49,"column":43}}},"6":{"name":"(anonymous_6)","line":66,"loc":{"start":{"line":66,"column":17},"end":{"line":66,"column":33}}},"7":{"name":"initXMLHttpRequest","line":89,"loc":{"start":{"line":89,"column":0},"end":{"line":89,"column":38}}},"8":{"name":"(anonymous_8)","line":91,"loc":{"start":{"line":91,"column":32},"end":{"line":91,"column":43}}},"9":{"name":"autoUpdateData","line":142,"loc":{"start":{"line":142,"column":0},"end":{"line":142,"column":29}}},"10":{"name":"(anonymous_10)","line":150,"loc":{"start":{"line":150,"column":13},"end":{"line":150,"column":28}}},"11":{"name":"WORKER_GET","line":165,"loc":{"start":{"line":165,"column":0},"end":{"line":165,"column":25}}},"12":{"name":"(anonymous_12)","line":169,"loc":{"start":{"line":169,"column":21},"end":{"line":169,"column":47}}},"13":{"name":"(anonymous_13)","line":174,"loc":{"start":{"line":174,"column":17},"end":{"line":174,"column":28}}},"14":{"name":"(anonymous_14)","line":190,"loc":{"start":{"line":190,"column":18},"end":{"line":190,"column":29}}},"15":{"name":"extractRootNameData","line":209,"loc":{"start":{"line":209,"column":0},"end":{"line":209,"column":46}}},"16":{"name":"updateLocal","line":218,"loc":{"start":{"line":218,"column":0},"end":{"line":218,"column":35}}},"17":{"name":"postError","line":263,"loc":{"start":{"line":263,"column":0},"end":{"line":263,"column":29}}}},"statementMap":{"1":{"start":{"line":25,"column":0},"end":{"line":54,"column":5}},"2":{"start":{"line":26,"column":2},"end":{"line":26,"column":18}},"3":{"start":{"line":27,"column":2},"end":{"line":27,"column":34}},"4":{"start":{"line":29,"column":2},"end":{"line":53,"column":4}},"5":{"start":{"line":32,"column":6},"end":{"line":32,"column":54}},"6":{"start":{"line":32,"column":35},"end":{"line":32,"column":54}},"7":{"start":{"line":35,"column":6},"end":{"line":35,"column":50}},"8":{"start":{"line":38,"column":6},"end":{"line":42,"column":8}},"9":{"start":{"line":40,"column":10},"end":{"line":40,"column":38}},"10":{"start":{"line":46,"column":6},"end":{"line":46,"column":42}},"11":{"start":{"line":46,"column":35},"end":{"line":46,"column":42}},"12":{"start":{"line":49,"column":6},"end":{"line":51,"column":9}},"13":{"start":{"line":50,"column":8},"end":{"line":50,"column":45}},"14":{"start":{"line":57,"column":0},"end":{"line":57,"column":23}},"15":{"start":{"line":59,"column":0},"end":{"line":59,"column":22}},"16":{"start":{"line":62,"column":0},"end":{"line":62,"column":26}},"17":{"start":{"line":66,"column":0},"end":{"line":86,"column":2}},"18":{"start":{"line":67,"column":2},"end":{"line":67,"column":64}},"19":{"start":{"line":70,"column":2},"end":{"line":80,"column":3}},"20":{"start":{"line":71,"column":4},"end":{"line":71,"column":70}},"21":{"start":{"line":72,"column":4},"end":{"line":72,"column":38}},"22":{"start":{"line":73,"column":4},"end":{"line":73,"column":117}},"23":{"start":{"line":74,"column":4},"end":{"line":74,"column":93}},"24":{"start":{"line":75,"column":4},"end":{"line":75,"column":85}},"25":{"start":{"line":78,"column":4},"end":{"line":79,"column":49}},"26":{"start":{"line":79,"column":6},"end":{"line":79,"column":49}},"27":{"start":{"line":83,"column":2},"end":{"line":84,"column":71}},"28":{"start":{"line":84,"column":4},"end":{"line":84,"column":71}},"29":{"start":{"line":89,"column":0},"end":{"line":132,"column":1}},"30":{"start":{"line":91,"column":2},"end":{"line":131,"column":4}},"31":{"start":{"line":92,"column":4},"end":{"line":130,"column":5}},"32":{"start":{"line":93,"column":6},"end":{"line":123,"column":7}},"33":{"start":{"line":95,"column":8},"end":{"line":122,"column":9}},"34":{"start":{"line":98,"column":10},"end":{"line":98,"column":55}},"35":{"start":{"line":99,"column":10},"end":{"line":99,"column":78}},"36":{"start":{"line":102,"column":10},"end":{"line":102,"column":78}},"37":{"start":{"line":105,"column":10},"end":{"line":105,"column":45}},"38":{"start":{"line":106,"column":10},"end":{"line":106,"column":46}},"39":{"start":{"line":109,"column":10},"end":{"line":112,"column":13}},"40":{"start":{"line":114,"column":13},"end":{"line":122,"column":9}},"41":{"start":{"line":115,"column":10},"end":{"line":118,"column":12}},"42":{"start":{"line":121,"column":10},"end":{"line":121,"column":76}},"43":{"start":{"line":126,"column":6},"end":{"line":129,"column":8}},"44":{"start":{"line":142,"column":0},"end":{"line":155,"column":1}},"45":{"start":{"line":143,"column":2},"end":{"line":143,"column":56}},"46":{"start":{"line":145,"column":2},"end":{"line":153,"column":7}},"47":{"start":{"line":151,"column":6},"end":{"line":151,"column":53}},"48":{"start":{"line":152,"column":6},"end":{"line":152,"column":36}},"49":{"start":{"line":165,"column":0},"end":{"line":197,"column":1}},"50":{"start":{"line":166,"column":2},"end":{"line":166,"column":46}},"51":{"start":{"line":169,"column":2},"end":{"line":196,"column":5}},"52":{"start":{"line":171,"column":4},"end":{"line":171,"column":35}},"53":{"start":{"line":172,"column":4},"end":{"line":172,"column":31}},"54":{"start":{"line":174,"column":4},"end":{"line":187,"column":6}},"55":{"start":{"line":175,"column":6},"end":{"line":175,"column":63}},"56":{"start":{"line":178,"column":6},"end":{"line":186,"column":7}},"57":{"start":{"line":179,"column":8},"end":{"line":179,"column":69}},"58":{"start":{"line":180,"column":8},"end":{"line":180,"column":30}},"59":{"start":{"line":185,"column":8},"end":{"line":185,"column":38}},"60":{"start":{"line":190,"column":4},"end":{"line":192,"column":6}},"61":{"start":{"line":191,"column":6},"end":{"line":191,"column":37}},"62":{"start":{"line":195,"column":4},"end":{"line":195,"column":15}},"63":{"start":{"line":209,"column":0},"end":{"line":216,"column":1}},"64":{"start":{"line":210,"column":2},"end":{"line":210,"column":73}},"65":{"start":{"line":211,"column":2},"end":{"line":211,"column":77}},"66":{"start":{"line":212,"column":2},"end":{"line":212,"column":91}},"67":{"start":{"line":215,"column":2},"end":{"line":215,"column":49}},"68":{"start":{"line":218,"column":0},"end":{"line":257,"column":1}},"69":{"start":{"line":219,"column":2},"end":{"line":219,"column":63}},"70":{"start":{"line":221,"column":2},"end":{"line":223,"column":35}},"71":{"start":{"line":226,"column":2},"end":{"line":247,"column":3}},"72":{"start":{"line":227,"column":4},"end":{"line":227,"column":70}},"73":{"start":{"line":229,"column":4},"end":{"line":232,"column":61}},"74":{"start":{"line":235,"column":4},"end":{"line":238,"column":5}},"75":{"start":{"line":236,"column":6},"end":{"line":236,"column":82}},"76":{"start":{"line":237,"column":6},"end":{"line":237,"column":15}},"77":{"start":{"line":241,"column":4},"end":{"line":243,"column":15}},"78":{"start":{"line":243,"column":6},"end":{"line":243,"column":15}},"79":{"start":{"line":246,"column":4},"end":{"line":246,"column":110}},"80":{"start":{"line":250,"column":2},"end":{"line":254,"column":3}},"81":{"start":{"line":251,"column":4},"end":{"line":253,"column":7}},"82":{"start":{"line":256,"column":2},"end":{"line":256,"column":22}},"83":{"start":{"line":263,"column":0},"end":{"line":269,"column":1}},"84":{"start":{"line":264,"column":2},"end":{"line":264,"column":40}},"85":{"start":{"line":265,"column":2},"end":{"line":265,"column":31}},"86":{"start":{"line":266,"column":2},"end":{"line":268,"column":5}}},"branchMap":{"1":{"line":32,"type":"if","locations":[{"start":{"line":32,"column":6},"end":{"line":32,"column":6}},{"start":{"line":32,"column":6},"end":{"line":32,"column":6}}]},"2":{"line":46,"type":"if","locations":[{"start":{"line":46,"column":6},"end":{"line":46,"column":6}},{"start":{"line":46,"column":6},"end":{"line":46,"column":6}}]},"3":{"line":50,"type":"cond-expr","locations":[{"start":{"line":50,"column":34},"end":{"line":50,"column":38}},{"start":{"line":50,"column":41},"end":{"line":50,"column":43}}]},"4":{"line":70,"type":"if","locations":[{"start":{"line":70,"column":2},"end":{"line":70,"column":2}},{"start":{"line":70,"column":2},"end":{"line":70,"column":2}}]},"5":{"line":78,"type":"if","locations":[{"start":{"line":78,"column":4},"end":{"line":78,"column":4}},{"start":{"line":78,"column":4},"end":{"line":78,"column":4}}]},"6":{"line":83,"type":"if","locations":[{"start":{"line":83,"column":2},"end":{"line":83,"column":2}},{"start":{"line":83,"column":2},"end":{"line":83,"column":2}}]},"7":{"line":93,"type":"if","locations":[{"start":{"line":93,"column":6},"end":{"line":93,"column":6}},{"start":{"line":93,"column":6},"end":{"line":93,"column":6}}]},"8":{"line":95,"type":"if","locations":[{"start":{"line":95,"column":8},"end":{"line":95,"column":8}},{"start":{"line":95,"column":8},"end":{"line":95,"column":8}}]},"9":{"line":114,"type":"if","locations":[{"start":{"line":114,"column":13},"end":{"line":114,"column":13}},{"start":{"line":114,"column":13},"end":{"line":114,"column":13}}]},"10":{"line":178,"type":"if","locations":[{"start":{"line":178,"column":6},"end":{"line":178,"column":6}},{"start":{"line":178,"column":6},"end":{"line":178,"column":6}}]},"11":{"line":235,"type":"if","locations":[{"start":{"line":235,"column":4},"end":{"line":235,"column":4}},{"start":{"line":235,"column":4},"end":{"line":235,"column":4}}]},"12":{"line":241,"type":"if","locations":[{"start":{"line":241,"column":4},"end":{"line":241,"column":4}},{"start":{"line":241,"column":4},"end":{"line":241,"column":4}}]},"13":{"line":241,"type":"binary-expr","locations":[{"start":{"line":241,"column":8},"end":{"line":241,"column":29}},{"start":{"line":242,"column":11},"end":{"line":242,"column":86}}]},"14":{"line":250,"type":"if","locations":[{"start":{"line":250,"column":2},"end":{"line":250,"column":2}},{"start":{"line":250,"column":2},"end":{"line":250,"column":2}}]}},"l":{"25":1,"26":1,"27":1,"29":1,"32":0,"35":0,"38":0,"40":0,"46":0,"49":0,"50":0,"57":1,"59":1,"62":1,"66":1,"67":5,"70":5,"71":2,"72":2,"73":2,"74":2,"75":2,"78":2,"79":1,"83":5,"84":0,"89":1,"91":0,"92":0,"93":0,"95":0,"98":0,"99":0,"102":0,"105":0,"106":0,"109":0,"114":0,"115":0,"121":0,"126":0,"142":1,"143":2,"145":2,"151":2,"152":2,"165":1,"166":1,"169":1,"171":1,"172":1,"174":1,"175":1,"178":1,"179":1,"180":1,"185":0,"190":1,"191":0,"195":1,"209":1,"210":2,"211":2,"212":2,"215":2,"218":1,"219":2,"221":2,"226":1,"227":2,"229":2,"235":2,"236":1,"237":1,"241":1,"243":1,"246":0,"250":1,"251":0,"256":1,"263":1,"264":1,"265":1,"266":1}}}
