{
"C:\\Users\\OSMOSE\\Desktop\\Filipe\\Master\\HighCharts-Gantt-Os06\\src\\js\\dist\\doom.worker.js":{"path":"C:\\Users\\OSMOSE\\Desktop\\Filipe\\Master\\HighCharts-Gantt-Os06\\src\\js\\dist\\doom.worker.js","s":{"1":1,"2":0,"3":0,"4":0,"5":0,"6":0,"7":0,"8":0,"9":0,"10":0,"11":0,"12":0,"13":0,"14":0,"15":0,"16":0,"17":0,"18":0,"19":0,"20":0,"21":0,"22":0,"23":0,"24":0,"25":0,"26":0,"27":0,"28":0,"29":0,"30":0,"31":0,"32":0,"33":0,"34":0,"35":0,"36":0,"37":0,"38":0,"39":0,"40":0,"41":0,"42":0,"43":0,"44":0,"45":0,"46":0,"47":0,"48":0,"49":0,"50":0,"51":0,"52":0,"53":0,"54":0,"55":0,"56":0,"57":0,"58":0,"59":0,"60":0,"61":0,"62":1,"63":1,"64":0,"65":0,"66":0,"67":0,"68":0,"69":0,"70":0,"71":0,"72":0},"b":{"1":[0,0],"2":[0,0],"3":[0,0],"4":[0,0],"5":[0,0],"6":[0,0],"7":[0,0],"8":[0,0],"9":[0,0],"10":[0,0]},"f":{"1":0,"2":0,"3":0,"4":0,"5":0,"6":0,"7":0,"8":0,"9":0,"10":0,"11":0,"12":0,"13":0,"14":0},"fnMap":{"1":{"name":"myWorker","line":10,"loc":{"start":{"line":10,"column":0},"end":{"line":10,"column":26}}},"2":{"name":"(anonymous_2)","line":26,"loc":{"start":{"line":26,"column":11},"end":{"line":26,"column":23}}},"3":{"name":"(anonymous_3)","line":31,"loc":{"start":{"line":31,"column":17},"end":{"line":31,"column":29}}},"4":{"name":"(anonymous_4)","line":38,"loc":{"start":{"line":38,"column":19},"end":{"line":38,"column":31}}},"5":{"name":"(anonymous_5)","line":82,"loc":{"start":{"line":82,"column":27},"end":{"line":82,"column":42}}},"6":{"name":"(anonymous_6)","line":83,"loc":{"start":{"line":83,"column":26},"end":{"line":83,"column":52}}},"7":{"name":"(anonymous_7)","line":86,"loc":{"start":{"line":86,"column":21},"end":{"line":86,"column":32}}},"8":{"name":"(anonymous_8)","line":100,"loc":{"start":{"line":100,"column":22},"end":{"line":100,"column":33}}},"9":{"name":"(anonymous_9)","line":108,"loc":{"start":{"line":108,"column":27},"end":{"line":108,"column":44}}},"10":{"name":"(anonymous_10)","line":110,"loc":{"start":{"line":110,"column":25},"end":{"line":110,"column":41}}},"11":{"name":"(anonymous_11)","line":118,"loc":{"start":{"line":118,"column":35},"end":{"line":118,"column":48}}},"12":{"name":"initWorker","line":149,"loc":{"start":{"line":149,"column":0},"end":{"line":149,"column":29}}},"13":{"name":"(anonymous_13)","line":176,"loc":{"start":{"line":176,"column":36},"end":{"line":176,"column":49}}},"14":{"name":"(anonymous_14)","line":180,"loc":{"start":{"line":180,"column":35},"end":{"line":180,"column":48}}}},"statementMap":{"1":{"start":{"line":10,"column":0},"end":{"line":139,"column":1}},"2":{"start":{"line":12,"column":2},"end":{"line":12,"column":43}},"3":{"start":{"line":17,"column":2},"end":{"line":115,"column":4}},"4":{"start":{"line":27,"column":6},"end":{"line":27,"column":68}},"5":{"start":{"line":28,"column":6},"end":{"line":28,"column":25}},"6":{"start":{"line":32,"column":6},"end":{"line":32,"column":67}},"7":{"start":{"line":34,"column":6},"end":{"line":34,"column":37}},"8":{"start":{"line":35,"column":6},"end":{"line":35,"column":39}},"9":{"start":{"line":38,"column":6},"end":{"line":76,"column":8}},"10":{"start":{"line":39,"column":8},"end":{"line":45,"column":9}},"11":{"start":{"line":40,"column":10},"end":{"line":40,"column":58}},"12":{"start":{"line":41,"column":10},"end":{"line":41,"column":79}},"13":{"start":{"line":42,"column":10},"end":{"line":42,"column":76}},"14":{"start":{"line":43,"column":10},"end":{"line":43,"column":31}},"15":{"start":{"line":44,"column":10},"end":{"line":44,"column":17}},"16":{"start":{"line":48,"column":8},"end":{"line":48,"column":17}},"17":{"start":{"line":49,"column":8},"end":{"line":59,"column":9}},"18":{"start":{"line":50,"column":10},"end":{"line":50,"column":46}},"19":{"start":{"line":52,"column":10},"end":{"line":52,"column":42}},"20":{"start":{"line":53,"column":10},"end":{"line":53,"column":47}},"21":{"start":{"line":55,"column":10},"end":{"line":55,"column":106}},"22":{"start":{"line":56,"column":10},"end":{"line":56,"column":103}},"23":{"start":{"line":57,"column":10},"end":{"line":57,"column":31}},"24":{"start":{"line":58,"column":10},"end":{"line":58,"column":17}},"25":{"start":{"line":60,"column":8},"end":{"line":60,"column":82}},"26":{"start":{"line":63,"column":8},"end":{"line":69,"column":9}},"27":{"start":{"line":64,"column":10},"end":{"line":64,"column":40}},"28":{"start":{"line":65,"column":10},"end":{"line":65,"column":68}},"29":{"start":{"line":67,"column":10},"end":{"line":67,"column":40}},"30":{"start":{"line":68,"column":10},"end":{"line":68,"column":66}},"31":{"start":{"line":71,"column":8},"end":{"line":71,"column":54}},"32":{"start":{"line":74,"column":8},"end":{"line":75,"column":59}},"33":{"start":{"line":75,"column":10},"end":{"line":75,"column":59}},"34":{"start":{"line":79,"column":6},"end":{"line":79,"column":17}},"35":{"start":{"line":83,"column":6},"end":{"line":105,"column":9}},"36":{"start":{"line":84,"column":8},"end":{"line":84,"column":39}},"37":{"start":{"line":85,"column":8},"end":{"line":85,"column":36}},"38":{"start":{"line":86,"column":8},"end":{"line":98,"column":10}},"39":{"start":{"line":87,"column":10},"end":{"line":90,"column":11}},"40":{"start":{"line":88,"column":12},"end":{"line":88,"column":83}},"41":{"start":{"line":89,"column":12},"end":{"line":89,"column":19}},"42":{"start":{"line":92,"column":10},"end":{"line":92,"column":50}},"43":{"start":{"line":94,"column":10},"end":{"line":97,"column":97}},"44":{"start":{"line":95,"column":12},"end":{"line":95,"column":43}},"45":{"start":{"line":97,"column":12},"end":{"line":97,"column":97}},"46":{"start":{"line":100,"column":8},"end":{"line":102,"column":10}},"47":{"start":{"line":101,"column":10},"end":{"line":101,"column":81}},"48":{"start":{"line":104,"column":8},"end":{"line":104,"column":19}},"49":{"start":{"line":109,"column":6},"end":{"line":112,"column":11}},"50":{"start":{"line":110,"column":8},"end":{"line":112,"column":11}},"51":{"start":{"line":118,"column":2},"end":{"line":135,"column":5}},"52":{"start":{"line":119,"column":4},"end":{"line":119,"column":25}},"53":{"start":{"line":121,"column":4},"end":{"line":121,"column":53}},"54":{"start":{"line":123,"column":4},"end":{"line":126,"column":5}},"55":{"start":{"line":124,"column":6},"end":{"line":124,"column":31}},"56":{"start":{"line":125,"column":6},"end":{"line":125,"column":66}},"57":{"start":{"line":128,"column":4},"end":{"line":131,"column":5}},"58":{"start":{"line":129,"column":6},"end":{"line":129,"column":30}},"59":{"start":{"line":130,"column":6},"end":{"line":130,"column":25}},"60":{"start":{"line":133,"column":4},"end":{"line":134,"column":38}},"61":{"start":{"line":134,"column":6},"end":{"line":134,"column":38}},"62":{"start":{"line":142,"column":0},"end":{"line":142,"column":11}},"63":{"start":{"line":149,"column":0},"end":{"line":186,"column":1}},"64":{"start":{"line":158,"column":2},"end":{"line":166,"column":50}},"65":{"start":{"line":168,"column":2},"end":{"line":168,"column":54}},"66":{"start":{"line":170,"column":2},"end":{"line":170,"column":69}},"67":{"start":{"line":172,"column":2},"end":{"line":172,"column":49}},"68":{"start":{"line":174,"column":2},"end":{"line":174,"column":31}},"69":{"start":{"line":176,"column":2},"end":{"line":178,"column":5}},"70":{"start":{"line":177,"column":4},"end":{"line":177,"column":52}},"71":{"start":{"line":180,"column":2},"end":{"line":182,"column":5}},"72":{"start":{"line":181,"column":4},"end":{"line":181,"column":52}}},"branchMap":{"1":{"line":20,"type":"binary-expr","locations":[{"start":{"line":20,"column":9},"end":{"line":20,"column":29}},{"start":{"line":20,"column":33},"end":{"line":20,"column":58}}]},"2":{"line":39,"type":"if","locations":[{"start":{"line":39,"column":8},"end":{"line":39,"column":8}},{"start":{"line":39,"column":8},"end":{"line":39,"column":8}}]},"3":{"line":63,"type":"if","locations":[{"start":{"line":63,"column":8},"end":{"line":63,"column":8}},{"start":{"line":63,"column":8},"end":{"line":63,"column":8}}]},"4":{"line":74,"type":"if","locations":[{"start":{"line":74,"column":8},"end":{"line":74,"column":8}},{"start":{"line":74,"column":8},"end":{"line":74,"column":8}}]},"5":{"line":87,"type":"if","locations":[{"start":{"line":87,"column":10},"end":{"line":87,"column":10}},{"start":{"line":87,"column":10},"end":{"line":87,"column":10}}]},"6":{"line":94,"type":"if","locations":[{"start":{"line":94,"column":10},"end":{"line":94,"column":10}},{"start":{"line":94,"column":10},"end":{"line":94,"column":10}}]},"7":{"line":109,"type":"if","locations":[{"start":{"line":109,"column":6},"end":{"line":109,"column":6}},{"start":{"line":109,"column":6},"end":{"line":109,"column":6}}]},"8":{"line":123,"type":"if","locations":[{"start":{"line":123,"column":4},"end":{"line":123,"column":4}},{"start":{"line":123,"column":4},"end":{"line":123,"column":4}}]},"9":{"line":128,"type":"if","locations":[{"start":{"line":128,"column":4},"end":{"line":128,"column":4}},{"start":{"line":128,"column":4},"end":{"line":128,"column":4}}]},"10":{"line":133,"type":"if","locations":[{"start":{"line":133,"column":4},"end":{"line":133,"column":4}},{"start":{"line":133,"column":4},"end":{"line":133,"column":4}}]}},"l":{"10":1,"12":0,"17":0,"27":0,"28":0,"32":0,"34":0,"35":0,"38":0,"39":0,"40":0,"41":0,"42":0,"43":0,"44":0,"48":0,"49":0,"50":0,"52":0,"53":0,"55":0,"56":0,"57":0,"58":0,"60":0,"63":0,"64":0,"65":0,"67":0,"68":0,"71":0,"74":0,"75":0,"79":0,"83":0,"84":0,"85":0,"86":0,"87":0,"88":0,"89":0,"92":0,"94":0,"95":0,"97":0,"100":0,"101":0,"104":0,"109":0,"110":0,"118":0,"119":0,"121":0,"123":0,"124":0,"125":0,"128":0,"129":0,"130":0,"133":0,"134":0,"142":1,"149":1,"158":0,"168":0,"170":0,"172":0,"174":0,"176":0,"177":0,"180":0,"181":0}},
"C:\\Users\\OSMOSE\\Desktop\\Filipe\\Master\\HighCharts-Gantt-Os06\\src\\js\\dist\\gantt-oris-service.worker.js":{"path":"C:\\Users\\OSMOSE\\Desktop\\Filipe\\Master\\HighCharts-Gantt-Os06\\src\\js\\dist\\gantt-oris-service.worker.js","s":{"1":1,"2":0,"3":1,"4":0,"5":0,"6":0,"7":0,"8":0,"9":0,"10":0,"11":0,"12":0,"13":0,"14":0,"15":0,"16":0,"17":0},"b":{"1":[0,0],"2":[0,0]},"f":{"1":0,"2":0,"3":0,"4":0,"5":0,"6":0,"7":0},"fnMap":{"1":{"name":"OrisServiceWorker","line":1,"loc":{"start":{"line":1,"column":0},"end":{"line":1,"column":29}}},"2":{"name":"(anonymous_2)","line":8,"loc":{"start":{"line":8,"column":7},"end":{"line":8,"column":22}}},"3":{"name":"(anonymous_3)","line":12,"loc":{"start":{"line":12,"column":24},"end":{"line":12,"column":51}}},"4":{"name":"(anonymous_4)","line":16,"loc":{"start":{"line":16,"column":19},"end":{"line":16,"column":31}}},"5":{"name":"(anonymous_5)","line":25,"loc":{"start":{"line":25,"column":20},"end":{"line":25,"column":32}}},"6":{"name":"(anonymous_6)","line":37,"loc":{"start":{"line":37,"column":11},"end":{"line":37,"column":26}}},"7":{"name":"(anonymous_7)","line":39,"loc":{"start":{"line":39,"column":12},"end":{"line":39,"column":31}}}},"statementMap":{"1":{"start":{"line":1,"column":0},"end":{"line":5,"column":1}},"2":{"start":{"line":2,"column":2},"end":{"line":4,"column":3}},"3":{"start":{"line":7,"column":0},"end":{"line":44,"column":2}},"4":{"start":{"line":9,"column":4},"end":{"line":10,"column":61}},"5":{"start":{"line":10,"column":6},"end":{"line":10,"column":61}},"6":{"start":{"line":12,"column":4},"end":{"line":29,"column":7}},"7":{"start":{"line":13,"column":6},"end":{"line":13,"column":37}},"8":{"start":{"line":14,"column":6},"end":{"line":14,"column":34}},"9":{"start":{"line":16,"column":6},"end":{"line":23,"column":8}},"10":{"start":{"line":18,"column":8},"end":{"line":20,"column":9}},"11":{"start":{"line":19,"column":10},"end":{"line":19,"column":75}},"12":{"start":{"line":22,"column":8},"end":{"line":22,"column":34}},"13":{"start":{"line":25,"column":6},"end":{"line":27,"column":8}},"14":{"start":{"line":26,"column":8},"end":{"line":26,"column":31}},"15":{"start":{"line":28,"column":6},"end":{"line":28,"column":17}},"16":{"start":{"line":38,"column":4},"end":{"line":41,"column":9}},"17":{"start":{"line":40,"column":8},"end":{"line":40,"column":36}}},"branchMap":{"1":{"line":9,"type":"if","locations":[{"start":{"line":9,"column":4},"end":{"line":9,"column":4}},{"start":{"line":9,"column":4},"end":{"line":9,"column":4}}]},"2":{"line":18,"type":"if","locations":[{"start":{"line":18,"column":8},"end":{"line":18,"column":8}},{"start":{"line":18,"column":8},"end":{"line":18,"column":8}}]}},"l":{"1":1,"2":0,"7":1,"9":0,"10":0,"12":0,"13":0,"14":0,"16":0,"18":0,"19":0,"22":0,"25":0,"26":0,"28":0,"38":0,"40":0}},
"C:\\Users\\OSMOSE\\Desktop\\Filipe\\Master\\HighCharts-Gantt-Os06\\src\\js\\dist\\no-proto-oris-data.model.js":{"path":"C:\\Users\\OSMOSE\\Desktop\\Filipe\\Master\\HighCharts-Gantt-Os06\\src\\js\\dist\\no-proto-oris-data.model.js","s":{"1":1,"2":0,"3":0,"4":0,"5":0,"6":0,"7":0,"8":0,"9":0,"10":0,"11":0,"12":0,"13":0,"14":0,"15":0,"16":0,"17":0,"18":0,"19":0,"20":0,"21":0,"22":0,"23":0,"24":0,"25":0,"26":0,"27":0,"28":0,"29":0,"30":0,"31":0,"32":0,"33":0,"34":0,"35":0,"36":0,"37":0,"38":0,"39":0,"40":0,"41":0,"42":0,"43":0,"44":0,"45":0,"46":0,"47":0,"48":0,"49":0,"50":0,"51":0,"52":0,"53":0,"54":0,"55":0,"56":0,"57":0,"58":0,"59":0,"60":0,"61":0,"62":0,"63":0,"64":0,"65":1,"66":0,"67":0,"68":0,"69":0,"70":0,"71":0,"72":0,"73":0},"b":{"1":[0,0],"2":[0,0,0],"3":[0,0],"4":[0,0],"5":[0,0],"6":[0,0,0,0,0,0,0,0,0],"7":[0,0],"8":[0,0],"9":[0,0,0],"10":[0,0],"11":[0,0],"12":[0,0],"13":[0,0],"14":[0,0],"15":[0,0],"16":[0,0],"17":[0,0],"18":[0,0],"19":[0,0],"20":[0,0],"21":[0,0]},"f":{"1":0,"2":0,"3":0,"4":0,"5":0,"6":0,"7":0,"8":0,"9":0,"10":0,"11":0,"12":0,"13":0,"14":0,"15":0,"16":0},"fnMap":{"1":{"name":"NoProtoOrisData","line":8,"loc":{"start":{"line":8,"column":0},"end":{"line":8,"column":33}}},"2":{"name":"(anonymous_2)","line":19,"loc":{"start":{"line":19,"column":15},"end":{"line":19,"column":27}}},"3":{"name":"(anonymous_3)","line":27,"loc":{"start":{"line":27,"column":15},"end":{"line":27,"column":27}}},"4":{"name":"(anonymous_4)","line":36,"loc":{"start":{"line":36,"column":18},"end":{"line":36,"column":30}}},"5":{"name":"(anonymous_5)","line":44,"loc":{"start":{"line":44,"column":19},"end":{"line":44,"column":31}}},"6":{"name":"(anonymous_6)","line":53,"loc":{"start":{"line":53,"column":25},"end":{"line":53,"column":37}}},"7":{"name":"(anonymous_7)","line":102,"loc":{"start":{"line":102,"column":18},"end":{"line":102,"column":30}}},"8":{"name":"(anonymous_8)","line":111,"loc":{"start":{"line":111,"column":24},"end":{"line":111,"column":36}}},"9":{"name":"(anonymous_9)","line":125,"loc":{"start":{"line":125,"column":22},"end":{"line":125,"column":34}}},"10":{"name":"(anonymous_10)","line":130,"loc":{"start":{"line":130,"column":22},"end":{"line":130,"column":34}}},"11":{"name":"(anonymous_11)","line":155,"loc":{"start":{"line":155,"column":21},"end":{"line":155,"column":33}}},"12":{"name":"(anonymous_12)","line":160,"loc":{"start":{"line":160,"column":27},"end":{"line":160,"column":39}}},"13":{"name":"(anonymous_13)","line":172,"loc":{"start":{"line":172,"column":15},"end":{"line":172,"column":27}}},"14":{"name":"(anonymous_14)","line":177,"loc":{"start":{"line":177,"column":21},"end":{"line":177,"column":33}}},"15":{"name":"isValidHexColor","line":210,"loc":{"start":{"line":210,"column":2},"end":{"line":210,"column":41}}},"16":{"name":"(anonymous_16)","line":214,"loc":{"start":{"line":214,"column":16},"end":{"line":214,"column":28}}}},"statementMap":{"1":{"start":{"line":8,"column":0},"end":{"line":224,"column":1}},"2":{"start":{"line":9,"column":2},"end":{"line":9,"column":22}},"3":{"start":{"line":10,"column":2},"end":{"line":10,"column":32}},"4":{"start":{"line":11,"column":2},"end":{"line":11,"column":29}},"5":{"start":{"line":12,"column":2},"end":{"line":12,"column":31}},"6":{"start":{"line":13,"column":2},"end":{"line":13,"column":28}},"7":{"start":{"line":14,"column":2},"end":{"line":14,"column":34}},"8":{"start":{"line":19,"column":2},"end":{"line":21,"column":4}},"9":{"start":{"line":20,"column":4},"end":{"line":20,"column":22}},"10":{"start":{"line":27,"column":2},"end":{"line":29,"column":4}},"11":{"start":{"line":28,"column":4},"end":{"line":28,"column":22}},"12":{"start":{"line":36,"column":2},"end":{"line":38,"column":4}},"13":{"start":{"line":37,"column":4},"end":{"line":37,"column":100}},"14":{"start":{"line":44,"column":2},"end":{"line":48,"column":4}},"15":{"start":{"line":45,"column":4},"end":{"line":47,"column":53}},"16":{"start":{"line":53,"column":2},"end":{"line":96,"column":4}},"17":{"start":{"line":54,"column":4},"end":{"line":55,"column":26}},"18":{"start":{"line":55,"column":6},"end":{"line":55,"column":26}},"19":{"start":{"line":57,"column":4},"end":{"line":59,"column":21}},"20":{"start":{"line":62,"column":4},"end":{"line":62,"column":29}},"21":{"start":{"line":64,"column":4},"end":{"line":93,"column":5}},"22":{"start":{"line":66,"column":8},"end":{"line":66,"column":24}},"23":{"start":{"line":67,"column":8},"end":{"line":67,"column":14}},"24":{"start":{"line":69,"column":8},"end":{"line":69,"column":24}},"25":{"start":{"line":70,"column":8},"end":{"line":70,"column":14}},"26":{"start":{"line":72,"column":8},"end":{"line":72,"column":24}},"27":{"start":{"line":73,"column":8},"end":{"line":73,"column":14}},"28":{"start":{"line":75,"column":8},"end":{"line":75,"column":24}},"29":{"start":{"line":76,"column":8},"end":{"line":76,"column":14}},"30":{"start":{"line":79,"column":8},"end":{"line":79,"column":25}},"31":{"start":{"line":80,"column":8},"end":{"line":80,"column":14}},"32":{"start":{"line":82,"column":8},"end":{"line":82,"column":25}},"33":{"start":{"line":83,"column":8},"end":{"line":83,"column":14}},"34":{"start":{"line":85,"column":8},"end":{"line":85,"column":25}},"35":{"start":{"line":86,"column":8},"end":{"line":86,"column":14}},"36":{"start":{"line":88,"column":8},"end":{"line":88,"column":25}},"37":{"start":{"line":89,"column":8},"end":{"line":89,"column":14}},"38":{"start":{"line":92,"column":8},"end":{"line":92,"column":25}},"39":{"start":{"line":95,"column":4},"end":{"line":95,"column":20}},"40":{"start":{"line":102,"column":2},"end":{"line":106,"column":4}},"41":{"start":{"line":103,"column":4},"end":{"line":105,"column":51}},"42":{"start":{"line":111,"column":2},"end":{"line":119,"column":4}},"43":{"start":{"line":112,"column":4},"end":{"line":113,"column":23}},"44":{"start":{"line":113,"column":6},"end":{"line":113,"column":23}},"45":{"start":{"line":116,"column":4},"end":{"line":116,"column":39}},"46":{"start":{"line":117,"column":4},"end":{"line":118,"column":18}},"47":{"start":{"line":125,"column":2},"end":{"line":129,"column":4}},"48":{"start":{"line":126,"column":4},"end":{"line":128,"column":47}},"49":{"start":{"line":130,"column":2},"end":{"line":149,"column":4}},"50":{"start":{"line":131,"column":4},"end":{"line":132,"column":24}},"51":{"start":{"line":132,"column":6},"end":{"line":132,"column":24}},"52":{"start":{"line":134,"column":4},"end":{"line":136,"column":18}},"53":{"start":{"line":155,"column":2},"end":{"line":159,"column":4}},"54":{"start":{"line":156,"column":4},"end":{"line":158,"column":56}},"55":{"start":{"line":160,"column":2},"end":{"line":166,"column":4}},"56":{"start":{"line":161,"column":4},"end":{"line":161,"column":41}},"57":{"start":{"line":163,"column":4},"end":{"line":165,"column":18}},"58":{"start":{"line":172,"column":2},"end":{"line":176,"column":4}},"59":{"start":{"line":173,"column":4},"end":{"line":175,"column":45}},"60":{"start":{"line":177,"column":2},"end":{"line":186,"column":4}},"61":{"start":{"line":178,"column":4},"end":{"line":179,"column":23}},"62":{"start":{"line":179,"column":6},"end":{"line":179,"column":23}},"63":{"start":{"line":181,"column":4},"end":{"line":183,"column":25}},"64":{"start":{"line":185,"column":4},"end":{"line":185,"column":66}},"65":{"start":{"line":210,"column":2},"end":{"line":212,"column":3}},"66":{"start":{"line":211,"column":4},"end":{"line":211,"column":86}},"67":{"start":{"line":214,"column":2},"end":{"line":220,"column":4}},"68":{"start":{"line":215,"column":4},"end":{"line":215,"column":21}},"69":{"start":{"line":216,"column":4},"end":{"line":216,"column":18}},"70":{"start":{"line":217,"column":4},"end":{"line":217,"column":20}},"71":{"start":{"line":218,"column":4},"end":{"line":218,"column":17}},"72":{"start":{"line":219,"column":4},"end":{"line":219,"column":23}},"73":{"start":{"line":223,"column":2},"end":{"line":223,"column":16}}},"branchMap":{"1":{"line":37,"type":"cond-expr","locations":[{"start":{"line":37,"column":71},"end":{"line":37,"column":86}},{"start":{"line":37,"column":90},"end":{"line":37,"column":99}}]},"2":{"line":37,"type":"binary-expr","locations":[{"start":{"line":37,"column":12},"end":{"line":37,"column":22}},{"start":{"line":37,"column":26},"end":{"line":37,"column":46}},{"start":{"line":37,"column":50},"end":{"line":37,"column":66}}]},"3":{"line":45,"type":"cond-expr","locations":[{"start":{"line":46,"column":8},"end":{"line":46,"column":25}},{"start":{"line":47,"column":9},"end":{"line":47,"column":51}}]},"4":{"line":54,"type":"if","locations":[{"start":{"line":54,"column":4},"end":{"line":54,"column":4}},{"start":{"line":54,"column":4},"end":{"line":54,"column":4}}]},"5":{"line":57,"type":"cond-expr","locations":[{"start":{"line":58,"column":8},"end":{"line":58,"column":34}},{"start":{"line":59,"column":8},"end":{"line":59,"column":20}}]},"6":{"line":64,"type":"switch","locations":[{"start":{"line":65,"column":6},"end":{"line":67,"column":14}},{"start":{"line":68,"column":6},"end":{"line":70,"column":14}},{"start":{"line":71,"column":6},"end":{"line":73,"column":14}},{"start":{"line":74,"column":6},"end":{"line":76,"column":14}},{"start":{"line":78,"column":6},"end":{"line":80,"column":14}},{"start":{"line":81,"column":6},"end":{"line":83,"column":14}},{"start":{"line":84,"column":6},"end":{"line":86,"column":14}},{"start":{"line":87,"column":6},"end":{"line":89,"column":14}},{"start":{"line":91,"column":6},"end":{"line":92,"column":25}}]},"7":{"line":103,"type":"cond-expr","locations":[{"start":{"line":104,"column":8},"end":{"line":104,"column":24}},{"start":{"line":105,"column":9},"end":{"line":105,"column":49}}]},"8":{"line":112,"type":"if","locations":[{"start":{"line":112,"column":4},"end":{"line":112,"column":4}},{"start":{"line":112,"column":4},"end":{"line":112,"column":4}}]},"9":{"line":112,"type":"binary-expr","locations":[{"start":{"line":112,"column":8},"end":{"line":112,"column":25}},{"start":{"line":112,"column":29},"end":{"line":112,"column":48}},{"start":{"line":112,"column":52},"end":{"line":112,"column":76}}]},"10":{"line":117,"type":"cond-expr","locations":[{"start":{"line":117,"column":30},"end":{"line":117,"column":39}},{"start":{"line":118,"column":8},"end":{"line":118,"column":17}}]},"11":{"line":126,"type":"cond-expr","locations":[{"start":{"line":127,"column":8},"end":{"line":127,"column":22}},{"start":{"line":128,"column":9},"end":{"line":128,"column":45}}]},"12":{"line":131,"type":"if","locations":[{"start":{"line":131,"column":4},"end":{"line":131,"column":4}},{"start":{"line":131,"column":4},"end":{"line":131,"column":4}}]},"13":{"line":134,"type":"cond-expr","locations":[{"start":{"line":135,"column":8},"end":{"line":135,"column":28}},{"start":{"line":136,"column":8},"end":{"line":136,"column":17}}]},"14":{"line":134,"type":"binary-expr","locations":[{"start":{"line":134,"column":12},"end":{"line":134,"column":42}},{"start":{"line":134,"column":46},"end":{"line":134,"column":74}}]},"15":{"line":156,"type":"cond-expr","locations":[{"start":{"line":157,"column":8},"end":{"line":157,"column":27}},{"start":{"line":158,"column":9},"end":{"line":158,"column":55}}]},"16":{"line":163,"type":"cond-expr","locations":[{"start":{"line":164,"column":8},"end":{"line":164,"column":28}},{"start":{"line":165,"column":8},"end":{"line":165,"column":17}}]},"17":{"line":173,"type":"cond-expr","locations":[{"start":{"line":174,"column":8},"end":{"line":174,"column":21}},{"start":{"line":175,"column":9},"end":{"line":175,"column":43}}]},"18":{"line":178,"type":"if","locations":[{"start":{"line":178,"column":4},"end":{"line":178,"column":4}},{"start":{"line":178,"column":4},"end":{"line":178,"column":4}}]},"19":{"line":178,"type":"binary-expr","locations":[{"start":{"line":178,"column":8},"end":{"line":178,"column":19}},{"start":{"line":178,"column":23},"end":{"line":178,"column":52}}]},"20":{"line":181,"type":"cond-expr","locations":[{"start":{"line":182,"column":8},"end":{"line":182,"column":18}},{"start":{"line":183,"column":9},"end":{"line":183,"column":23}}]},"21":{"line":185,"type":"cond-expr","locations":[{"start":{"line":185,"column":43},"end":{"line":185,"column":53}},{"start":{"line":185,"column":56},"end":{"line":185,"column":65}}]}},"l":{"8":1,"9":0,"10":0,"11":0,"12":0,"13":0,"14":0,"19":0,"20":0,"27":0,"28":0,"36":0,"37":0,"44":0,"45":0,"53":0,"54":0,"55":0,"57":0,"62":0,"64":0,"66":0,"67":0,"69":0,"70":0,"72":0,"73":0,"75":0,"76":0,"79":0,"80":0,"82":0,"83":0,"85":0,"86":0,"88":0,"89":0,"92":0,"95":0,"102":0,"103":0,"111":0,"112":0,"113":0,"116":0,"117":0,"125":0,"126":0,"130":0,"131":0,"132":0,"134":0,"155":0,"156":0,"160":0,"161":0,"163":0,"172":0,"173":0,"177":0,"178":0,"179":0,"181":0,"185":0,"210":1,"211":0,"214":0,"215":0,"216":0,"217":0,"218":0,"219":0,"223":0}},
"C:\\Users\\OSMOSE\\Desktop\\Filipe\\Master\\HighCharts-Gantt-Os06\\src\\js\\index.js":{"path":"C:\\Users\\OSMOSE\\Desktop\\Filipe\\Master\\HighCharts-Gantt-Os06\\src\\js\\index.js","s":{"1":1,"2":21,"3":0},"b":{"1":[0,21]},"f":{"1":21},"fnMap":{"1":{"name":"(anonymous_1)","line":13,"loc":{"start":{"line":13,"column":33},"end":{"line":13,"column":46}}}},"statementMap":{"1":{"start":{"line":13,"column":0},"end":{"line":17,"column":3}},"2":{"start":{"line":14,"column":2},"end":{"line":16,"column":3}},"3":{"start":{"line":15,"column":4},"end":{"line":15,"column":66}}},"branchMap":{"1":{"line":14,"type":"if","locations":[{"start":{"line":14,"column":2},"end":{"line":14,"column":2}},{"start":{"line":14,"column":2},"end":{"line":14,"column":2}}]}},"l":{"13":1,"14":21,"15":0}},
"C:\\Users\\OSMOSE\\Desktop\\Filipe\\Master\\HighCharts-Gantt-Os06\\src\\js\\models\\oris-data.model.js":{"path":"C:\\Users\\OSMOSE\\Desktop\\Filipe\\Master\\HighCharts-Gantt-Os06\\src\\js\\models\\oris-data.model.js","s":{"1":1,"2":777,"3":777,"4":777,"5":777,"6":777,"7":777,"8":777,"9":777,"10":777,"11":777,"12":777,"13":777,"14":777,"15":1,"16":2723,"17":1,"18":408,"19":1,"20":879,"21":1,"22":824,"23":2,"24":822,"25":822,"26":822,"27":22,"28":22,"29":1,"30":1,"31":1,"32":1,"33":0,"34":0,"35":27,"36":27,"37":1,"38":1,"39":2,"40":2,"41":0,"42":0,"43":768,"44":54,"45":1,"46":879,"47":1,"48":817,"49":704,"50":113,"51":113,"52":1,"53":1636,"54":1,"55":1503,"56":1,"57":1502,"58":1,"59":947,"60":1,"61":825,"62":825,"63":1,"64":879,"65":1,"66":834,"67":478,"68":356,"69":356,"70":1,"71":356},"b":{"1":[81,327],"2":[408,328,328],"3":[55,824],"4":[2,822],"5":[412,410],"6":[22,1,1,0,27,1,2,0,768],"7":[62,817],"8":[704,113],"9":[817,120,113],"10":[0,113],"11":[133,1503],"12":[1,1502],"13":[120,1382],"14":[1502,1491],"15":[122,825],"16":[121,704],"17":[45,834],"18":[478,356],"19":[834,376],"20":[2,354],"21":[45,311]},"f":{"1":777,"2":777,"3":2723,"4":408,"5":879,"6":824,"7":879,"8":817,"9":1636,"10":1503,"11":947,"12":825,"13":879,"14":834,"15":356},"fnMap":{"1":{"name":"OrisData","line":15,"loc":{"start":{"line":15,"column":0},"end":{"line":15,"column":26}}},"2":{"name":"(anonymous_2)","line":23,"loc":{"start":{"line":23,"column":16},"end":{"line":23,"column":28}}},"3":{"name":"(anonymous_3)","line":38,"loc":{"start":{"line":38,"column":27},"end":{"line":38,"column":39}}},"4":{"name":"(anonymous_4)","line":47,"loc":{"start":{"line":47,"column":30},"end":{"line":47,"column":42}}},"5":{"name":"(anonymous_5)","line":55,"loc":{"start":{"line":55,"column":31},"end":{"line":55,"column":43}}},"6":{"name":"(anonymous_6)","line":64,"loc":{"start":{"line":64,"column":37},"end":{"line":64,"column":49}}},"7":{"name":"(anonymous_7)","line":113,"loc":{"start":{"line":113,"column":30},"end":{"line":113,"column":42}}},"8":{"name":"(anonymous_8)","line":122,"loc":{"start":{"line":122,"column":36},"end":{"line":122,"column":48}}},"9":{"name":"(anonymous_9)","line":136,"loc":{"start":{"line":136,"column":34},"end":{"line":136,"column":46}}},"10":{"name":"(anonymous_10)","line":141,"loc":{"start":{"line":141,"column":34},"end":{"line":141,"column":46}}},"11":{"name":"(anonymous_11)","line":166,"loc":{"start":{"line":166,"column":33},"end":{"line":166,"column":45}}},"12":{"name":"(anonymous_12)","line":171,"loc":{"start":{"line":171,"column":39},"end":{"line":171,"column":51}}},"13":{"name":"(anonymous_13)","line":183,"loc":{"start":{"line":183,"column":27},"end":{"line":183,"column":39}}},"14":{"name":"(anonymous_14)","line":188,"loc":{"start":{"line":188,"column":33},"end":{"line":188,"column":45}}},"15":{"name":"isValidHexColor","line":221,"loc":{"start":{"line":221,"column":0},"end":{"line":221,"column":39}}}},"statementMap":{"1":{"start":{"line":15,"column":0},"end":{"line":33,"column":1}},"2":{"start":{"line":16,"column":2},"end":{"line":16,"column":22}},"3":{"start":{"line":17,"column":2},"end":{"line":17,"column":32}},"4":{"start":{"line":18,"column":2},"end":{"line":18,"column":29}},"5":{"start":{"line":19,"column":2},"end":{"line":19,"column":31}},"6":{"start":{"line":20,"column":2},"end":{"line":20,"column":28}},"7":{"start":{"line":21,"column":2},"end":{"line":21,"column":34}},"8":{"start":{"line":23,"column":2},"end":{"line":29,"column":4}},"9":{"start":{"line":24,"column":4},"end":{"line":24,"column":21}},"10":{"start":{"line":25,"column":4},"end":{"line":25,"column":24}},"11":{"start":{"line":26,"column":4},"end":{"line":26,"column":20}},"12":{"start":{"line":27,"column":4},"end":{"line":27,"column":17}},"13":{"start":{"line":28,"column":4},"end":{"line":28,"column":23}},"14":{"start":{"line":32,"column":2},"end":{"line":32,"column":16}},"15":{"start":{"line":38,"column":0},"end":{"line":40,"column":2}},"16":{"start":{"line":39,"column":2},"end":{"line":39,"column":20}},"17":{"start":{"line":47,"column":0},"end":{"line":49,"column":2}},"18":{"start":{"line":48,"column":2},"end":{"line":48,"column":98}},"19":{"start":{"line":55,"column":0},"end":{"line":59,"column":2}},"20":{"start":{"line":56,"column":2},"end":{"line":58,"column":51}},"21":{"start":{"line":64,"column":0},"end":{"line":107,"column":2}},"22":{"start":{"line":65,"column":2},"end":{"line":66,"column":24}},"23":{"start":{"line":66,"column":4},"end":{"line":66,"column":24}},"24":{"start":{"line":68,"column":2},"end":{"line":70,"column":27}},"25":{"start":{"line":73,"column":2},"end":{"line":73,"column":27}},"26":{"start":{"line":75,"column":2},"end":{"line":104,"column":3}},"27":{"start":{"line":77,"column":6},"end":{"line":77,"column":22}},"28":{"start":{"line":78,"column":6},"end":{"line":78,"column":12}},"29":{"start":{"line":80,"column":6},"end":{"line":80,"column":22}},"30":{"start":{"line":81,"column":6},"end":{"line":81,"column":12}},"31":{"start":{"line":83,"column":6},"end":{"line":83,"column":22}},"32":{"start":{"line":84,"column":6},"end":{"line":84,"column":12}},"33":{"start":{"line":86,"column":6},"end":{"line":86,"column":22}},"34":{"start":{"line":87,"column":6},"end":{"line":87,"column":12}},"35":{"start":{"line":90,"column":6},"end":{"line":90,"column":23}},"36":{"start":{"line":91,"column":6},"end":{"line":91,"column":12}},"37":{"start":{"line":93,"column":6},"end":{"line":93,"column":23}},"38":{"start":{"line":94,"column":6},"end":{"line":94,"column":12}},"39":{"start":{"line":96,"column":6},"end":{"line":96,"column":23}},"40":{"start":{"line":97,"column":6},"end":{"line":97,"column":12}},"41":{"start":{"line":99,"column":6},"end":{"line":99,"column":23}},"42":{"start":{"line":100,"column":6},"end":{"line":100,"column":12}},"43":{"start":{"line":103,"column":6},"end":{"line":103,"column":23}},"44":{"start":{"line":106,"column":2},"end":{"line":106,"column":18}},"45":{"start":{"line":113,"column":0},"end":{"line":117,"column":2}},"46":{"start":{"line":114,"column":2},"end":{"line":116,"column":49}},"47":{"start":{"line":122,"column":0},"end":{"line":130,"column":2}},"48":{"start":{"line":123,"column":2},"end":{"line":124,"column":21}},"49":{"start":{"line":124,"column":4},"end":{"line":124,"column":21}},"50":{"start":{"line":127,"column":2},"end":{"line":127,"column":37}},"51":{"start":{"line":128,"column":2},"end":{"line":129,"column":38}},"52":{"start":{"line":136,"column":0},"end":{"line":140,"column":2}},"53":{"start":{"line":137,"column":2},"end":{"line":139,"column":45}},"54":{"start":{"line":141,"column":0},"end":{"line":160,"column":2}},"55":{"start":{"line":142,"column":2},"end":{"line":143,"column":22}},"56":{"start":{"line":143,"column":4},"end":{"line":143,"column":22}},"57":{"start":{"line":145,"column":2},"end":{"line":147,"column":16}},"58":{"start":{"line":166,"column":0},"end":{"line":170,"column":2}},"59":{"start":{"line":167,"column":2},"end":{"line":169,"column":54}},"60":{"start":{"line":171,"column":0},"end":{"line":177,"column":2}},"61":{"start":{"line":172,"column":2},"end":{"line":172,"column":39}},"62":{"start":{"line":174,"column":2},"end":{"line":176,"column":16}},"63":{"start":{"line":183,"column":0},"end":{"line":187,"column":2}},"64":{"start":{"line":184,"column":2},"end":{"line":186,"column":43}},"65":{"start":{"line":188,"column":0},"end":{"line":197,"column":2}},"66":{"start":{"line":189,"column":2},"end":{"line":190,"column":21}},"67":{"start":{"line":190,"column":4},"end":{"line":190,"column":21}},"68":{"start":{"line":192,"column":2},"end":{"line":194,"column":23}},"69":{"start":{"line":196,"column":2},"end":{"line":196,"column":64}},"70":{"start":{"line":221,"column":0},"end":{"line":223,"column":1}},"71":{"start":{"line":222,"column":2},"end":{"line":222,"column":84}}},"branchMap":{"1":{"line":48,"type":"cond-expr","locations":[{"start":{"line":48,"column":69},"end":{"line":48,"column":84}},{"start":{"line":48,"column":88},"end":{"line":48,"column":97}}]},"2":{"line":48,"type":"binary-expr","locations":[{"start":{"line":48,"column":10},"end":{"line":48,"column":20}},{"start":{"line":48,"column":24},"end":{"line":48,"column":44}},{"start":{"line":48,"column":48},"end":{"line":48,"column":64}}]},"3":{"line":56,"type":"cond-expr","locations":[{"start":{"line":57,"column":6},"end":{"line":57,"column":23}},{"start":{"line":58,"column":7},"end":{"line":58,"column":49}}]},"4":{"line":65,"type":"if","locations":[{"start":{"line":65,"column":2},"end":{"line":65,"column":2}},{"start":{"line":65,"column":2},"end":{"line":65,"column":2}}]},"5":{"line":68,"type":"cond-expr","locations":[{"start":{"line":69,"column":14},"end":{"line":69,"column":40}},{"start":{"line":70,"column":14},"end":{"line":70,"column":26}}]},"6":{"line":75,"type":"switch","locations":[{"start":{"line":76,"column":4},"end":{"line":78,"column":12}},{"start":{"line":79,"column":4},"end":{"line":81,"column":12}},{"start":{"line":82,"column":4},"end":{"line":84,"column":12}},{"start":{"line":85,"column":4},"end":{"line":87,"column":12}},{"start":{"line":89,"column":4},"end":{"line":91,"column":12}},{"start":{"line":92,"column":4},"end":{"line":94,"column":12}},{"start":{"line":95,"column":4},"end":{"line":97,"column":12}},{"start":{"line":98,"column":4},"end":{"line":100,"column":12}},{"start":{"line":102,"column":4},"end":{"line":103,"column":23}}]},"7":{"line":114,"type":"cond-expr","locations":[{"start":{"line":115,"column":6},"end":{"line":115,"column":22}},{"start":{"line":116,"column":7},"end":{"line":116,"column":47}}]},"8":{"line":123,"type":"if","locations":[{"start":{"line":123,"column":2},"end":{"line":123,"column":2}},{"start":{"line":123,"column":2},"end":{"line":123,"column":2}}]},"9":{"line":123,"type":"binary-expr","locations":[{"start":{"line":123,"column":6},"end":{"line":123,"column":23}},{"start":{"line":123,"column":27},"end":{"line":123,"column":46}},{"start":{"line":123,"column":50},"end":{"line":123,"column":74}}]},"10":{"line":128,"type":"cond-expr","locations":[{"start":{"line":128,"column":28},"end":{"line":128,"column":37}},{"start":{"line":129,"column":28},"end":{"line":129,"column":37}}]},"11":{"line":137,"type":"cond-expr","locations":[{"start":{"line":138,"column":6},"end":{"line":138,"column":20}},{"start":{"line":139,"column":7},"end":{"line":139,"column":43}}]},"12":{"line":142,"type":"if","locations":[{"start":{"line":142,"column":2},"end":{"line":142,"column":2}},{"start":{"line":142,"column":2},"end":{"line":142,"column":2}}]},"13":{"line":145,"type":"cond-expr","locations":[{"start":{"line":146,"column":6},"end":{"line":146,"column":26}},{"start":{"line":147,"column":6},"end":{"line":147,"column":15}}]},"14":{"line":145,"type":"binary-expr","locations":[{"start":{"line":145,"column":10},"end":{"line":145,"column":40}},{"start":{"line":145,"column":44},"end":{"line":145,"column":72}}]},"15":{"line":167,"type":"cond-expr","locations":[{"start":{"line":168,"column":6},"end":{"line":168,"column":25}},{"start":{"line":169,"column":7},"end":{"line":169,"column":53}}]},"16":{"line":174,"type":"cond-expr","locations":[{"start":{"line":175,"column":6},"end":{"line":175,"column":26}},{"start":{"line":176,"column":6},"end":{"line":176,"column":15}}]},"17":{"line":184,"type":"cond-expr","locations":[{"start":{"line":185,"column":6},"end":{"line":185,"column":19}},{"start":{"line":186,"column":7},"end":{"line":186,"column":41}}]},"18":{"line":189,"type":"if","locations":[{"start":{"line":189,"column":2},"end":{"line":189,"column":2}},{"start":{"line":189,"column":2},"end":{"line":189,"column":2}}]},"19":{"line":189,"type":"binary-expr","locations":[{"start":{"line":189,"column":6},"end":{"line":189,"column":17}},{"start":{"line":189,"column":21},"end":{"line":189,"column":50}}]},"20":{"line":192,"type":"cond-expr","locations":[{"start":{"line":193,"column":6},"end":{"line":193,"column":16}},{"start":{"line":194,"column":7},"end":{"line":194,"column":21}}]},"21":{"line":196,"type":"cond-expr","locations":[{"start":{"line":196,"column":41},"end":{"line":196,"column":51}},{"start":{"line":196,"column":54},"end":{"line":196,"column":63}}]}},"l":{"15":1,"16":777,"17":777,"18":777,"19":777,"20":777,"21":777,"23":777,"24":777,"25":777,"26":777,"27":777,"28":777,"32":777,"38":1,"39":2723,"47":1,"48":408,"55":1,"56":879,"64":1,"65":824,"66":2,"68":822,"73":822,"75":822,"77":22,"78":22,"80":1,"81":1,"83":1,"84":1,"86":0,"87":0,"90":27,"91":27,"93":1,"94":1,"96":2,"97":2,"99":0,"100":0,"103":768,"106":54,"113":1,"114":879,"122":1,"123":817,"124":704,"127":113,"128":113,"136":1,"137":1636,"141":1,"142":1503,"143":1,"145":1502,"166":1,"167":947,"171":1,"172":825,"174":825,"183":1,"184":879,"188":1,"189":834,"190":478,"192":356,"196":356,"221":1,"222":356}},
"C:\\Users\\OSMOSE\\Desktop\\Filipe\\Master\\HighCharts-Gantt-Os06\\src\\js\\models\\oris-gantt-task.model.js":{"path":"C:\\Users\\OSMOSE\\Desktop\\Filipe\\Master\\HighCharts-Gantt-Os06\\src\\js\\models\\oris-gantt-task.model.js","s":{"1":1,"2":70,"3":0,"4":70,"5":2,"6":68,"7":68,"8":68,"9":68,"10":68,"11":68,"12":748,"13":748,"14":748,"15":748,"16":748,"17":748,"18":748,"19":748,"20":748,"21":68,"22":68,"23":68,"24":1,"25":33,"26":33,"27":9,"28":24,"29":24,"30":24,"31":1,"32":0,"33":1,"34":26},"b":{"1":[0,70],"2":[2,68],"3":[70,68],"4":[9,24],"5":[33,28,22,11,11,15,3,0,12,7,4]},"f":{"1":70,"2":33,"3":0,"4":26},"fnMap":{"1":{"name":"OrisGanttTask","line":19,"loc":{"start":{"line":19,"column":0},"end":{"line":19,"column":46}}},"2":{"name":"(anonymous_2)","line":85,"loc":{"start":{"line":85,"column":38},"end":{"line":85,"column":50}}},"3":{"name":"(anonymous_3)","line":114,"loc":{"start":{"line":114,"column":30},"end":{"line":114,"column":45}}},"4":{"name":"(anonymous_4)","line":117,"loc":{"start":{"line":117,"column":33},"end":{"line":117,"column":48}}}},"statementMap":{"1":{"start":{"line":19,"column":0},"end":{"line":75,"column":1}},"2":{"start":{"line":20,"column":2},"end":{"line":21,"column":70}},"3":{"start":{"line":21,"column":4},"end":{"line":21,"column":70}},"4":{"start":{"line":22,"column":2},"end":{"line":23,"column":72}},"5":{"start":{"line":23,"column":4},"end":{"line":23,"column":72}},"6":{"start":{"line":26,"column":2},"end":{"line":28,"column":70}},"7":{"start":{"line":31,"column":2},"end":{"line":31,"column":27}},"8":{"start":{"line":33,"column":2},"end":{"line":33,"column":32}},"9":{"start":{"line":35,"column":2},"end":{"line":35,"column":24}},"10":{"start":{"line":44,"column":2},"end":{"line":45,"column":25}},"11":{"start":{"line":48,"column":2},"end":{"line":70,"column":3}},"12":{"start":{"line":49,"column":4},"end":{"line":49,"column":27}},"13":{"start":{"line":51,"column":4},"end":{"line":51,"column":45}},"14":{"start":{"line":53,"column":4},"end":{"line":53,"column":146}},"15":{"start":{"line":58,"column":4},"end":{"line":58,"column":99}},"16":{"start":{"line":61,"column":4},"end":{"line":61,"column":141}},"17":{"start":{"line":64,"column":4},"end":{"line":64,"column":75}},"18":{"start":{"line":65,"column":4},"end":{"line":65,"column":145}},"19":{"start":{"line":68,"column":4},"end":{"line":68,"column":103}},"20":{"start":{"line":69,"column":4},"end":{"line":69,"column":114}},"21":{"start":{"line":72,"column":2},"end":{"line":72,"column":63}},"22":{"start":{"line":73,"column":2},"end":{"line":73,"column":73}},"23":{"start":{"line":74,"column":2},"end":{"line":74,"column":58}},"24":{"start":{"line":85,"column":0},"end":{"line":112,"column":2}},"25":{"start":{"line":86,"column":2},"end":{"line":89,"column":48}},"26":{"start":{"line":98,"column":2},"end":{"line":101,"column":16}},"27":{"start":{"line":101,"column":4},"end":{"line":101,"column":16}},"28":{"start":{"line":103,"column":2},"end":{"line":103,"column":67}},"29":{"start":{"line":104,"column":2},"end":{"line":110,"column":4}},"30":{"start":{"line":111,"column":2},"end":{"line":111,"column":15}},"31":{"start":{"line":114,"column":0},"end":{"line":116,"column":2}},"32":{"start":{"line":115,"column":2},"end":{"line":115,"column":31}},"33":{"start":{"line":117,"column":0},"end":{"line":119,"column":2}},"34":{"start":{"line":118,"column":2},"end":{"line":118,"column":34}}},"branchMap":{"1":{"line":20,"type":"if","locations":[{"start":{"line":20,"column":2},"end":{"line":20,"column":2}},{"start":{"line":20,"column":2},"end":{"line":20,"column":2}}]},"2":{"line":22,"type":"if","locations":[{"start":{"line":22,"column":2},"end":{"line":22,"column":2}},{"start":{"line":22,"column":2},"end":{"line":22,"column":2}}]},"3":{"line":22,"type":"binary-expr","locations":[{"start":{"line":22,"column":6},"end":{"line":22,"column":15}},{"start":{"line":22,"column":19},"end":{"line":22,"column":31}}]},"4":{"line":98,"type":"if","locations":[{"start":{"line":98,"column":2},"end":{"line":98,"column":2}},{"start":{"line":98,"column":2},"end":{"line":98,"column":2}}]},"5":{"line":98,"type":"binary-expr","locations":[{"start":{"line":98,"column":6},"end":{"line":98,"column":8}},{"start":{"line":98,"column":12},"end":{"line":98,"column":17}},{"start":{"line":99,"column":10},"end":{"line":99,"column":13}},{"start":{"line":99,"column":17},"end":{"line":99,"column":26}},{"start":{"line":99,"column":31},"end":{"line":99,"column":42}},{"start":{"line":99,"column":48},"end":{"line":99,"column":85}},{"start":{"line":99,"column":89},"end":{"line":99,"column":98}},{"start":{"line":99,"column":102},"end":{"line":99,"column":114}},{"start":{"line":100,"column":8},"end":{"line":100,"column":20}},{"start":{"line":100,"column":25},"end":{"line":100,"column":29}},{"start":{"line":100,"column":33},"end":{"line":100,"column":42}}]}},"l":{"19":1,"20":70,"21":0,"22":70,"23":2,"26":68,"31":68,"33":68,"35":68,"44":68,"48":68,"49":748,"51":748,"53":748,"58":748,"61":748,"64":748,"65":748,"68":748,"69":748,"72":68,"73":68,"74":68,"85":1,"86":33,"98":33,"101":9,"103":24,"104":24,"111":24,"114":1,"115":0,"117":1,"118":26}},
"C:\\Users\\OSMOSE\\Desktop\\Filipe\\Master\\HighCharts-Gantt-Os06\\src\\js\\utils\\exceptions.js":{"path":"C:\\Users\\OSMOSE\\Desktop\\Filipe\\Master\\HighCharts-Gantt-Os06\\src\\js\\utils\\exceptions.js","s":{"1":1,"2":13,"3":13,"4":13,"5":3,"6":5,"7":3,"8":2,"9":0,"10":0,"11":0},"b":{"1":[13,5]},"f":{"1":13,"2":3,"3":5,"4":3,"5":2,"6":0,"7":0,"8":0},"fnMap":{"1":{"name":"(anonymous_1)","line":18,"loc":{"start":{"line":18,"column":20},"end":{"line":18,"column":56}}},"2":{"name":"(anonymous_2)","line":34,"loc":{"start":{"line":34,"column":29},"end":{"line":34,"column":44}}},"3":{"name":"(anonymous_3)","line":50,"loc":{"start":{"line":50,"column":29},"end":{"line":50,"column":44}}},"4":{"name":"(anonymous_4)","line":69,"loc":{"start":{"line":69,"column":27},"end":{"line":69,"column":42}}},"5":{"name":"(anonymous_5)","line":87,"loc":{"start":{"line":87,"column":35},"end":{"line":87,"column":50}}},"6":{"name":"(anonymous_6)","line":99,"loc":{"start":{"line":99,"column":26},"end":{"line":99,"column":41}}},"7":{"name":"(anonymous_7)","line":115,"loc":{"start":{"line":115,"column":29},"end":{"line":115,"column":44}}},"8":{"name":"(anonymous_8)","line":122,"loc":{"start":{"line":122,"column":30},"end":{"line":122,"column":45}}}},"statementMap":{"1":{"start":{"line":1,"column":0},"end":{"line":128,"column":2}},"2":{"start":{"line":19,"column":4},"end":{"line":19,"column":22}},"3":{"start":{"line":20,"column":4},"end":{"line":20,"column":36}},"4":{"start":{"line":21,"column":4},"end":{"line":21,"column":36}},"5":{"start":{"line":35,"column":4},"end":{"line":38,"column":11}},"6":{"start":{"line":51,"column":4},"end":{"line":54,"column":11}},"7":{"start":{"line":70,"column":4},"end":{"line":73,"column":11}},"8":{"start":{"line":88,"column":4},"end":{"line":91,"column":11}},"9":{"start":{"line":100,"column":4},"end":{"line":103,"column":11}},"10":{"start":{"line":116,"column":4},"end":{"line":119,"column":11}},"11":{"start":{"line":123,"column":4},"end":{"line":126,"column":11}}},"branchMap":{"1":{"line":21,"type":"binary-expr","locations":[{"start":{"line":21,"column":19},"end":{"line":21,"column":23}},{"start":{"line":21,"column":26},"end":{"line":21,"column":35}}]}},"l":{"1":1,"19":13,"20":13,"21":13,"35":3,"51":5,"70":3,"88":2,"100":0,"116":0,"123":0}},
"C:\\Users\\OSMOSE\\Desktop\\Filipe\\Master\\HighCharts-Gantt-Os06\\src\\js\\utils\\logger-module.js":{"path":"C:\\Users\\OSMOSE\\Desktop\\Filipe\\Master\\HighCharts-Gantt-Os06\\src\\js\\utils\\logger-module.js","s":{"1":1,"2":1,"3":1,"4":1,"5":1,"6":1,"7":1},"b":{"1":[0,1],"2":[1,1],"3":[0,1],"4":[1,1,1],"5":[0,1],"6":[1,1,1,1],"7":[1,0],"8":[1,1,1,1,1]},"f":{"1":1,"2":1,"3":4006,"4":132,"5":76,"6":0},"fnMap":{"1":{"name":"(anonymous_1)","line":12,"loc":{"start":{"line":12,"column":20},"end":{"line":12,"column":32}}},"2":{"name":"(anonymous_2)","line":18,"loc":{"start":{"line":18,"column":14},"end":{"line":18,"column":29}}},"3":{"name":"(anonymous_3)","line":19,"loc":{"start":{"line":19,"column":67},"end":{"line":19,"column":79}}},"4":{"name":"(anonymous_4)","line":20,"loc":{"start":{"line":20,"column":88},"end":{"line":20,"column":100}}},"5":{"name":"(anonymous_5)","line":21,"loc":{"start":{"line":21,"column":108},"end":{"line":21,"column":120}}},"6":{"name":"(anonymous_6)","line":22,"loc":{"start":{"line":22,"column":129},"end":{"line":22,"column":141}}}},"statementMap":{"1":{"start":{"line":12,"column":0},"end":{"line":26,"column":5}},"2":{"start":{"line":13,"column":2},"end":{"line":25,"column":3}},"3":{"start":{"line":19,"column":6},"end":{"line":19,"column":82}},"4":{"start":{"line":20,"column":6},"end":{"line":20,"column":103}},"5":{"start":{"line":21,"column":6},"end":{"line":21,"column":123}},"6":{"start":{"line":22,"column":6},"end":{"line":22,"column":144}},"7":{"start":{"line":23,"column":6},"end":{"line":23,"column":18}}},"branchMap":{"1":{"line":19,"type":"cond-expr","locations":[{"start":{"line":19,"column":53},"end":{"line":19,"column":64}},{"start":{"line":19,"column":67},"end":{"line":19,"column":81}}]},"2":{"line":19,"type":"binary-expr","locations":[{"start":{"line":19,"column":18},"end":{"line":19,"column":31}},{"start":{"line":19,"column":35},"end":{"line":19,"column":49}}]},"3":{"line":20,"type":"cond-expr","locations":[{"start":{"line":20,"column":73},"end":{"line":20,"column":85}},{"start":{"line":20,"column":88},"end":{"line":20,"column":102}}]},"4":{"line":20,"type":"binary-expr","locations":[{"start":{"line":20,"column":19},"end":{"line":20,"column":32}},{"start":{"line":20,"column":36},"end":{"line":20,"column":50}},{"start":{"line":20,"column":54},"end":{"line":20,"column":69}}]},"5":{"line":21,"type":"cond-expr","locations":[{"start":{"line":21,"column":93},"end":{"line":21,"column":105}},{"start":{"line":21,"column":108},"end":{"line":21,"column":122}}]},"6":{"line":21,"type":"binary-expr","locations":[{"start":{"line":21,"column":19},"end":{"line":21,"column":32}},{"start":{"line":21,"column":37},"end":{"line":21,"column":51}},{"start":{"line":21,"column":55},"end":{"line":21,"column":70}},{"start":{"line":21,"column":74},"end":{"line":21,"column":89}}]},"7":{"line":22,"type":"cond-expr","locations":[{"start":{"line":22,"column":113},"end":{"line":22,"column":126}},{"start":{"line":22,"column":129},"end":{"line":22,"column":143}}]},"8":{"line":22,"type":"binary-expr","locations":[{"start":{"line":22,"column":20},"end":{"line":22,"column":33}},{"start":{"line":22,"column":37},"end":{"line":22,"column":51}},{"start":{"line":22,"column":55},"end":{"line":22,"column":70}},{"start":{"line":22,"column":74},"end":{"line":22,"column":89}},{"start":{"line":22,"column":93},"end":{"line":22,"column":109}}]}},"l":{"12":1,"13":1,"19":1,"20":1,"21":1,"22":1,"23":1}},
"C:\\Users\\OSMOSE\\Desktop\\Filipe\\Master\\HighCharts-Gantt-Os06\\src\\js\\utils\\parametres-url-oris.js":{"path":"C:\\Users\\OSMOSE\\Desktop\\Filipe\\Master\\HighCharts-Gantt-Os06\\src\\js\\utils\\parametres-url-oris.js","s":{"1":1,"2":33,"3":33,"4":33,"5":33,"6":33,"7":33,"8":33,"9":33,"10":33,"11":33,"12":33,"13":32,"14":0,"15":32,"16":32,"17":32,"18":33,"19":32,"20":1,"21":32,"22":32,"23":180,"24":148,"25":32,"26":1,"27":33,"28":33,"29":33,"30":33,"31":0,"32":1,"33":33,"34":33,"35":0,"36":33,"37":33,"38":1,"39":7},"b":{"1":[0,32],"2":[148,32],"3":[180,180,180],"4":[33,0],"5":[33,33],"6":[0,33]},"f":{"1":33,"2":33,"3":33,"4":32,"5":32,"6":32,"7":33,"8":33,"9":7},"fnMap":{"1":{"name":"ParametresUrlOris","line":22,"loc":{"start":{"line":22,"column":0},"end":{"line":22,"column":71}}},"2":{"name":"(anonymous_2)","line":96,"loc":{"start":{"line":96,"column":15},"end":{"line":96,"column":34}}},"3":{"name":"(anonymous_3)","line":97,"loc":{"start":{"line":97,"column":11},"end":{"line":97,"column":22}}},"4":{"name":"(anonymous_4)","line":116,"loc":{"start":{"line":116,"column":26},"end":{"line":116,"column":37}}},"5":{"name":"(anonymous_5)","line":138,"loc":{"start":{"line":138,"column":31},"end":{"line":138,"column":42}}},"6":{"name":"genererParamData","line":151,"loc":{"start":{"line":151,"column":2},"end":{"line":151,"column":30}}},"7":{"name":"generateID_Oris","line":168,"loc":{"start":{"line":168,"column":2},"end":{"line":168,"column":30}}},"8":{"name":"generateHost","line":184,"loc":{"start":{"line":184,"column":2},"end":{"line":184,"column":26}}},"9":{"name":"(anonymous_9)","line":195,"loc":{"start":{"line":195,"column":49},"end":{"line":195,"column":61}}}},"statementMap":{"1":{"start":{"line":22,"column":0},"end":{"line":193,"column":1}},"2":{"start":{"line":24,"column":2},"end":{"line":80,"column":4}},"3":{"start":{"line":83,"column":2},"end":{"line":83,"column":70}},"4":{"start":{"line":86,"column":2},"end":{"line":86,"column":65}},"5":{"start":{"line":87,"column":2},"end":{"line":90,"column":4}},"6":{"start":{"line":96,"column":2},"end":{"line":105,"column":16}},"7":{"start":{"line":97,"column":4},"end":{"line":104,"column":5}},"8":{"start":{"line":99,"column":6},"end":{"line":99,"column":65}},"9":{"start":{"line":101,"column":6},"end":{"line":101,"column":59}},"10":{"start":{"line":102,"column":6},"end":{"line":102,"column":53}},"11":{"start":{"line":103,"column":6},"end":{"line":103,"column":25}},"12":{"start":{"line":116,"column":2},"end":{"line":130,"column":6}},"13":{"start":{"line":117,"column":4},"end":{"line":118,"column":27}},"14":{"start":{"line":118,"column":6},"end":{"line":118,"column":27}},"15":{"start":{"line":121,"column":4},"end":{"line":126,"column":71}},"16":{"start":{"line":128,"column":6},"end":{"line":128,"column":86}},"17":{"start":{"line":129,"column":4},"end":{"line":129,"column":25}},"18":{"start":{"line":138,"column":2},"end":{"line":143,"column":4}},"19":{"start":{"line":139,"column":4},"end":{"line":142,"column":36}},"20":{"start":{"line":151,"column":2},"end":{"line":160,"column":3}},"21":{"start":{"line":152,"column":4},"end":{"line":152,"column":32}},"22":{"start":{"line":153,"column":4},"end":{"line":158,"column":5}},"23":{"start":{"line":154,"column":6},"end":{"line":157,"column":50}},"24":{"start":{"line":157,"column":8},"end":{"line":157,"column":50}},"25":{"start":{"line":159,"column":4},"end":{"line":159,"column":20}},"26":{"start":{"line":168,"column":2},"end":{"line":175,"column":3}},"27":{"start":{"line":169,"column":4},"end":{"line":169,"column":43}},"28":{"start":{"line":170,"column":4},"end":{"line":174,"column":52}},"29":{"start":{"line":171,"column":6},"end":{"line":171,"column":51}},"30":{"start":{"line":172,"column":6},"end":{"line":172,"column":37}},"31":{"start":{"line":174,"column":6},"end":{"line":174,"column":52}},"32":{"start":{"line":184,"column":2},"end":{"line":189,"column":3}},"33":{"start":{"line":185,"column":4},"end":{"line":185,"column":75}},"34":{"start":{"line":186,"column":4},"end":{"line":187,"column":52}},"35":{"start":{"line":187,"column":6},"end":{"line":187,"column":52}},"36":{"start":{"line":188,"column":4},"end":{"line":188,"column":32}},"37":{"start":{"line":192,"column":2},"end":{"line":192,"column":14}},"38":{"start":{"line":195,"column":0},"end":{"line":210,"column":2}},"39":{"start":{"line":209,"column":2},"end":{"line":209,"column":42}}},"branchMap":{"1":{"line":117,"type":"if","locations":[{"start":{"line":117,"column":4},"end":{"line":117,"column":4}},{"start":{"line":117,"column":4},"end":{"line":117,"column":4}}]},"2":{"line":154,"type":"if","locations":[{"start":{"line":154,"column":6},"end":{"line":154,"column":6}},{"start":{"line":154,"column":6},"end":{"line":154,"column":6}}]},"3":{"line":154,"type":"binary-expr","locations":[{"start":{"line":154,"column":10},"end":{"line":154,"column":38}},{"start":{"line":155,"column":11},"end":{"line":155,"column":44}},{"start":{"line":156,"column":11},"end":{"line":156,"column":23}}]},"4":{"line":170,"type":"if","locations":[{"start":{"line":170,"column":4},"end":{"line":170,"column":4}},{"start":{"line":170,"column":4},"end":{"line":170,"column":4}}]},"5":{"line":185,"type":"binary-expr","locations":[{"start":{"line":185,"column":27},"end":{"line":185,"column":47}},{"start":{"line":185,"column":51},"end":{"line":185,"column":74}}]},"6":{"line":186,"type":"if","locations":[{"start":{"line":186,"column":4},"end":{"line":186,"column":4}},{"start":{"line":186,"column":4},"end":{"line":186,"column":4}}]}},"l":{"22":1,"24":33,"83":33,"86":33,"87":33,"96":33,"97":33,"99":33,"101":33,"102":33,"103":33,"116":33,"117":32,"118":0,"121":32,"128":32,"129":32,"138":33,"139":32,"151":1,"152":32,"153":32,"154":180,"157":148,"159":32,"168":1,"169":33,"170":33,"171":33,"172":33,"174":0,"184":1,"185":33,"186":33,"187":0,"188":33,"192":33,"195":1,"209":7}},
"C:\\Users\\OSMOSE\\Desktop\\Filipe\\Master\\HighCharts-Gantt-Os06\\src\\js\\utils\\parametres-url.js":{"path":"C:\\Users\\OSMOSE\\Desktop\\Filipe\\Master\\HighCharts-Gantt-Os06\\src\\js\\utils\\parametres-url.js","s":{"1":1,"2":39,"3":2,"4":37,"5":37,"6":37,"7":37,"8":37,"9":37,"10":37,"11":37,"12":37,"13":37,"14":36,"15":3,"16":36,"17":35,"18":35,"19":35,"20":35,"21":34,"22":32,"23":37,"24":2,"25":37,"26":0,"27":37,"28":35,"29":35,"30":35,"31":132,"32":4,"33":35,"34":1,"35":37},"b":{"1":[2,37],"2":[37,34],"3":[37,34],"4":[3,33],"5":[4,128],"6":[1,34]},"f":{"1":39,"2":36,"3":2,"4":0,"5":35,"6":0},"fnMap":{"1":{"name":"ParametresUrl","line":20,"loc":{"start":{"line":20,"column":0},"end":{"line":20,"column":74}}},"2":{"name":"(anonymous_2)","line":49,"loc":{"start":{"line":49,"column":14},"end":{"line":49,"column":25}}},"3":{"name":"(anonymous_3)","line":75,"loc":{"start":{"line":75,"column":31},"end":{"line":75,"column":42}}},"4":{"name":"(anonymous_4)","line":85,"loc":{"start":{"line":85,"column":26},"end":{"line":85,"column":37}}},"5":{"name":"(anonymous_5)","line":94,"loc":{"start":{"line":94,"column":34},"end":{"line":94,"column":45}}},"6":{"name":"(anonymous_6)","line":106,"loc":{"start":{"line":106,"column":17},"end":{"line":106,"column":37}}}},"statementMap":{"1":{"start":{"line":20,"column":0},"end":{"line":109,"column":1}},"2":{"start":{"line":23,"column":2},"end":{"line":24,"column":139}},"3":{"start":{"line":24,"column":4},"end":{"line":24,"column":139}},"4":{"start":{"line":25,"column":2},"end":{"line":25,"column":52}},"5":{"start":{"line":26,"column":2},"end":{"line":26,"column":48}},"6":{"start":{"line":29,"column":2},"end":{"line":29,"column":32}},"7":{"start":{"line":31,"column":2},"end":{"line":31,"column":33}},"8":{"start":{"line":34,"column":2},"end":{"line":34,"column":18}},"9":{"start":{"line":35,"column":2},"end":{"line":35,"column":20}},"10":{"start":{"line":37,"column":2},"end":{"line":37,"column":37}},"11":{"start":{"line":39,"column":2},"end":{"line":39,"column":28}},"12":{"start":{"line":41,"column":2},"end":{"line":41,"column":33}},"13":{"start":{"line":49,"column":2},"end":{"line":68,"column":4}},"14":{"start":{"line":51,"column":4},"end":{"line":52,"column":65}},"15":{"start":{"line":52,"column":6},"end":{"line":52,"column":65}},"16":{"start":{"line":55,"column":4},"end":{"line":55,"column":51}},"17":{"start":{"line":56,"column":4},"end":{"line":56,"column":30}},"18":{"start":{"line":57,"column":4},"end":{"line":57,"column":34}},"19":{"start":{"line":58,"column":4},"end":{"line":58,"column":48}},"20":{"start":{"line":61,"column":4},"end":{"line":61,"column":36}},"21":{"start":{"line":64,"column":4},"end":{"line":64,"column":54}},"22":{"start":{"line":67,"column":4},"end":{"line":67,"column":44}},"23":{"start":{"line":75,"column":2},"end":{"line":77,"column":4}},"24":{"start":{"line":76,"column":4},"end":{"line":76,"column":51}},"25":{"start":{"line":85,"column":2},"end":{"line":87,"column":4}},"26":{"start":{"line":86,"column":4},"end":{"line":86,"column":51}},"27":{"start":{"line":94,"column":2},"end":{"line":104,"column":3}},"28":{"start":{"line":95,"column":4},"end":{"line":95,"column":31}},"29":{"start":{"line":96,"column":4},"end":{"line":96,"column":54}},"30":{"start":{"line":97,"column":4},"end":{"line":101,"column":5}},"31":{"start":{"line":99,"column":6},"end":{"line":100,"column":70}},"32":{"start":{"line":100,"column":8},"end":{"line":100,"column":70}},"33":{"start":{"line":102,"column":4},"end":{"line":103,"column":109}},"34":{"start":{"line":103,"column":6},"end":{"line":103,"column":109}},"35":{"start":{"line":106,"column":2},"end":{"line":108,"column":3}}},"branchMap":{"1":{"line":23,"type":"if","locations":[{"start":{"line":23,"column":2},"end":{"line":23,"column":2}},{"start":{"line":23,"column":2},"end":{"line":23,"column":2}}]},"2":{"line":25,"type":"binary-expr","locations":[{"start":{"line":25,"column":26},"end":{"line":25,"column":42}},{"start":{"line":25,"column":46},"end":{"line":25,"column":51}}]},"3":{"line":26,"type":"binary-expr","locations":[{"start":{"line":26,"column":24},"end":{"line":26,"column":38}},{"start":{"line":26,"column":42},"end":{"line":26,"column":47}}]},"4":{"line":51,"type":"if","locations":[{"start":{"line":51,"column":4},"end":{"line":51,"column":4}},{"start":{"line":51,"column":4},"end":{"line":51,"column":4}}]},"5":{"line":99,"type":"if","locations":[{"start":{"line":99,"column":6},"end":{"line":99,"column":6}},{"start":{"line":99,"column":6},"end":{"line":99,"column":6}}]},"6":{"line":102,"type":"if","locations":[{"start":{"line":102,"column":4},"end":{"line":102,"column":4}},{"start":{"line":102,"column":4},"end":{"line":102,"column":4}}]}},"l":{"20":1,"23":39,"24":2,"25":37,"26":37,"29":37,"31":37,"34":37,"35":37,"37":37,"39":37,"41":37,"49":37,"51":36,"52":3,"55":36,"56":35,"57":35,"58":35,"61":35,"64":34,"67":32,"75":37,"76":2,"85":37,"86":0,"94":37,"95":35,"96":35,"97":35,"99":132,"100":4,"102":35,"103":1,"106":37}},
"C:\\Users\\OSMOSE\\Desktop\\Filipe\\Master\\HighCharts-Gantt-Os06\\src\\js\\utils\\shared.js":{"path":"C:\\Users\\OSMOSE\\Desktop\\Filipe\\Master\\HighCharts-Gantt-Os06\\src\\js\\utils\\shared.js","s":{"1":1,"2":1,"3":48,"4":48,"5":48,"6":48,"7":48,"8":3,"9":3,"10":3,"11":3,"12":3,"13":3,"14":0,"15":0,"16":0,"17":0,"18":0,"19":42,"20":36,"21":36,"22":36,"23":3,"24":2,"25":1,"26":33,"27":33,"28":0,"29":0,"30":0,"31":33,"32":33,"33":33,"34":33,"35":33,"36":182,"37":0,"38":182,"39":182,"40":0,"41":182,"42":178,"43":178,"44":0,"45":0,"46":0,"47":0,"48":182,"49":182,"50":0,"51":182,"52":33,"53":3,"54":3,"55":0,"56":0,"57":0,"58":0,"59":0,"60":0,"61":0,"62":0,"63":0,"64":0,"65":0,"66":0,"67":0,"68":0,"69":0,"70":0,"71":0,"72":0,"73":0,"74":0,"75":1499,"76":1389,"77":110,"78":110,"79":1},"b":{"1":[3,42],"2":[48,10,5,3],"3":[3,33],"4":[2,1],"5":[0,33],"6":[0,0],"7":[33,0],"8":[0,182],"9":[0,182],"10":[182,182,182],"11":[178,4],"12":[0,0],"13":[0,182],"14":[3,0],"15":[3,3,0,0],"16":[0,0],"17":[0,0],"18":[0,0],"19":[0,0],"20":[0,0],"21":[0,0],"22":[0,0],"23":[0,0],"24":[0,0],"25":[0,0],"26":[0,0],"27":[1389,110],"28":[110,110]},"f":{"1":1,"2":48,"3":36,"4":3,"5":0,"6":0,"7":1499},"fnMap":{"1":{"name":"SHARED_FACTORY","line":2,"loc":{"start":{"line":2,"column":0},"end":{"line":2,"column":26}}},"2":{"name":"(anonymous_2)","line":29,"loc":{"start":{"line":29,"column":22},"end":{"line":29,"column":47}}},"3":{"name":"(anonymous_3)","line":80,"loc":{"start":{"line":80,"column":26},"end":{"line":80,"column":44}}},"4":{"name":"(anonymous_4)","line":160,"loc":{"start":{"line":160,"column":18},"end":{"line":160,"column":34}}},"5":{"name":"(anonymous_5)","line":198,"loc":{"start":{"line":198,"column":34},"end":{"line":198,"column":47}}},"6":{"name":"(anonymous_6)","line":201,"loc":{"start":{"line":201,"column":16},"end":{"line":201,"column":29}}},"7":{"name":"(anonymous_7)","line":211,"loc":{"start":{"line":211,"column":15},"end":{"line":211,"column":30}}}},"statementMap":{"1":{"start":{"line":2,"column":0},"end":{"line":218,"column":1}},"2":{"start":{"line":3,"column":2},"end":{"line":217,"column":3}},"3":{"start":{"line":30,"column":6},"end":{"line":30,"column":59}},"4":{"start":{"line":31,"column":6},"end":{"line":31,"column":46}},"5":{"start":{"line":32,"column":6},"end":{"line":32,"column":56}},"6":{"start":{"line":33,"column":6},"end":{"line":33,"column":75}},"7":{"start":{"line":35,"column":6},"end":{"line":55,"column":7}},"8":{"start":{"line":40,"column":8},"end":{"line":40,"column":57}},"9":{"start":{"line":41,"column":8},"end":{"line":41,"column":77}},"10":{"start":{"line":42,"column":8},"end":{"line":42,"column":111}},"11":{"start":{"line":44,"column":8},"end":{"line":44,"column":85}},"12":{"start":{"line":45,"column":8},"end":{"line":45,"column":104}},"13":{"start":{"line":46,"column":8},"end":{"line":46,"column":163}},"14":{"start":{"line":48,"column":8},"end":{"line":48,"column":69}},"15":{"start":{"line":49,"column":8},"end":{"line":49,"column":117}},"16":{"start":{"line":51,"column":8},"end":{"line":51,"column":97}},"17":{"start":{"line":52,"column":8},"end":{"line":52,"column":179}},"18":{"start":{"line":54,"column":8},"end":{"line":54,"column":151}},"19":{"start":{"line":57,"column":6},"end":{"line":57,"column":32}},"20":{"start":{"line":81,"column":6},"end":{"line":84,"column":52}},"21":{"start":{"line":86,"column":6},"end":{"line":91,"column":29}},"22":{"start":{"line":96,"column":6},"end":{"line":101,"column":7}},"23":{"start":{"line":97,"column":8},"end":{"line":100,"column":95}},"24":{"start":{"line":98,"column":10},"end":{"line":98,"column":31}},"25":{"start":{"line":100,"column":10},"end":{"line":100,"column":95}},"26":{"start":{"line":104,"column":6},"end":{"line":104,"column":54}},"27":{"start":{"line":107,"column":6},"end":{"line":111,"column":7}},"28":{"start":{"line":108,"column":8},"end":{"line":109,"column":31}},"29":{"start":{"line":109,"column":10},"end":{"line":109,"column":31}},"30":{"start":{"line":110,"column":8},"end":{"line":110,"column":57}},"31":{"start":{"line":114,"column":6},"end":{"line":115,"column":78}},"32":{"start":{"line":115,"column":8},"end":{"line":115,"column":78}},"33":{"start":{"line":118,"column":6},"end":{"line":118,"column":64}},"34":{"start":{"line":120,"column":6},"end":{"line":120,"column":37}},"35":{"start":{"line":121,"column":6},"end":{"line":150,"column":7}},"36":{"start":{"line":123,"column":8},"end":{"line":124,"column":19}},"37":{"start":{"line":124,"column":10},"end":{"line":124,"column":19}},"38":{"start":{"line":126,"column":8},"end":{"line":126,"column":48}},"39":{"start":{"line":129,"column":8},"end":{"line":131,"column":19}},"40":{"start":{"line":131,"column":10},"end":{"line":131,"column":19}},"41":{"start":{"line":134,"column":8},"end":{"line":143,"column":11}},"42":{"start":{"line":135,"column":10},"end":{"line":143,"column":11}},"43":{"start":{"line":136,"column":12},"end":{"line":136,"column":48}},"44":{"start":{"line":138,"column":12},"end":{"line":142,"column":22}},"45":{"start":{"line":139,"column":14},"end":{"line":139,"column":39}},"46":{"start":{"line":140,"column":14},"end":{"line":140,"column":51}},"47":{"start":{"line":142,"column":14},"end":{"line":142,"column":22}},"48":{"start":{"line":144,"column":8},"end":{"line":144,"column":45}},"49":{"start":{"line":146,"column":8},"end":{"line":147,"column":79}},"50":{"start":{"line":147,"column":10},"end":{"line":147,"column":79}},"51":{"start":{"line":149,"column":8},"end":{"line":149,"column":87}},"52":{"start":{"line":151,"column":6},"end":{"line":151,"column":27}},"53":{"start":{"line":161,"column":6},"end":{"line":163,"column":7}},"54":{"start":{"line":162,"column":8},"end":{"line":162,"column":23}},"55":{"start":{"line":165,"column":6},"end":{"line":167,"column":7}},"56":{"start":{"line":166,"column":8},"end":{"line":166,"column":21}},"57":{"start":{"line":169,"column":6},"end":{"line":171,"column":7}},"58":{"start":{"line":170,"column":8},"end":{"line":170,"column":23}},"59":{"start":{"line":173,"column":6},"end":{"line":175,"column":7}},"60":{"start":{"line":174,"column":8},"end":{"line":174,"column":23}},"61":{"start":{"line":176,"column":6},"end":{"line":178,"column":7}},"62":{"start":{"line":177,"column":8},"end":{"line":177,"column":20}},"63":{"start":{"line":179,"column":6},"end":{"line":181,"column":7}},"64":{"start":{"line":180,"column":8},"end":{"line":180,"column":21}},"65":{"start":{"line":184,"column":6},"end":{"line":186,"column":7}},"66":{"start":{"line":185,"column":8},"end":{"line":185,"column":21}},"67":{"start":{"line":189,"column":6},"end":{"line":191,"column":7}},"68":{"start":{"line":190,"column":8},"end":{"line":190,"column":21}},"69":{"start":{"line":192,"column":6},"end":{"line":194,"column":7}},"70":{"start":{"line":193,"column":8},"end":{"line":193,"column":21}},"71":{"start":{"line":197,"column":6},"end":{"line":197,"column":29}},"72":{"start":{"line":198,"column":6},"end":{"line":203,"column":11}},"73":{"start":{"line":199,"column":10},"end":{"line":199,"column":37}},"74":{"start":{"line":202,"column":10},"end":{"line":202,"column":49}},"75":{"start":{"line":212,"column":6},"end":{"line":212,"column":80}},"76":{"start":{"line":212,"column":67},"end":{"line":212,"column":80}},"77":{"start":{"line":213,"column":6},"end":{"line":213,"column":28}},"78":{"start":{"line":214,"column":6},"end":{"line":215,"column":40}},"79":{"start":{"line":221,"column":0},"end":{"line":221,"column":34}}},"branchMap":{"1":{"line":35,"type":"if","locations":[{"start":{"line":35,"column":6},"end":{"line":35,"column":6}},{"start":{"line":35,"column":6},"end":{"line":35,"column":6}}]},"2":{"line":35,"type":"binary-expr","locations":[{"start":{"line":35,"column":10},"end":{"line":35,"column":50}},{"start":{"line":36,"column":11},"end":{"line":36,"column":79}},{"start":{"line":37,"column":11},"end":{"line":37,"column":57}},{"start":{"line":38,"column":11},"end":{"line":38,"column":85}}]},"3":{"line":96,"type":"if","locations":[{"start":{"line":96,"column":6},"end":{"line":96,"column":6}},{"start":{"line":96,"column":6},"end":{"line":96,"column":6}}]},"4":{"line":97,"type":"if","locations":[{"start":{"line":97,"column":8},"end":{"line":97,"column":8}},{"start":{"line":97,"column":8},"end":{"line":97,"column":8}}]},"5":{"line":107,"type":"if","locations":[{"start":{"line":107,"column":6},"end":{"line":107,"column":6}},{"start":{"line":107,"column":6},"end":{"line":107,"column":6}}]},"6":{"line":108,"type":"if","locations":[{"start":{"line":108,"column":8},"end":{"line":108,"column":8}},{"start":{"line":108,"column":8},"end":{"line":108,"column":8}}]},"7":{"line":114,"type":"if","locations":[{"start":{"line":114,"column":6},"end":{"line":114,"column":6}},{"start":{"line":114,"column":6},"end":{"line":114,"column":6}}]},"8":{"line":123,"type":"if","locations":[{"start":{"line":123,"column":8},"end":{"line":123,"column":8}},{"start":{"line":123,"column":8},"end":{"line":123,"column":8}}]},"9":{"line":129,"type":"if","locations":[{"start":{"line":129,"column":8},"end":{"line":129,"column":8}},{"start":{"line":129,"column":8},"end":{"line":129,"column":8}}]},"10":{"line":129,"type":"binary-expr","locations":[{"start":{"line":129,"column":12},"end":{"line":129,"column":26}},{"start":{"line":130,"column":10},"end":{"line":130,"column":24}},{"start":{"line":130,"column":28},"end":{"line":130,"column":42}}]},"11":{"line":134,"type":"if","locations":[{"start":{"line":134,"column":8},"end":{"line":134,"column":8}},{"start":{"line":134,"column":8},"end":{"line":134,"column":8}}]},"12":{"line":138,"type":"if","locations":[{"start":{"line":138,"column":12},"end":{"line":138,"column":12}},{"start":{"line":138,"column":12},"end":{"line":138,"column":12}}]},"13":{"line":146,"type":"if","locations":[{"start":{"line":146,"column":8},"end":{"line":146,"column":8}},{"start":{"line":146,"column":8},"end":{"line":146,"column":8}}]},"14":{"line":161,"type":"if","locations":[{"start":{"line":161,"column":6},"end":{"line":161,"column":6}},{"start":{"line":161,"column":6},"end":{"line":161,"column":6}}]},"15":{"line":161,"type":"binary-expr","locations":[{"start":{"line":161,"column":10},"end":{"line":161,"column":20}},{"start":{"line":161,"column":24},"end":{"line":161,"column":39}},{"start":{"line":161,"column":43},"end":{"line":161,"column":53}},{"start":{"line":161,"column":57},"end":{"line":161,"column":72}}]},"16":{"line":165,"type":"if","locations":[{"start":{"line":165,"column":6},"end":{"line":165,"column":6}},{"start":{"line":165,"column":6},"end":{"line":165,"column":6}}]},"17":{"line":169,"type":"if","locations":[{"start":{"line":169,"column":6},"end":{"line":169,"column":6}},{"start":{"line":169,"column":6},"end":{"line":169,"column":6}}]},"18":{"line":173,"type":"if","locations":[{"start":{"line":173,"column":6},"end":{"line":173,"column":6}},{"start":{"line":173,"column":6},"end":{"line":173,"column":6}}]},"19":{"line":176,"type":"if","locations":[{"start":{"line":176,"column":6},"end":{"line":176,"column":6}},{"start":{"line":176,"column":6},"end":{"line":176,"column":6}}]},"20":{"line":176,"type":"binary-expr","locations":[{"start":{"line":176,"column":10},"end":{"line":176,"column":17}},{"start":{"line":176,"column":21},"end":{"line":176,"column":48}}]},"21":{"line":179,"type":"if","locations":[{"start":{"line":179,"column":6},"end":{"line":179,"column":6}},{"start":{"line":179,"column":6},"end":{"line":179,"column":6}}]},"22":{"line":179,"type":"binary-expr","locations":[{"start":{"line":179,"column":10},"end":{"line":179,"column":26}},{"start":{"line":179,"column":30},"end":{"line":179,"column":51}}]},"23":{"line":184,"type":"if","locations":[{"start":{"line":184,"column":6},"end":{"line":184,"column":6}},{"start":{"line":184,"column":6},"end":{"line":184,"column":6}}]},"24":{"line":189,"type":"if","locations":[{"start":{"line":189,"column":6},"end":{"line":189,"column":6}},{"start":{"line":189,"column":6},"end":{"line":189,"column":6}}]},"25":{"line":192,"type":"if","locations":[{"start":{"line":192,"column":6},"end":{"line":192,"column":6}},{"start":{"line":192,"column":6},"end":{"line":192,"column":6}}]},"26":{"line":198,"type":"binary-expr","locations":[{"start":{"line":198,"column":13},"end":{"line":200,"column":10}},{"start":{"line":201,"column":8},"end":{"line":203,"column":10}}]},"27":{"line":212,"type":"if","locations":[{"start":{"line":212,"column":6},"end":{"line":212,"column":6}},{"start":{"line":212,"column":6},"end":{"line":212,"column":6}}]},"28":{"line":214,"type":"binary-expr","locations":[{"start":{"line":214,"column":14},"end":{"line":214,"column":37}},{"start":{"line":215,"column":11},"end":{"line":215,"column":38}}]}},"l":{"2":1,"3":1,"30":48,"31":48,"32":48,"33":48,"35":48,"40":3,"41":3,"42":3,"44":3,"45":3,"46":3,"48":0,"49":0,"51":0,"52":0,"54":0,"57":42,"81":36,"86":36,"96":36,"97":3,"98":2,"100":1,"104":33,"107":33,"108":0,"109":0,"110":0,"114":33,"115":33,"118":33,"120":33,"121":33,"123":182,"124":0,"126":182,"129":182,"131":0,"134":182,"135":178,"136":178,"138":0,"139":0,"140":0,"142":0,"144":182,"146":182,"147":0,"149":182,"151":33,"161":3,"162":3,"165":0,"166":0,"169":0,"170":0,"173":0,"174":0,"176":0,"177":0,"179":0,"180":0,"184":0,"185":0,"189":0,"190":0,"192":0,"193":0,"197":0,"198":0,"199":0,"202":0,"212":1499,"213":110,"214":110,"221":1}},
"C:\\Users\\OSMOSE\\Desktop\\Filipe\\Master\\HighCharts-Gantt-Os06\\src\\js\\workers\\parametres-url-oris-worker.js":{"path":"C:\\Users\\OSMOSE\\Desktop\\Filipe\\Master\\HighCharts-Gantt-Os06\\src\\js\\workers\\parametres-url-oris-worker.js","s":{"1":1,"2":1,"3":1,"4":1,"5":0,"6":0,"7":0,"8":0,"9":0,"10":0,"11":0,"12":0,"13":0,"14":1,"15":1,"16":1,"17":1,"18":21,"19":21,"20":7,"21":7,"22":7,"23":7,"24":21,"25":0,"26":1,"27":7,"28":7,"29":5,"30":4,"31":3,"32":4,"33":4,"34":7,"35":7,"36":1,"37":2,"38":2,"39":2,"40":2,"41":2,"42":2,"43":2,"44":1,"45":1,"46":1,"47":1,"48":1,"49":2,"50":0,"51":0,"52":0,"53":0,"54":2,"55":1,"56":5,"57":5,"58":5,"59":5,"60":4,"61":1,"62":1,"63":4,"64":4,"65":4,"66":4,"67":4,"68":1,"69":4,"70":1,"71":3,"72":0,"73":3,"74":0,"75":3,"76":3,"77":3,"78":10,"79":10,"80":10,"81":10,"82":4,"83":4,"84":6,"85":0,"86":0,"87":6,"88":3,"89":3,"90":3,"91":1,"92":4,"93":4},"b":{"1":[0,0],"2":[0,0],"3":[0,0],"4":[7,14],"5":[7,0],"6":[0,21],"7":[1,1],"8":[1,3],"9":[0,3],"10":[0,3],"11":[4,6],"12":[0,6],"13":[6,3],"14":[3,0],"15":[3,1]},"f":{"1":1,"2":0,"3":0,"4":0,"5":0,"6":21,"7":7,"8":5,"9":4,"10":3,"11":4,"12":7,"13":2,"14":2,"15":2,"16":0,"17":5,"18":4,"19":4,"20":3,"21":4},"fnMap":{"1":{"name":"(anonymous_1)","line":25,"loc":{"start":{"line":25,"column":15},"end":{"line":25,"column":25}}},"2":{"name":"(anonymous_2)","line":30,"loc":{"start":{"line":30,"column":15},"end":{"line":30,"column":41}}},"3":{"name":"(anonymous_3)","line":39,"loc":{"start":{"line":39,"column":16},"end":{"line":39,"column":27}}},"4":{"name":"(anonymous_4)","line":44,"loc":{"start":{"line":44,"column":13},"end":{"line":44,"column":35}}},"5":{"name":"(anonymous_5)","line":49,"loc":{"start":{"line":49,"column":28},"end":{"line":49,"column":43}}},"6":{"name":"(anonymous_6)","line":66,"loc":{"start":{"line":66,"column":17},"end":{"line":66,"column":33}}},"7":{"name":"autoUpdateData","line":92,"loc":{"start":{"line":92,"column":0},"end":{"line":92,"column":29}}},"8":{"name":"(anonymous_8)","line":96,"loc":{"start":{"line":96,"column":10},"end":{"line":96,"column":30}}},"9":{"name":"(anonymous_9)","line":99,"loc":{"start":{"line":99,"column":10},"end":{"line":99,"column":26}}},"10":{"name":"(anonymous_10)","line":102,"loc":{"start":{"line":102,"column":10},"end":{"line":102,"column":30}}},"11":{"name":"(anonymous_11)","line":105,"loc":{"start":{"line":105,"column":11},"end":{"line":105,"column":26}}},"12":{"name":"(anonymous_12)","line":109,"loc":{"start":{"line":109,"column":13},"end":{"line":109,"column":28}}},"13":{"name":"WORKER_GET","line":124,"loc":{"start":{"line":124,"column":0},"end":{"line":124,"column":25}}},"14":{"name":"(anonymous_14)","line":127,"loc":{"start":{"line":127,"column":21},"end":{"line":127,"column":47}}},"15":{"name":"(anonymous_15)","line":132,"loc":{"start":{"line":132,"column":17},"end":{"line":132,"column":28}}},"16":{"name":"(anonymous_16)","line":150,"loc":{"start":{"line":150,"column":18},"end":{"line":150,"column":30}}},"17":{"name":"customJsonParse","line":178,"loc":{"start":{"line":178,"column":0},"end":{"line":178,"column":35}}},"18":{"name":"extractData","line":199,"loc":{"start":{"line":199,"column":0},"end":{"line":199,"column":38}}},"19":{"name":"(anonymous_19)","line":204,"loc":{"start":{"line":204,"column":21},"end":{"line":204,"column":47}}},"20":{"name":"updateLocal","line":214,"loc":{"start":{"line":214,"column":0},"end":{"line":214,"column":35}}},"21":{"name":"postError","line":272,"loc":{"start":{"line":272,"column":0},"end":{"line":272,"column":29}}}},"statementMap":{"1":{"start":{"line":25,"column":0},"end":{"line":54,"column":5}},"2":{"start":{"line":26,"column":2},"end":{"line":26,"column":18}},"3":{"start":{"line":27,"column":2},"end":{"line":27,"column":34}},"4":{"start":{"line":29,"column":2},"end":{"line":53,"column":4}},"5":{"start":{"line":32,"column":6},"end":{"line":32,"column":54}},"6":{"start":{"line":32,"column":35},"end":{"line":32,"column":54}},"7":{"start":{"line":35,"column":6},"end":{"line":35,"column":50}},"8":{"start":{"line":38,"column":6},"end":{"line":42,"column":8}},"9":{"start":{"line":40,"column":10},"end":{"line":40,"column":38}},"10":{"start":{"line":46,"column":6},"end":{"line":46,"column":42}},"11":{"start":{"line":46,"column":35},"end":{"line":46,"column":42}},"12":{"start":{"line":49,"column":6},"end":{"line":51,"column":9}},"13":{"start":{"line":50,"column":8},"end":{"line":50,"column":45}},"14":{"start":{"line":57,"column":0},"end":{"line":57,"column":23}},"15":{"start":{"line":59,"column":0},"end":{"line":59,"column":22}},"16":{"start":{"line":62,"column":0},"end":{"line":62,"column":26}},"17":{"start":{"line":66,"column":0},"end":{"line":82,"column":2}},"18":{"start":{"line":67,"column":2},"end":{"line":67,"column":64}},"19":{"start":{"line":70,"column":2},"end":{"line":76,"column":3}},"20":{"start":{"line":71,"column":4},"end":{"line":71,"column":70}},"21":{"start":{"line":72,"column":4},"end":{"line":72,"column":38}},"22":{"start":{"line":74,"column":4},"end":{"line":75,"column":49}},"23":{"start":{"line":75,"column":6},"end":{"line":75,"column":49}},"24":{"start":{"line":79,"column":2},"end":{"line":80,"column":71}},"25":{"start":{"line":80,"column":4},"end":{"line":80,"column":71}},"26":{"start":{"line":92,"column":0},"end":{"line":114,"column":1}},"27":{"start":{"line":93,"column":2},"end":{"line":93,"column":57}},"28":{"start":{"line":95,"column":2},"end":{"line":112,"column":7}},"29":{"start":{"line":97,"column":6},"end":{"line":97,"column":39}},"30":{"start":{"line":100,"column":6},"end":{"line":100,"column":31}},"31":{"start":{"line":103,"column":6},"end":{"line":103,"column":35}},"32":{"start":{"line":106,"column":6},"end":{"line":106,"column":29}},"33":{"start":{"line":107,"column":6},"end":{"line":107,"column":16}},"34":{"start":{"line":110,"column":6},"end":{"line":110,"column":68}},"35":{"start":{"line":111,"column":6},"end":{"line":111,"column":37}},"36":{"start":{"line":124,"column":0},"end":{"line":171,"column":1}},"37":{"start":{"line":125,"column":2},"end":{"line":125,"column":52}},"38":{"start":{"line":127,"column":2},"end":{"line":170,"column":5}},"39":{"start":{"line":129,"column":4},"end":{"line":129,"column":35}},"40":{"start":{"line":130,"column":4},"end":{"line":130,"column":31}},"41":{"start":{"line":132,"column":4},"end":{"line":147,"column":6}},"42":{"start":{"line":133,"column":6},"end":{"line":133,"column":63}},"43":{"start":{"line":136,"column":6},"end":{"line":146,"column":7}},"44":{"start":{"line":137,"column":8},"end":{"line":137,"column":69}},"45":{"start":{"line":138,"column":8},"end":{"line":138,"column":30}},"46":{"start":{"line":143,"column":8},"end":{"line":143,"column":88}},"47":{"start":{"line":144,"column":8},"end":{"line":144,"column":32}},"48":{"start":{"line":145,"column":8},"end":{"line":145,"column":27}},"49":{"start":{"line":150,"column":4},"end":{"line":155,"column":6}},"50":{"start":{"line":151,"column":6},"end":{"line":151,"column":63}},"51":{"start":{"line":152,"column":6},"end":{"line":152,"column":102}},"52":{"start":{"line":153,"column":6},"end":{"line":153,"column":81}},"53":{"start":{"line":154,"column":6},"end":{"line":154,"column":92}},"54":{"start":{"line":169,"column":4},"end":{"line":169,"column":15}},"55":{"start":{"line":178,"column":0},"end":{"line":188,"column":1}},"56":{"start":{"line":179,"column":2},"end":{"line":179,"column":66}},"57":{"start":{"line":180,"column":2},"end":{"line":180,"column":20}},"58":{"start":{"line":181,"column":2},"end":{"line":187,"column":3}},"59":{"start":{"line":182,"column":4},"end":{"line":182,"column":29}},"60":{"start":{"line":183,"column":4},"end":{"line":183,"column":13}},"61":{"start":{"line":186,"column":4},"end":{"line":186,"column":91}},"62":{"start":{"line":199,"column":0},"end":{"line":212,"column":1}},"63":{"start":{"line":200,"column":2},"end":{"line":200,"column":65}},"64":{"start":{"line":201,"column":2},"end":{"line":201,"column":69}},"65":{"start":{"line":202,"column":2},"end":{"line":202,"column":84}},"66":{"start":{"line":204,"column":2},"end":{"line":211,"column":5}},"67":{"start":{"line":206,"column":4},"end":{"line":207,"column":87}},"68":{"start":{"line":207,"column":6},"end":{"line":207,"column":87}},"69":{"start":{"line":210,"column":4},"end":{"line":210,"column":53}},"70":{"start":{"line":214,"column":0},"end":{"line":266,"column":1}},"71":{"start":{"line":215,"column":2},"end":{"line":216,"column":57}},"72":{"start":{"line":216,"column":4},"end":{"line":216,"column":57}},"73":{"start":{"line":217,"column":2},"end":{"line":218,"column":79}},"74":{"start":{"line":218,"column":4},"end":{"line":218,"column":79}},"75":{"start":{"line":220,"column":2},"end":{"line":220,"column":63}},"76":{"start":{"line":222,"column":2},"end":{"line":224,"column":35}},"77":{"start":{"line":227,"column":2},"end":{"line":252,"column":3}},"78":{"start":{"line":228,"column":4},"end":{"line":228,"column":70}},"79":{"start":{"line":231,"column":4},"end":{"line":233,"column":59}},"80":{"start":{"line":235,"column":4},"end":{"line":235,"column":69}},"81":{"start":{"line":238,"column":4},"end":{"line":241,"column":5}},"82":{"start":{"line":239,"column":6},"end":{"line":239,"column":82}},"83":{"start":{"line":240,"column":6},"end":{"line":240,"column":15}},"84":{"start":{"line":244,"column":4},"end":{"line":248,"column":5}},"85":{"start":{"line":246,"column":6},"end":{"line":246,"column":52}},"86":{"start":{"line":247,"column":6},"end":{"line":247,"column":15}},"87":{"start":{"line":251,"column":4},"end":{"line":251,"column":122}},"88":{"start":{"line":255,"column":2},"end":{"line":260,"column":3}},"89":{"start":{"line":256,"column":4},"end":{"line":259,"column":7}},"90":{"start":{"line":262,"column":2},"end":{"line":265,"column":4}},"91":{"start":{"line":272,"column":0},"end":{"line":277,"column":1}},"92":{"start":{"line":273,"column":2},"end":{"line":273,"column":63}},"93":{"start":{"line":274,"column":2},"end":{"line":276,"column":5}}},"branchMap":{"1":{"line":32,"type":"if","locations":[{"start":{"line":32,"column":6},"end":{"line":32,"column":6}},{"start":{"line":32,"column":6},"end":{"line":32,"column":6}}]},"2":{"line":46,"type":"if","locations":[{"start":{"line":46,"column":6},"end":{"line":46,"column":6}},{"start":{"line":46,"column":6},"end":{"line":46,"column":6}}]},"3":{"line":50,"type":"cond-expr","locations":[{"start":{"line":50,"column":34},"end":{"line":50,"column":38}},{"start":{"line":50,"column":41},"end":{"line":50,"column":43}}]},"4":{"line":70,"type":"if","locations":[{"start":{"line":70,"column":2},"end":{"line":70,"column":2}},{"start":{"line":70,"column":2},"end":{"line":70,"column":2}}]},"5":{"line":74,"type":"if","locations":[{"start":{"line":74,"column":4},"end":{"line":74,"column":4}},{"start":{"line":74,"column":4},"end":{"line":74,"column":4}}]},"6":{"line":79,"type":"if","locations":[{"start":{"line":79,"column":2},"end":{"line":79,"column":2}},{"start":{"line":79,"column":2},"end":{"line":79,"column":2}}]},"7":{"line":136,"type":"if","locations":[{"start":{"line":136,"column":6},"end":{"line":136,"column":6}},{"start":{"line":136,"column":6},"end":{"line":136,"column":6}}]},"8":{"line":206,"type":"if","locations":[{"start":{"line":206,"column":4},"end":{"line":206,"column":4}},{"start":{"line":206,"column":4},"end":{"line":206,"column":4}}]},"9":{"line":215,"type":"if","locations":[{"start":{"line":215,"column":2},"end":{"line":215,"column":2}},{"start":{"line":215,"column":2},"end":{"line":215,"column":2}}]},"10":{"line":217,"type":"if","locations":[{"start":{"line":217,"column":2},"end":{"line":217,"column":2}},{"start":{"line":217,"column":2},"end":{"line":217,"column":2}}]},"11":{"line":238,"type":"if","locations":[{"start":{"line":238,"column":4},"end":{"line":238,"column":4}},{"start":{"line":238,"column":4},"end":{"line":238,"column":4}}]},"12":{"line":244,"type":"if","locations":[{"start":{"line":244,"column":4},"end":{"line":244,"column":4}},{"start":{"line":244,"column":4},"end":{"line":244,"column":4}}]},"13":{"line":244,"type":"binary-expr","locations":[{"start":{"line":244,"column":8},"end":{"line":244,"column":29}},{"start":{"line":245,"column":11},"end":{"line":245,"column":86}}]},"14":{"line":255,"type":"if","locations":[{"start":{"line":255,"column":2},"end":{"line":255,"column":2}},{"start":{"line":255,"column":2},"end":{"line":255,"column":2}}]},"15":{"line":255,"type":"binary-expr","locations":[{"start":{"line":255,"column":6},"end":{"line":255,"column":42}},{"start":{"line":255,"column":46},"end":{"line":255,"column":82}}]}},"l":{"25":1,"26":1,"27":1,"29":1,"32":0,"35":0,"38":0,"40":0,"46":0,"49":0,"50":0,"57":1,"59":1,"62":1,"66":1,"67":21,"70":21,"71":7,"72":7,"74":7,"75":7,"79":21,"80":0,"92":1,"93":7,"95":7,"97":5,"100":4,"103":3,"106":4,"107":4,"110":7,"111":7,"124":1,"125":2,"127":2,"129":2,"130":2,"132":2,"133":2,"136":2,"137":1,"138":1,"143":1,"144":1,"145":1,"150":2,"151":0,"152":0,"153":0,"154":0,"169":2,"178":1,"179":5,"180":5,"181":5,"182":5,"183":4,"186":1,"199":1,"200":4,"201":4,"202":4,"204":4,"206":4,"207":1,"210":4,"214":1,"215":3,"216":0,"217":3,"218":0,"220":3,"222":3,"227":3,"228":10,"231":10,"235":10,"238":10,"239":4,"240":4,"244":6,"246":0,"247":0,"251":6,"255":3,"256":3,"262":3,"272":1,"273":4,"274":4}}}
