TN:
SF:C:\Users\OSMOSE\Desktop\Filipe\Master\HighCharts-Gantt-Os06\src\js\index.js
FN:13,(anonymous_1)
FNF:1
FNH:0
FNDA:0,(anonymous_1)
DA:13,1
DA:14,0
DA:15,0
LF:3
LH:1
BRDA:14,1,0,0
BRDA:14,1,1,0
BRF:2
BRH:0
end_of_record
TN:
SF:C:\Users\OSMOSE\Desktop\Filipe\Master\HighCharts-Gantt-Os06\src\js\models\oris-data.model.js
FN:15,OrisData
FN:23,(anonymous_2)
FN:38,(anonymous_3)
FN:46,(anonymous_4)
FN:55,(anonymous_5)
FN:93,(anonymous_6)
FN:102,(anonymous_7)
FN:116,(anonymous_8)
FN:121,(anonymous_9)
FN:146,(anonymous_10)
FN:151,(anonymous_11)
FN:163,(anonymous_12)
FN:168,(anonymous_13)
FN:201,isValidHexColor
FNF:14
FNH:14
FNDA:29,OrisData
FNDA:29,(anonymous_2)
FNDA:323,(anonymous_3)
FNDA:63,(anonymous_4)
FNDA:29,(anonymous_5)
FNDA:62,(anonymous_6)
FNDA:29,(anonymous_7)
FNDA:92,(anonymous_8)
FNDA:29,(anonymous_9)
FNDA:63,(anonymous_10)
FNDA:29,(anonymous_11)
FNDA:63,(anonymous_12)
FNDA:29,(anonymous_13)
FNDA:13,isValidHexColor
DA:15,1
DA:16,29
DA:17,29
DA:18,29
DA:19,29
DA:20,29
DA:21,29
DA:23,29
DA:24,29
DA:25,29
DA:26,29
DA:27,29
DA:28,29
DA:32,29
DA:38,1
DA:39,323
DA:46,1
DA:47,63
DA:55,1
DA:56,29
DA:57,2
DA:59,27
DA:65,27
DA:67,1
DA:70,1
DA:73,1
DA:76,1
DA:79,1
DA:82,1
DA:85,21
DA:93,1
DA:94,62
DA:102,1
DA:103,29
DA:104,13
DA:107,16
DA:108,16
DA:116,1
DA:117,92
DA:121,1
DA:122,29
DA:123,1
DA:125,28
DA:146,1
DA:147,63
DA:151,1
DA:152,29
DA:154,29
DA:163,1
DA:164,63
DA:168,1
DA:169,29
DA:170,16
DA:172,13
DA:176,13
DA:201,1
DA:202,13
LF:57
LH:57
BRDA:47,1,0,34
BRDA:47,1,1,29
BRDA:56,2,0,2
BRDA:56,2,1,27
BRDA:59,3,0,14
BRDA:59,3,1,13
BRDA:65,4,0,1
BRDA:65,4,1,1
BRDA:65,4,2,1
BRDA:65,4,3,1
BRDA:65,4,4,1
BRDA:65,4,5,1
BRDA:65,4,6,21
BRDA:94,5,0,33
BRDA:94,5,1,29
BRDA:103,6,0,13
BRDA:103,6,1,16
BRDA:103,7,0,29
BRDA:103,7,1,17
BRDA:103,7,2,16
BRDA:108,8,0,0
BRDA:108,8,1,16
BRDA:117,9,0,63
BRDA:117,9,1,29
BRDA:122,10,0,1
BRDA:122,10,1,28
BRDA:125,11,0,1
BRDA:125,11,1,27
BRDA:147,12,0,34
BRDA:147,12,1,29
BRDA:154,13,0,2
BRDA:154,13,1,27
BRDA:164,14,0,34
BRDA:164,14,1,29
BRDA:169,15,0,16
BRDA:169,15,1,13
BRDA:169,16,0,29
BRDA:169,16,1,21
BRDA:172,17,0,1
BRDA:172,17,1,12
BRDA:176,18,0,0
BRDA:176,18,1,13
BRF:42
BRH:40
end_of_record
TN:
SF:C:\Users\OSMOSE\Desktop\Filipe\Master\HighCharts-Gantt-Os06\src\js\models\oris-gantt-task.model.js
FN:20,OrisGanttTask
FN:34,(anonymous_2)
FN:60,(anonymous_3)
FN:66,(anonymous_4)
FN:69,(anonymous_5)
FNF:5
FNH:0
FNDA:0,OrisGanttTask
FNDA:0,(anonymous_2)
FNDA:0,(anonymous_3)
FNDA:0,(anonymous_4)
FNDA:0,(anonymous_5)
DA:20,1
DA:22,0
DA:24,0
DA:26,0
DA:34,0
DA:36,0
DA:39,0
DA:40,0
DA:42,0
DA:44,0
DA:60,1
DA:61,0
DA:66,1
DA:67,0
DA:69,1
DA:70,0
LF:16
LH:4
BRDA:61,1,0,0
BRDA:61,1,1,0
BRDA:61,1,2,0
BRDA:61,1,3,0
BRF:4
BRH:0
end_of_record
TN:
SF:C:\Users\OSMOSE\Desktop\Filipe\Master\HighCharts-Gantt-Os06\src\js\utils\exceptions.js
FN:18,(anonymous_1)
FN:34,(anonymous_2)
FN:50,(anonymous_3)
FN:69,(anonymous_4)
FN:87,(anonymous_5)
FN:99,(anonymous_6)
FN:115,(anonymous_7)
FN:122,(anonymous_8)
FNF:8
FNH:5
FNDA:13,(anonymous_1)
FNDA:3,(anonymous_2)
FNDA:5,(anonymous_3)
FNDA:3,(anonymous_4)
FNDA:2,(anonymous_5)
FNDA:0,(anonymous_6)
FNDA:0,(anonymous_7)
FNDA:0,(anonymous_8)
DA:1,1
DA:19,13
DA:20,13
DA:21,13
DA:35,3
DA:51,5
DA:70,3
DA:88,2
DA:100,0
DA:116,0
DA:123,0
LF:11
LH:8
BRDA:21,1,0,13
BRDA:21,1,1,5
BRF:2
BRH:2
end_of_record
TN:
SF:C:\Users\OSMOSE\Desktop\Filipe\Master\HighCharts-Gantt-Os06\src\js\utils\logger-module.js
FN:12,(anonymous_1)
FN:18,(anonymous_2)
FN:19,(anonymous_3)
FN:20,(anonymous_4)
FN:21,(anonymous_5)
FN:22,(anonymous_6)
FNF:6
FNH:4
FNDA:1,(anonymous_1)
FNDA:2,(anonymous_2)
FNDA:5,(anonymous_3)
FNDA:5,(anonymous_4)
FNDA:0,(anonymous_5)
FNDA:0,(anonymous_6)
DA:12,1
DA:13,1
DA:19,2
DA:20,2
DA:21,2
DA:22,2
DA:23,2
LF:7
LH:7
BRDA:19,1,0,0
BRDA:19,1,1,2
BRDA:20,2,0,0
BRDA:20,2,1,2
BRDA:21,3,0,0
BRDA:21,3,1,2
BRDA:22,4,0,0
BRDA:22,4,1,2
BRF:8
BRH:4
end_of_record
TN:
SF:C:\Users\OSMOSE\Desktop\Filipe\Master\HighCharts-Gantt-Os06\src\js\utils\parametres-url-oris.js
FN:22,ParametresUrlOris
FN:95,(anonymous_2)
FN:96,(anonymous_3)
FN:115,(anonymous_4)
FN:137,(anonymous_5)
FN:150,genererParamData
FN:167,generateID_Oris
FN:183,generateHost
FN:194,(anonymous_9)
FNF:9
FNH:8
FNDA:2,ParametresUrlOris
FNDA:2,(anonymous_2)
FNDA:2,(anonymous_3)
FNDA:1,(anonymous_4)
FNDA:1,(anonymous_5)
FNDA:1,genererParamData
FNDA:2,generateID_Oris
FNDA:2,generateHost
FNDA:0,(anonymous_9)
DA:22,1
DA:24,2
DA:82,2
DA:85,2
DA:86,2
DA:95,2
DA:96,2
DA:98,2
DA:100,2
DA:101,2
DA:102,2
DA:115,2
DA:116,1
DA:117,0
DA:120,1
DA:127,1
DA:128,1
DA:137,2
DA:138,1
DA:150,1
DA:151,1
DA:152,1
DA:153,4
DA:156,3
DA:158,1
DA:167,1
DA:168,2
DA:169,2
DA:170,2
DA:171,2
DA:173,0
DA:183,1
DA:184,2
DA:185,2
DA:186,0
DA:187,2
DA:191,2
DA:194,1
DA:195,0
DA:196,0
DA:197,0
DA:198,0
DA:202,0
DA:203,0
DA:205,0
LF:45
LH:35
BRDA:116,1,0,0
BRDA:116,1,1,1
BRDA:153,2,0,3
BRDA:153,2,1,1
BRDA:153,3,0,4
BRDA:153,3,1,4
BRDA:153,3,2,4
BRDA:169,4,0,2
BRDA:169,4,1,0
BRDA:184,5,0,2
BRDA:184,5,1,2
BRDA:185,6,0,0
BRDA:185,6,1,2
BRDA:197,7,0,0
BRDA:197,7,1,0
BRDA:202,8,0,0
BRDA:202,8,1,0
BRF:17
BRH:10
end_of_record
TN:
SF:C:\Users\OSMOSE\Desktop\Filipe\Master\HighCharts-Gantt-Os06\src\js\utils\parametres-url.js
FN:20,ParametresUrl
FN:49,(anonymous_2)
FN:75,(anonymous_3)
FN:85,(anonymous_4)
FN:94,(anonymous_5)
FN:106,(anonymous_6)
FNF:6
FNH:4
FNDA:8,ParametresUrl
FNDA:5,(anonymous_2)
FNDA:2,(anonymous_3)
FNDA:0,(anonymous_4)
FNDA:4,(anonymous_5)
FNDA:0,(anonymous_6)
DA:20,1
DA:23,8
DA:24,2
DA:25,6
DA:26,6
DA:29,6
DA:31,6
DA:34,6
DA:35,6
DA:37,6
DA:39,6
DA:41,6
DA:49,6
DA:51,5
DA:52,3
DA:55,5
DA:56,4
DA:57,4
DA:58,4
DA:61,4
DA:64,3
DA:67,1
DA:75,6
DA:76,2
DA:85,6
DA:86,0
DA:94,6
DA:95,4
DA:96,4
DA:97,4
DA:99,8
DA:100,4
DA:102,4
DA:103,1
DA:106,6
LF:35
LH:34
BRDA:23,1,0,2
BRDA:23,1,1,6
BRDA:25,2,0,6
BRDA:25,2,1,3
BRDA:26,3,0,6
BRDA:26,3,1,3
BRDA:51,4,0,3
BRDA:51,4,1,2
BRDA:99,5,0,4
BRDA:99,5,1,4
BRDA:102,6,0,1
BRDA:102,6,1,3
BRF:12
BRH:12
end_of_record
TN:
SF:C:\Users\OSMOSE\Desktop\Filipe\Master\HighCharts-Gantt-Os06\src\js\utils\shared.js
FN:16,(anonymous_1)
FN:47,(anonymous_2)
FN:127,(anonymous_3)
FN:147,(anonymous_4)
FN:148,(anonymous_5)
FN:157,(anonymous_6)
FNF:6
FNH:3
FNDA:5,(anonymous_1)
FNDA:5,(anonymous_2)
FNDA:0,(anonymous_3)
FNDA:0,(anonymous_4)
FNDA:0,(anonymous_5)
FNDA:28,(anonymous_6)
DA:2,1
DA:17,5
DA:18,5
DA:19,5
DA:20,5
DA:21,5
DA:22,0
DA:24,5
DA:48,5
DA:53,5
DA:63,5
DA:64,3
DA:65,2
DA:67,1
DA:71,2
DA:74,2
DA:75,0
DA:76,0
DA:77,0
DA:81,2
DA:82,2
DA:85,2
DA:87,2
DA:88,2
DA:90,6
DA:91,0
DA:93,6
DA:96,6
DA:98,0
DA:101,6
DA:102,2
DA:103,2
DA:105,0
DA:106,0
DA:107,0
DA:109,0
DA:111,6
DA:113,6
DA:114,0
DA:116,6
DA:118,2
DA:128,0
DA:130,0
DA:132,0
DA:134,0
DA:135,0
DA:136,0
DA:139,0
DA:142,0
DA:143,0
DA:146,0
DA:147,0
DA:148,0
DA:158,28
DA:159,1
DA:160,1
LF:56
LH:33
BRDA:21,1,0,0
BRDA:21,1,1,5
BRDA:63,2,0,3
BRDA:63,2,1,2
BRDA:64,3,0,2
BRDA:64,3,1,1
BRDA:74,4,0,0
BRDA:74,4,1,2
BRDA:75,5,0,0
BRDA:75,5,1,0
BRDA:81,6,0,2
BRDA:81,6,1,0
BRDA:90,7,0,0
BRDA:90,7,1,6
BRDA:96,8,0,0
BRDA:96,8,1,6
BRDA:96,9,0,6
BRDA:96,9,1,6
BRDA:96,9,2,6
BRDA:101,10,0,2
BRDA:101,10,1,4
BRDA:105,11,0,0
BRDA:105,11,1,0
BRDA:113,12,0,0
BRDA:113,12,1,6
BRDA:128,13,0,0
BRDA:128,13,1,0
BRDA:128,14,0,0
BRDA:128,14,1,0
BRDA:128,14,2,0
BRDA:128,14,3,0
BRDA:130,15,0,0
BRDA:130,15,1,0
BRDA:132,16,0,0
BRDA:132,16,1,0
BRDA:134,17,0,0
BRDA:134,17,1,0
BRDA:135,18,0,0
BRDA:135,18,1,0
BRDA:135,19,0,0
BRDA:135,19,1,0
BRDA:136,20,0,0
BRDA:136,20,1,0
BRDA:136,21,0,0
BRDA:136,21,1,0
BRDA:139,22,0,0
BRDA:139,22,1,0
BRDA:142,23,0,0
BRDA:142,23,1,0
BRDA:143,24,0,0
BRDA:143,24,1,0
BRDA:147,25,0,0
BRDA:147,25,1,0
BRDA:158,26,0,27
BRDA:158,26,1,1
BRF:55
BRH:17
end_of_record
TN:
SF:C:\Users\OSMOSE\Desktop\Filipe\Master\HighCharts-Gantt-Os06\src\js\workers\parametres-url-oris-worker.js
FN:25,(anonymous_1)
FN:30,(anonymous_2)
FN:39,(anonymous_3)
FN:44,(anonymous_4)
FN:49,(anonymous_5)
FN:65,(anonymous_6)
FN:86,initXMLHttpRequest
FN:88,(anonymous_8)
FN:139,autoUpdateData
FN:155,GET
FN:157,(anonymous_11)
FN:162,(anonymous_12)
FN:176,(anonymous_13)
FN:195,responseRootNameToJson
FN:208,updateLocal
FN:249,postError
FNF:16
FNH:1
FNDA:1,(anonymous_1)
FNDA:0,(anonymous_2)
FNDA:0,(anonymous_3)
FNDA:0,(anonymous_4)
FNDA:0,(anonymous_5)
FNDA:0,(anonymous_6)
FNDA:0,initXMLHttpRequest
FNDA:0,(anonymous_8)
FNDA:0,autoUpdateData
FNDA:0,GET
FNDA:0,(anonymous_11)
FNDA:0,(anonymous_12)
FNDA:0,(anonymous_13)
FNDA:0,responseRootNameToJson
FNDA:0,updateLocal
FNDA:0,postError
DA:25,1
DA:26,1
DA:27,1
DA:29,1
DA:32,0
DA:35,0
DA:38,0
DA:40,0
DA:46,0
DA:49,0
DA:50,0
DA:57,1
DA:59,1
DA:62,1
DA:65,1
DA:67,0
DA:68,0
DA:69,0
DA:75,0
DA:76,0
DA:79,0
DA:80,0
DA:86,1
DA:88,0
DA:89,0
DA:90,0
DA:92,0
DA:95,0
DA:96,0
DA:99,0
DA:102,0
DA:103,0
DA:106,0
DA:111,0
DA:112,0
DA:118,0
DA:123,0
DA:139,1
DA:140,0
DA:155,1
DA:157,0
DA:159,0
DA:160,0
DA:162,0
DA:165,0
DA:166,0
DA:171,0
DA:176,0
DA:177,0
DA:181,0
DA:195,1
DA:197,0
DA:199,0
DA:205,0
DA:208,1
DA:209,0
DA:214,0
DA:216,0
DA:221,0
DA:222,0
DA:223,0
DA:227,0
DA:229,0
DA:232,0
DA:236,0
DA:237,0
DA:249,1
DA:250,0
LF:68
LH:14
BRDA:32,1,0,0
BRDA:32,1,1,0
BRDA:46,2,0,0
BRDA:46,2,1,0
BRDA:50,3,0,0
BRDA:50,3,1,0
BRDA:67,4,0,0
BRDA:67,4,1,0
BRDA:75,5,0,0
BRDA:75,5,1,0
BRDA:79,6,0,0
BRDA:79,6,1,0
BRDA:90,7,0,0
BRDA:90,7,1,0
BRDA:92,8,0,0
BRDA:92,8,1,0
BRDA:111,9,0,0
BRDA:111,9,1,0
BRDA:165,10,0,0
BRDA:165,10,1,0
BRDA:221,11,0,0
BRDA:221,11,1,0
BRDA:227,12,0,0
BRDA:227,12,1,0
BRDA:227,13,0,0
BRDA:227,13,1,0
BRDA:236,14,0,0
BRDA:236,14,1,0
BRF:28
BRH:0
end_of_record
