TN:
SF:C:\Users\OSMOSE\Desktop\Filipe\Master\HighCharts-Gantt-Os06\src\js\index.js
FNF:0
FNH:0
LF:0
LH:0
BRF:0
BRH:0
end_of_record
TN:
SF:C:\Users\OSMOSE\Desktop\Filipe\Master\HighCharts-Gantt-Os06\src\js\utils\exceptions.js
FN:18,(anonymous_1)
FN:34,(anonymous_2)
FN:50,(anonymous_3)
FN:69,(anonymous_4)
FN:87,(anonymous_5)
FN:99,(anonymous_6)
FN:115,(anonymous_7)
FN:122,(anonymous_8)
FNF:8
FNH:5
FNDA:13,(anonymous_1)
FNDA:3,(anonymous_2)
FNDA:5,(anonymous_3)
FNDA:3,(anonymous_4)
FNDA:2,(anonymous_5)
FNDA:0,(anonymous_6)
FNDA:0,(anonymous_7)
FNDA:0,(anonymous_8)
DA:1,1
DA:19,13
DA:20,13
DA:21,13
DA:35,3
DA:51,5
DA:70,3
DA:88,2
DA:100,0
DA:116,0
DA:123,0
LF:11
LH:8
BRDA:21,1,0,13
BRDA:21,1,1,5
BRF:2
BRH:2
end_of_record
TN:
SF:C:\Users\OSMOSE\Desktop\Filipe\Master\HighCharts-Gantt-Os06\src\js\utils\logger-module.js
FN:12,(anonymous_1)
FN:18,(anonymous_2)
FN:19,(anonymous_3)
FN:20,(anonymous_4)
FN:21,(anonymous_5)
FN:22,(anonymous_6)
FNF:6
FNH:4
FNDA:1,(anonymous_1)
FNDA:2,(anonymous_2)
FNDA:5,(anonymous_3)
FNDA:5,(anonymous_4)
FNDA:0,(anonymous_5)
FNDA:0,(anonymous_6)
DA:12,1
DA:13,1
DA:19,2
DA:20,2
DA:21,2
DA:22,2
DA:23,2
LF:7
LH:7
BRDA:19,1,0,0
BRDA:19,1,1,2
BRDA:20,2,0,0
BRDA:20,2,1,2
BRDA:21,3,0,0
BRDA:21,3,1,2
BRDA:22,4,0,0
BRDA:22,4,1,2
BRF:8
BRH:4
end_of_record
TN:
SF:C:\Users\OSMOSE\Desktop\Filipe\Master\HighCharts-Gantt-Os06\src\js\utils\parametres-url-oris.js
FN:15,ParametresUrlOris
FN:35,(anonymous_2)
FN:36,(anonymous_3)
FN:55,(anonymous_4)
FN:77,(anonymous_5)
FN:90,genererParamData
FN:107,generateID_Oris
FN:123,generateHost
FNF:8
FNH:8
FNDA:2,ParametresUrlOris
FNDA:2,(anonymous_2)
FNDA:2,(anonymous_3)
FNDA:1,(anonymous_4)
FNDA:1,(anonymous_5)
FNDA:1,genererParamData
FNDA:2,generateID_Oris
FNDA:2,generateHost
DA:15,1
DA:17,2
DA:23,2
DA:26,2
DA:27,2
DA:35,2
DA:36,2
DA:38,2
DA:40,2
DA:41,2
DA:42,2
DA:55,2
DA:56,1
DA:57,0
DA:60,1
DA:67,1
DA:68,1
DA:77,2
DA:78,1
DA:90,1
DA:91,1
DA:92,1
DA:93,4
DA:96,3
DA:98,1
DA:107,1
DA:108,2
DA:109,2
DA:110,2
DA:111,2
DA:113,0
DA:123,1
DA:124,2
DA:125,2
DA:126,0
DA:127,2
DA:131,2
LF:37
LH:34
BRDA:56,1,0,0
BRDA:56,1,1,1
BRDA:93,2,0,3
BRDA:93,2,1,1
BRDA:93,3,0,4
BRDA:93,3,1,4
BRDA:93,3,2,4
BRDA:109,4,0,2
BRDA:109,4,1,0
BRDA:124,5,0,2
BRDA:124,5,1,2
BRDA:125,6,0,0
BRDA:125,6,1,2
BRF:13
BRH:10
end_of_record
TN:
SF:C:\Users\OSMOSE\Desktop\Filipe\Master\HighCharts-Gantt-Os06\src\js\utils\parametres-url.js
FN:20,ParametresUrl
FN:49,(anonymous_2)
FN:75,(anonymous_3)
FN:85,(anonymous_4)
FN:94,(anonymous_5)
FN:106,(anonymous_6)
FNF:6
FNH:4
FNDA:8,ParametresUrl
FNDA:5,(anonymous_2)
FNDA:2,(anonymous_3)
FNDA:0,(anonymous_4)
FNDA:4,(anonymous_5)
FNDA:0,(anonymous_6)
DA:20,1
DA:23,8
DA:24,2
DA:25,6
DA:26,6
DA:29,6
DA:31,6
DA:34,6
DA:35,6
DA:37,6
DA:39,6
DA:41,6
DA:49,6
DA:51,5
DA:52,3
DA:55,5
DA:56,4
DA:57,4
DA:58,4
DA:61,4
DA:64,3
DA:67,1
DA:75,6
DA:76,2
DA:85,6
DA:86,0
DA:94,6
DA:95,4
DA:96,4
DA:97,4
DA:99,8
DA:100,4
DA:102,4
DA:103,1
DA:106,6
LF:35
LH:34
BRDA:23,1,0,2
BRDA:23,1,1,6
BRDA:25,2,0,6
BRDA:25,2,1,3
BRDA:26,3,0,6
BRDA:26,3,1,3
BRDA:51,4,0,3
BRDA:51,4,1,2
BRDA:99,5,0,4
BRDA:99,5,1,4
BRDA:102,6,0,1
BRDA:102,6,1,3
BRF:12
BRH:12
end_of_record
TN:
SF:C:\Users\OSMOSE\Desktop\Filipe\Master\HighCharts-Gantt-Os06\src\js\utils\shared.js
FN:15,(anonymous_1)
FN:46,(anonymous_2)
FNF:2
FNH:2
FNDA:5,(anonymous_1)
FNDA:5,(anonymous_2)
DA:1,1
DA:16,5
DA:17,5
DA:18,5
DA:19,5
DA:20,5
DA:21,0
DA:23,5
DA:47,5
DA:52,5
DA:62,5
DA:63,3
DA:64,2
DA:66,1
DA:70,2
DA:73,2
DA:74,0
DA:75,0
DA:76,0
DA:80,2
DA:81,2
DA:84,2
DA:86,2
DA:87,2
DA:89,6
DA:90,0
DA:92,6
DA:95,6
DA:97,0
DA:100,6
DA:101,2
DA:102,2
DA:104,0
DA:105,0
DA:106,0
DA:108,0
DA:110,6
DA:112,6
DA:113,0
DA:115,6
DA:117,2
LF:41
LH:30
BRDA:20,1,0,0
BRDA:20,1,1,5
BRDA:62,2,0,3
BRDA:62,2,1,2
BRDA:63,3,0,2
BRDA:63,3,1,1
BRDA:73,4,0,0
BRDA:73,4,1,2
BRDA:74,5,0,0
BRDA:74,5,1,0
BRDA:80,6,0,2
BRDA:80,6,1,0
BRDA:89,7,0,0
BRDA:89,7,1,6
BRDA:95,8,0,0
BRDA:95,8,1,6
BRDA:95,9,0,6
BRDA:95,9,1,6
BRDA:95,9,2,6
BRDA:100,10,0,2
BRDA:100,10,1,4
BRDA:104,11,0,0
BRDA:104,11,1,0
BRDA:112,12,0,0
BRDA:112,12,1,6
BRF:25
BRH:15
end_of_record
TN:
SF:C:\Users\OSMOSE\Desktop\Filipe\Master\HighCharts-Gantt-Os06\src\js\workers\parametres-url-oris-worker.js
FN:25,(anonymous_1)
FN:30,(anonymous_2)
FN:39,(anonymous_3)
FN:44,(anonymous_4)
FN:49,(anonymous_5)
FN:59,(anonymous_6)
FN:68,initXMLHttpRequest
FN:71,(anonymous_8)
FN:114,GET
FNF:9
FNH:1
FNDA:1,(anonymous_1)
FNDA:0,(anonymous_2)
FNDA:0,(anonymous_3)
FNDA:0,(anonymous_4)
FNDA:0,(anonymous_5)
FNDA:0,(anonymous_6)
FNDA:0,initXMLHttpRequest
FNDA:0,(anonymous_8)
FNDA:0,GET
DA:25,1
DA:26,1
DA:27,1
DA:29,1
DA:32,0
DA:35,0
DA:38,0
DA:40,0
DA:46,0
DA:49,0
DA:50,0
DA:56,1
DA:59,1
DA:61,0
DA:64,0
DA:65,0
DA:68,1
DA:71,0
DA:72,0
DA:73,0
DA:75,0
DA:78,0
DA:79,0
DA:82,0
DA:85,0
DA:86,0
DA:89,0
DA:94,0
DA:95,0
DA:101,0
DA:106,0
DA:114,1
DA:115,0
LF:33
LH:8
BRDA:32,1,0,0
BRDA:32,1,1,0
BRDA:46,2,0,0
BRDA:46,2,1,0
BRDA:50,3,0,0
BRDA:50,3,1,0
BRDA:73,4,0,0
BRDA:73,4,1,0
BRDA:75,5,0,0
BRDA:75,5,1,0
BRDA:94,6,0,0
BRDA:94,6,1,0
BRF:12
BRH:0
end_of_record
